2024-03-26 15:27:14,234 [INFO] Activator:177 - 


2024-03-26 15:27:14,236 [INFO] Activator:178 - !SESSION log4j initialized
2024-03-26 15:27:20,615 [INFO] McuFinderGlobals:39 - Set McuFinder mode to 2 (CubeIDE integrated)
2024-03-26 15:27:22,256 [INFO] ApplicationProperties:181 - Using Application install path: C:\ST\STM32CubeIDE_1.7.0\STM32CubeIDE\plugins\com.st.stm32cube.common.mx_6.3.0.202107141111
2024-03-26 15:27:22,264 [INFO] DbMcusXml:74 - Set database path to: C:\ST\STM32CubeIDE_1.7.0\STM32CubeIDE\plugins\com.st.stm32cube.common.mx_6.3.0.202107141111\\db\/mcu/
2024-03-26 15:27:22,267 [INFO] DbBoardsPdsc:56 - Set plugin database path to: C:\ST\STM32CubeIDE_1.7.0\STM32CubeIDE\plugins\com.st.stm32cube.common.mx_6.3.0.202107141111\\db\/plugins/boardmanager/
2024-03-26 15:27:22,267 [INFO] DbMcus:258 - Set plugin images path to: C:\ST\STM32CubeIDE_1.7.0\STM32CubeIDE\plugins\com.st.stm32cube.common.mx_6.3.0.202107141111\\db\/plugins/mcufinder/images/
2024-03-26 15:27:22,268 [INFO] DbBoards:264 - Set plugin images path to: C:\ST\STM32CubeIDE_1.7.0\STM32CubeIDE\plugins\com.st.stm32cube.common.mx_6.3.0.202107141111\\db\/plugins/mcufinder/images/
2024-03-26 15:27:22,269 [INFO] DbExamples:333 - Set plugin images path to: C:\ST\STM32CubeIDE_1.7.0\STM32CubeIDE\plugins\com.st.stm32cube.common.mx_6.3.0.202107141111\\db\/plugins/mcufinder/images/
2024-03-26 15:27:22,272 [INFO] DbMcusAds:119 - Set database path to: C:\Users\ACER\.stmcufinder\plugins\mcufinder//mcu/
2024-03-26 15:27:22,273 [INFO] DbMcusDocs:110 - Set database path to: C:\Users\ACER\.stmcufinder\plugins\mcufinder//mcu/
2024-03-26 15:27:22,274 [INFO] DbMcusJson:64 - Set database path to: C:\Users\ACER\.stmcufinder\plugins\mcufinder//mcu/
2024-03-26 15:27:22,275 [INFO] DbBoardsDocs:110 - Set database path to: C:\Users\ACER\.stmcufinder\plugins\mcufinder//mcu/
2024-03-26 15:27:22,275 [INFO] DbBoardsJson:57 - Set database path to: C:\Users\ACER\.stmcufinder\plugins\mcufinder//mcu/
2024-03-26 15:27:22,277 [INFO] CrossReferenceDbSqlite:196 - Set database path to: C:\Users\ACER\.stmcufinder\plugins\mcufinder//mcu/cs/
2024-03-26 15:27:22,279 [INFO] DbExamplesSqlite:767 - Set database path to: C:\Users\ACER\.stmcufinder\plugins\mcufinder//mcu/
2024-03-26 15:27:22,355 [INFO] RulesReader:57 - Compatibility file has been processed (242 Rules)
2024-03-26 15:27:22,409 [INFO] DbMcusXml:74 - Set database path to: C:\ST\STM32CubeIDE_1.7.0\STM32CubeIDE\plugins\com.st.stm32cube.common.mx_6.3.0.202107141111\\db\/mcu/
2024-03-26 15:27:22,410 [INFO] DbBoardsPdsc:56 - Set plugin database path to: C:\ST\STM32CubeIDE_1.7.0\STM32CubeIDE\plugins\com.st.stm32cube.common.mx_6.3.0.202107141111\\db\/plugins/boardmanager/
2024-03-26 15:27:22,410 [INFO] DbMcus:258 - Set plugin images path to: C:\ST\STM32CubeIDE_1.7.0\STM32CubeIDE\plugins\com.st.stm32cube.common.mx_6.3.0.202107141111\\db\/plugins/mcufinder/images/
2024-03-26 15:27:22,410 [INFO] DbBoards:264 - Set plugin images path to: C:\ST\STM32CubeIDE_1.7.0\STM32CubeIDE\plugins\com.st.stm32cube.common.mx_6.3.0.202107141111\\db\/plugins/mcufinder/images/
2024-03-26 15:27:22,410 [INFO] DbExamples:333 - Set plugin images path to: C:\ST\STM32CubeIDE_1.7.0\STM32CubeIDE\plugins\com.st.stm32cube.common.mx_6.3.0.202107141111\\db\/plugins/mcufinder/images/
2024-03-26 15:27:22,410 [WARN] DbFile:35 - Overriding database path with different value: C:\Users\ACER\.stmcufinder\plugins\mcufinder/ => C:\Users\ACER\.stmcufinder\plugins\mcufinder
2024-03-26 15:27:22,410 [INFO] DbMcusAds:119 - Set database path to: C:\Users\ACER\.stmcufinder\plugins\mcufinder//mcu/
2024-03-26 15:27:22,410 [WARN] DbFile:35 - Overriding database path with different value: C:\Users\ACER\.stmcufinder\plugins\mcufinder/ => C:\Users\ACER\.stmcufinder\plugins\mcufinder
2024-03-26 15:27:22,410 [INFO] DbMcusDocs:110 - Set database path to: C:\Users\ACER\.stmcufinder\plugins\mcufinder//mcu/
2024-03-26 15:27:22,410 [WARN] DbFile:35 - Overriding database path with different value: C:\Users\ACER\.stmcufinder\plugins\mcufinder/ => C:\Users\ACER\.stmcufinder\plugins\mcufinder
2024-03-26 15:27:22,411 [INFO] DbMcusJson:64 - Set database path to: C:\Users\ACER\.stmcufinder\plugins\mcufinder//mcu/
2024-03-26 15:27:22,411 [WARN] DbFile:35 - Overriding database path with different value: C:\Users\ACER\.stmcufinder\plugins\mcufinder/ => C:\Users\ACER\.stmcufinder\plugins\mcufinder
2024-03-26 15:27:22,411 [INFO] DbBoardsDocs:110 - Set database path to: C:\Users\ACER\.stmcufinder\plugins\mcufinder//mcu/
2024-03-26 15:27:22,411 [WARN] DbFile:35 - Overriding database path with different value: C:\Users\ACER\.stmcufinder\plugins\mcufinder/ => C:\Users\ACER\.stmcufinder\plugins\mcufinder
2024-03-26 15:27:22,411 [INFO] DbBoardsJson:57 - Set database path to: C:\Users\ACER\.stmcufinder\plugins\mcufinder//mcu/
2024-03-26 15:27:22,411 [WARN] DbFile:35 - Overriding database path with different value: C:\Users\ACER\.stmcufinder\plugins\mcufinder/ => C:\Users\ACER\.stmcufinder\plugins\mcufinder
2024-03-26 15:27:22,411 [WARN] DbFile:35 - Overriding database path with different value: C:\Users\ACER\.stmcufinder\plugins\mcufinder/ => C:\Users\ACER\.stmcufinder\plugins\mcufinder
2024-03-26 15:27:22,411 [INFO] CrossReferenceDbSqlite:196 - Set database path to: C:\Users\ACER\.stmcufinder\plugins\mcufinder//mcu/cs/
2024-03-26 15:27:22,411 [WARN] DbFile:35 - Overriding database path with different value: C:\Users\ACER\.stmcufinder\plugins\mcufinder/ => C:\Users\ACER\.stmcufinder\plugins\mcufinder
2024-03-26 15:27:22,411 [INFO] DbExamplesSqlite:767 - Set database path to: C:\Users\ACER\.stmcufinder\plugins\mcufinder//mcu/
2024-03-26 15:27:22,453 [INFO] MainPanel:214 - HeapMemory: 268435456
2024-03-26 15:27:22,500 [INFO] DbMcusXml:74 - Set database path to: C:\ST\STM32CubeIDE_1.7.0\STM32CubeIDE\plugins\com.st.stm32cube.common.mx_6.3.0.202107141111\\db\/mcu/
2024-03-26 15:27:22,501 [INFO] DbBoardsPdsc:56 - Set plugin database path to: C:\ST\STM32CubeIDE_1.7.0\STM32CubeIDE\plugins\com.st.stm32cube.common.mx_6.3.0.202107141111\\db\/plugins/boardmanager/
2024-03-26 15:27:22,501 [INFO] DbMcus:258 - Set plugin images path to: C:\ST\STM32CubeIDE_1.7.0\STM32CubeIDE\plugins\com.st.stm32cube.common.mx_6.3.0.202107141111\\db\/plugins/mcufinder/images/
2024-03-26 15:27:22,501 [INFO] DbBoards:264 - Set plugin images path to: C:\ST\STM32CubeIDE_1.7.0\STM32CubeIDE\plugins\com.st.stm32cube.common.mx_6.3.0.202107141111\\db\/plugins/mcufinder/images/
2024-03-26 15:27:22,501 [INFO] DbExamples:333 - Set plugin images path to: C:\ST\STM32CubeIDE_1.7.0\STM32CubeIDE\plugins\com.st.stm32cube.common.mx_6.3.0.202107141111\\db\/plugins/mcufinder/images/
2024-03-26 15:27:22,501 [WARN] DbFile:35 - Overriding database path with different value: C:\Users\ACER\.stmcufinder\plugins\mcufinder/ => C:\Users\ACER\.stmcufinder\plugins\mcufinder
2024-03-26 15:27:22,501 [INFO] DbMcusAds:119 - Set database path to: C:\Users\ACER\.stmcufinder\plugins\mcufinder//mcu/
2024-03-26 15:27:22,501 [WARN] DbFile:35 - Overriding database path with different value: C:\Users\ACER\.stmcufinder\plugins\mcufinder/ => C:\Users\ACER\.stmcufinder\plugins\mcufinder
2024-03-26 15:27:22,501 [INFO] DbMcusDocs:110 - Set database path to: C:\Users\ACER\.stmcufinder\plugins\mcufinder//mcu/
2024-03-26 15:27:22,501 [WARN] DbFile:35 - Overriding database path with different value: C:\Users\ACER\.stmcufinder\plugins\mcufinder/ => C:\Users\ACER\.stmcufinder\plugins\mcufinder
2024-03-26 15:27:22,502 [INFO] DbMcusJson:64 - Set database path to: C:\Users\ACER\.stmcufinder\plugins\mcufinder//mcu/
2024-03-26 15:27:22,502 [WARN] DbFile:35 - Overriding database path with different value: C:\Users\ACER\.stmcufinder\plugins\mcufinder/ => C:\Users\ACER\.stmcufinder\plugins\mcufinder
2024-03-26 15:27:22,502 [INFO] DbBoardsDocs:110 - Set database path to: C:\Users\ACER\.stmcufinder\plugins\mcufinder//mcu/
2024-03-26 15:27:22,502 [WARN] DbFile:35 - Overriding database path with different value: C:\Users\ACER\.stmcufinder\plugins\mcufinder/ => C:\Users\ACER\.stmcufinder\plugins\mcufinder
2024-03-26 15:27:22,502 [INFO] DbBoardsJson:57 - Set database path to: C:\Users\ACER\.stmcufinder\plugins\mcufinder//mcu/
2024-03-26 15:27:22,502 [WARN] DbFile:35 - Overriding database path with different value: C:\Users\ACER\.stmcufinder\plugins\mcufinder/ => C:\Users\ACER\.stmcufinder\plugins\mcufinder
2024-03-26 15:27:22,502 [WARN] DbFile:35 - Overriding database path with different value: C:\Users\ACER\.stmcufinder\plugins\mcufinder/ => C:\Users\ACER\.stmcufinder\plugins\mcufinder
2024-03-26 15:27:22,502 [INFO] CrossReferenceDbSqlite:196 - Set database path to: C:\Users\ACER\.stmcufinder\plugins\mcufinder//mcu/cs/
2024-03-26 15:27:22,502 [WARN] DbFile:35 - Overriding database path with different value: C:\Users\ACER\.stmcufinder\plugins\mcufinder/ => C:\Users\ACER\.stmcufinder\plugins\mcufinder
2024-03-26 15:27:22,502 [INFO] DbExamplesSqlite:767 - Set database path to: C:\Users\ACER\.stmcufinder\plugins\mcufinder//mcu/
2024-03-26 15:27:22,515 [INFO] ApplicationProperties:181 - Using Application install path: C:\ST\STM32CubeIDE_1.7.0\STM32CubeIDE\plugins\com.st.stm32cube.common.mx_6.3.0.202107141111
2024-03-26 15:27:22,516 [INFO] PluginManage:188 - Search for loadable plugins [exclusion list=, ]
2024-03-26 15:27:22,517 [INFO] PluginManage:302 - Check plugin analytics
2024-03-26 15:27:27,568 [INFO] AnalyticsPlugin:257 - Accepted Software Licenses: 
2024-03-26 15:27:27,568 [INFO] AnalyticsPlugin:259 - Accepted CMSIS Pack Licenses: 
2024-03-26 15:27:27,568 [INFO] AnalyticsPlugin:261 - Accepted Firmware Licenses: 
2024-03-26 15:27:27,569 [INFO] PluginManage:352 - Loaded plugin analytics (category:tool,tabindex:-1)
2024-03-26 15:27:27,569 [INFO] PluginManage:302 - Check plugin clock
2024-03-26 15:27:27,584 [INFO] PluginManage:352 - Loaded plugin clock (category:base,tabindex:2)
2024-03-26 15:27:27,585 [INFO] PluginManage:302 - Check plugin ddr
2024-03-26 15:27:27,586 [INFO] PluginManage:352 - Loaded plugin ddr (category:tool,tabindex:6)
2024-03-26 15:27:27,586 [INFO] PluginManage:302 - Check plugin filemanager
2024-03-26 15:27:27,676 [INFO] PluginManage:352 - Loaded plugin filemanager (category:base,tabindex:10)
2024-03-26 15:27:27,677 [INFO] PluginManage:302 - Check plugin ipmanager
2024-03-26 15:27:27,683 [INFO] PluginManage:352 - Loaded plugin ipmanager (category:base,tabindex:5)
2024-03-26 15:27:27,683 [INFO] PluginManage:302 - Check plugin pinoutandconfiguration
2024-03-26 15:27:27,699 [INFO] PluginManage:352 - Loaded plugin pinoutandconfiguration (category:base,tabindex:1)
2024-03-26 15:27:27,699 [INFO] PluginManage:302 - Check plugin pinoutconfig
2024-03-26 15:27:27,732 [INFO] PluginManage:352 - Loaded plugin pinoutconfig (category:base,tabindex:0)
2024-03-26 15:27:27,732 [INFO] PluginManage:302 - Check plugin power
2024-03-26 15:27:27,746 [INFO] PluginManage:352 - Loaded plugin power (category:power,tabindex:4)
2024-03-26 15:27:27,746 [INFO] PluginManage:302 - Check plugin projectmanager
2024-03-26 15:27:27,760 [INFO] PluginManage:352 - Loaded plugin projectmanager (category:projectmanager,tabindex:3)
2024-03-26 15:27:27,760 [INFO] PluginManage:302 - Check plugin thirdparty
2024-03-26 15:27:27,913 [INFO] PluginManage:352 - Loaded plugin thirdparty (category:base,tabindex:-1)
2024-03-26 15:27:27,914 [WARN] IntegrityCheckThread:78 - waiting for thirdparty lock release [integrity check]
2024-03-26 15:27:27,914 [INFO] PluginManage:302 - Check plugin tools
2024-03-26 15:27:27,915 [INFO] IntegrityCheckThread:80 - entering critical section [integrity check]
2024-03-26 15:27:27,915 [INFO] ThirdPartyUpdaterWithRetryManager:66 - Updater plugin not ready yet. [1/15]
2024-03-26 15:27:27,964 [INFO] PluginManage:352 - Loaded plugin tools (category:base,tabindex:7)
2024-03-26 15:27:27,964 [INFO] PluginManage:302 - Check plugin tutovideos
2024-03-26 15:27:28,124 [INFO] PluginManage:352 - Loaded plugin tutovideos (category:base,tabindex:-1)
2024-03-26 15:27:28,125 [INFO] PluginManage:302 - Check plugin updater
2024-03-26 15:27:28,135 [INFO] PluginManage:352 - Loaded plugin updater (category:base,tabindex:12)
2024-03-26 15:27:28,135 [INFO] PluginManage:275 - PluginManage : Loaded plugins [13]
2024-03-26 15:27:28,251 [INFO] PinOutPanel:1463 - setPackage(No Configuration,No Configuration)
2024-03-26 15:27:28,320 [INFO] IPUIPlugin:74 - create IPUIPlugin
2024-03-26 15:27:28,321 [INFO] PluginManager:213 - loadIPPluginJar : add adc
2024-03-26 15:27:28,355 [INFO] IPUIPlugin:74 - create IPUIPlugin
2024-03-26 15:27:28,355 [INFO] PluginManager:213 - loadIPPluginJar : add aes
2024-03-26 15:27:28,395 [INFO] IPUIPlugin:74 - create IPUIPlugin
2024-03-26 15:27:28,395 [INFO] PluginManager:213 - loadIPPluginJar : add can
2024-03-26 15:27:28,397 [INFO] IPUIPlugin:74 - create IPUIPlugin
2024-03-26 15:27:28,397 [INFO] PluginManager:213 - loadIPPluginJar : add comp
2024-03-26 15:27:28,427 [INFO] IPUIPlugin:74 - create IPUIPlugin
2024-03-26 15:27:28,427 [INFO] PluginManager:213 - loadIPPluginJar : add cryp
2024-03-26 15:27:28,458 [INFO] IPUIPlugin:74 - create IPUIPlugin
2024-03-26 15:27:28,458 [INFO] PluginManager:213 - loadIPPluginJar : add dfsdm
2024-03-26 15:27:28,469 [INFO] IPUIPlugin:74 - create IPUIPlugin
2024-03-26 15:27:28,470 [INFO] PluginManager:213 - loadIPPluginJar : add dma
2024-03-26 15:27:28,515 [INFO] IPUIPlugin:74 - create IPUIPlugin
2024-03-26 15:27:28,515 [INFO] PluginManager:213 - loadIPPluginJar : add dma3
2024-03-26 15:27:28,517 [INFO] IPUIPlugin:74 - create IPUIPlugin
2024-03-26 15:27:28,517 [INFO] PluginManager:213 - loadIPPluginJar : add fatfs
2024-03-26 15:27:28,566 [INFO] IPUIPlugin:74 - create IPUIPlugin
2024-03-26 15:27:28,566 [INFO] PluginManager:213 - loadIPPluginJar : add fmc
2024-03-26 15:27:28,579 [INFO] IPUIPlugin:74 - create IPUIPlugin
2024-03-26 15:27:28,579 [INFO] PluginManager:213 - loadIPPluginJar : add freertos
2024-03-26 15:27:28,581 [INFO] IPUIPlugin:74 - create IPUIPlugin
2024-03-26 15:27:28,582 [INFO] PluginManager:213 - loadIPPluginJar : add genericplugin
2024-03-26 15:27:28,663 [INFO] IPUIPlugin:74 - create IPUIPlugin
2024-03-26 15:27:28,663 [INFO] PluginManager:213 - loadIPPluginJar : add gfxmmu
2024-03-26 15:27:28,772 [INFO] IPUIPlugin:74 - create IPUIPlugin
2024-03-26 15:27:28,772 [INFO] PluginManager:213 - loadIPPluginJar : add gic
2024-03-26 15:27:28,782 [INFO] IPUIPlugin:74 - create IPUIPlugin
2024-03-26 15:27:28,782 [INFO] PluginManager:213 - loadIPPluginJar : add gpio
2024-03-26 15:27:28,843 [INFO] IPUIPlugin:74 - create IPUIPlugin
2024-03-26 15:27:28,843 [INFO] PluginManager:213 - loadIPPluginJar : add gtzc
2024-03-26 15:27:28,872 [INFO] IPUIPlugin:74 - create IPUIPlugin
2024-03-26 15:27:28,872 [INFO] PluginManager:213 - loadIPPluginJar : add hash
2024-03-26 15:27:28,920 [INFO] IPUIPlugin:74 - create IPUIPlugin
2024-03-26 15:27:28,920 [INFO] PluginManager:213 - loadIPPluginJar : add i2c
2024-03-26 15:27:28,958 [INFO] IPUIPlugin:74 - create IPUIPlugin
2024-03-26 15:27:28,958 [INFO] PluginManager:213 - loadIPPluginJar : add i2s
2024-03-26 15:27:28,968 [INFO] IPUIPlugin:74 - create IPUIPlugin
2024-03-26 15:27:28,968 [INFO] PluginManager:213 - loadIPPluginJar : add ipddr
2024-03-26 15:27:29,043 [INFO] IPUIPlugin:74 - create IPUIPlugin
2024-03-26 15:27:29,043 [INFO] PluginManager:213 - loadIPPluginJar : add linkedlist
2024-03-26 15:27:29,079 [INFO] IPUIPlugin:74 - create IPUIPlugin
2024-03-26 15:27:29,079 [INFO] PluginManager:213 - loadIPPluginJar : add lorawan
2024-03-26 15:27:29,115 [INFO] IPUIPlugin:74 - create IPUIPlugin
2024-03-26 15:27:29,115 [INFO] PluginManager:213 - loadIPPluginJar : add ltdc
2024-03-26 15:27:29,125 [INFO] IPUIPlugin:74 - create IPUIPlugin
2024-03-26 15:27:29,125 [INFO] PluginManager:213 - loadIPPluginJar : add mdma
2024-03-26 15:27:29,135 [INFO] IPUIPlugin:74 - create IPUIPlugin
2024-03-26 15:27:29,135 [INFO] PluginManager:213 - loadIPPluginJar : add nvic
2024-03-26 15:27:29,170 [INFO] IPUIPlugin:74 - create IPUIPlugin
2024-03-26 15:27:29,170 [INFO] PluginManager:213 - loadIPPluginJar : add opamp
2024-03-26 15:27:29,224 [INFO] IPUIPlugin:74 - create IPUIPlugin
2024-03-26 15:27:29,224 [INFO] PluginManager:213 - loadIPPluginJar : add openamp
2024-03-26 15:27:29,263 [INFO] IPUIPlugin:74 - create IPUIPlugin
2024-03-26 15:27:29,263 [INFO] PluginManager:213 - loadIPPluginJar : add pdm2pcm
2024-03-26 15:27:29,275 [INFO] IPUIPlugin:74 - create IPUIPlugin
2024-03-26 15:27:29,278 [INFO] PluginManager:213 - loadIPPluginJar : add plateformsettings
2024-03-26 15:27:29,280 [INFO] IPUIPlugin:74 - create IPUIPlugin
2024-03-26 15:27:29,280 [INFO] PluginManager:213 - loadIPPluginJar : add quadspi
2024-03-26 15:27:29,290 [INFO] IPUIPlugin:74 - create IPUIPlugin
2024-03-26 15:27:29,290 [INFO] PluginManager:213 - loadIPPluginJar : add resmgrutility
2024-03-26 15:27:29,337 [INFO] IPUIPlugin:74 - create IPUIPlugin
2024-03-26 15:27:29,338 [INFO] PluginManager:213 - loadIPPluginJar : add sai
2024-03-26 15:27:29,377 [INFO] IPUIPlugin:74 - create IPUIPlugin
2024-03-26 15:27:29,377 [INFO] PluginManager:213 - loadIPPluginJar : add spi
2024-03-26 15:27:29,427 [INFO] IPUIPlugin:74 - create IPUIPlugin
2024-03-26 15:27:29,427 [INFO] PluginManager:213 - loadIPPluginJar : add stm32_wpan
2024-03-26 15:27:29,428 [INFO] IPUIPlugin:74 - create IPUIPlugin
2024-03-26 15:27:29,428 [INFO] PluginManager:213 - loadIPPluginJar : add tim
2024-03-26 15:27:29,484 [INFO] IPUIPlugin:74 - create IPUIPlugin
2024-03-26 15:27:29,484 [INFO] PluginManager:213 - loadIPPluginJar : add touchsensing
2024-03-26 15:27:29,509 [INFO] IPUIPlugin:74 - create IPUIPlugin
2024-03-26 15:27:29,509 [INFO] PluginManager:213 - loadIPPluginJar : add tracer_emb
2024-03-26 15:27:29,535 [INFO] IPUIPlugin:74 - create IPUIPlugin
2024-03-26 15:27:29,536 [INFO] PluginManager:213 - loadIPPluginJar : add ts
2024-03-26 15:27:29,560 [INFO] IPUIPlugin:74 - create IPUIPlugin
2024-03-26 15:27:29,560 [INFO] PluginManager:213 - loadIPPluginJar : add tsc
2024-03-26 15:27:29,585 [INFO] IPUIPlugin:74 - create IPUIPlugin
2024-03-26 15:27:29,585 [INFO] PluginManager:213 - loadIPPluginJar : add ucpd
2024-03-26 15:27:29,626 [INFO] IPUIPlugin:74 - create IPUIPlugin
2024-03-26 15:27:29,626 [INFO] PluginManager:213 - loadIPPluginJar : add usart
2024-03-26 15:27:29,662 [INFO] IPUIPlugin:74 - create IPUIPlugin
2024-03-26 15:27:29,663 [INFO] PluginManager:213 - loadIPPluginJar : add usbx
2024-03-26 15:27:29,874 [FATAL] Updater:294 - Updater called before beeing initialized
2024-03-26 15:27:29,941 [FATAL] Updater:294 - Updater called before beeing initialized
2024-03-26 15:27:29,950 [INFO] DbMcusAds:47 - JSON generation date=Wed Nov 29 17:52:27 ICT 2023 (1701255147349)
2024-03-26 15:27:29,950 [FATAL] Updater:294 - Updater called before beeing initialized
2024-03-26 15:27:29,974 [WARN] DetailPanel:314 - Failed to get advertising image, set to default
2024-03-26 15:27:30,034 [FATAL] Updater:294 - Updater called before beeing initialized
2024-03-26 15:27:30,036 [FATAL] Updater:294 - Updater called before beeing initialized
2024-03-26 15:27:30,036 [FATAL] Updater:294 - Updater called before beeing initialized
2024-03-26 15:27:30,036 [WARN] DetailPanel:314 - Failed to get advertising image, set to default
2024-03-26 15:27:30,037 [FATAL] Updater:294 - Updater called before beeing initialized
2024-03-26 15:27:30,077 [ERROR] Updater:1075 - MainUpdater not yet initialized. External WinMGr cannot be set.
2024-03-26 15:27:30,080 [INFO] Updater:1012 - Updater Version found : 6.3.0
2024-03-26 15:27:30,094 [INFO] ApplicationProperties:181 - Using Application install path: C:\ST\STM32CubeIDE_1.7.0\STM32CubeIDE\plugins\com.st.stm32cube.common.mx_6.3.0.202107141111
2024-03-26 15:27:30,344 [INFO] MainUpdater:2671 - connection check result : 10
2024-03-26 15:27:30,345 [INFO] MainUpdater:265 - Updater Check For Update Now.
2024-03-26 15:27:30,345 [INFO] MicroXplorer:478 - Change Database Version : DB.6.0.30
2024-03-26 15:27:30,505 [INFO] CheckServerUpdateThread:112 - End of CheckServer Thread
2024-03-26 15:27:30,579 [INFO] MainUpdater:2671 - connection check result : 10
2024-03-26 15:27:30,869 [INFO] McuFinderGlobals:52 - Set McuFinderConnectedMode to false
2024-03-26 15:27:30,949 [INFO] CrossSelectorPresenter:1330 - Cross Selector saved comparison directory: C:\Users\ACER\.stmcufinder\plugins\mcufinder\mcu\cs_comparisons_mx
2024-03-26 15:27:30,954 [INFO] MultiScanPanel:197 - Auto-refresh data requested => check proxy status ongoing
2024-03-26 15:27:30,954 [INFO] MultiScanPanel:201 - Proxy status is invalid
2024-03-26 15:27:30,958 [INFO] FinderPluginLoader:87 - Searching for filters in installed packs
2024-03-26 15:27:30,959 [INFO] DbMcusXml:100 - Load MCU database from C:\ST\STM32CubeIDE_1.7.0\STM32CubeIDE\plugins\com.st.stm32cube.common.mx_6.3.0.202107141111\\db\/mcu/families.xml
2024-03-26 15:27:31,060 [WARN] PackLoader:238 - Cannot read IP mode file for STMicroelectronics.X-CUBE-AZRTOS-F4.1.1.0
2024-03-26 15:27:31,079 [ERROR] Engine:463 - C:\Users\ACER\.stm32cubemx\thirdparties\pdsc\STMicroelectronics.X-CUBE-SMBUS.2.1.0.pdsc: PDSC version is not supported
2024-03-26 15:27:31,103 [WARN] PackLoader:238 - Cannot read IP mode file for wolfSSL.I-CUBE-wolfSSL.5.6.6
2024-03-26 15:27:31,115 [WARN] PackLoader:238 - Cannot read IP mode file for STMicroelectronics.X-CUBE-TOUCHGFX.4.23.0
2024-03-26 15:27:31,142 [WARN] PackLoader:238 - Cannot read IP mode file for STMicroelectronics.X-CUBE-AZRTOS-L5.2.0.0
2024-03-26 15:27:31,194 [WARN] PackLoader:238 - Cannot read IP mode file for STMicroelectronics.X-CUBE-AZRTOS-F7.1.1.0
2024-03-26 15:27:31,226 [WARN] PackLoader:238 - Cannot read IP mode file for STMicroelectronics.X-CUBE-NFC6.3.1.0
2024-03-26 15:27:31,238 [ERROR] Engine:463 - C:\Users\ACER\.stm32cubemx\thirdparties\pdsc\ITTIA_DB.I-CUBE-ITTIADB.8.8.0.pdsc: PDSC version is not supported
2024-03-26 15:27:31,240 [ERROR] Engine:463 - C:\Users\ACER\.stm32cubemx\thirdparties\pdsc\STMicroelectronics.FP-SNS-FLIGHT1.5.0.2.pdsc: PDSC version is not supported
2024-03-26 15:27:31,248 [ERROR] Engine:463 - C:\Users\ACER\.stm32cubemx\thirdparties\pdsc\emotas.I-CUBE-CANOPEN.1.3.0.pdsc: PDSC version is not supported
2024-03-26 15:27:31,259 [WARN] PackLoader:238 - Cannot read IP mode file for STMicroelectronics.X-CUBE-NFC6.3.0.0
2024-03-26 15:27:31,286 [INFO] LogOutputStream:76 - [STDOUT_REDIRECT] 1 : Invalid condition id : UX_CORESTACK_Condition cause : null
2024-03-26 15:27:31,289 [INFO] LogOutputStream:76 - [STDOUT_REDIRECT] 1 : Invalid condition id : UX_CORESTACK_Condition cause : null
2024-03-26 15:27:31,289 [INFO] LogOutputStream:76 - [STDOUT_REDIRECT] 1 : Invalid condition id : UX_CORESTACK_Condition cause : null
2024-03-26 15:27:31,290 [INFO] LogOutputStream:76 - [STDOUT_REDIRECT] 1 : Invalid condition id : UX_CORESTACK_Condition cause : null
2024-03-26 15:27:31,291 [INFO] LogOutputStream:76 - [STDOUT_REDIRECT] 1 : Invalid condition id : UX_CORESTACK_Condition cause : null
2024-03-26 15:27:31,293 [WARN] PackLoader:238 - Cannot read IP mode file for STMicroelectronics.X-CUBE-AZRTOS-WL.2.0.0
2024-03-26 15:27:31,343 [WARN] ConditionMgr:437 - getConditionDescription Invalid condition id : LAN8742 Phy interface Condition cause : null
2024-03-26 15:27:31,344 [WARN] PackLoader:238 - Cannot read IP mode file for STMicroelectronics.X-CUBE-AZRTOS-L4.2.0.0
2024-03-26 15:27:31,346 [WARN] ConditionMgr:1038 - genDependencies : Invalid condition id : LAN8742 Phy interface Condition cause : null
2024-03-26 15:27:31,347 [WARN] ConditionMgr:1038 - genDependencies : Invalid condition id : LAN8742 Phy interface Condition cause : null
2024-03-26 15:27:31,348 [WARN] ConditionMgr:1038 - genDependencies : Invalid condition id : LAN8742 Phy interface Condition cause : null
2024-03-26 15:27:31,364 [WARN] PackLoader:238 - Cannot read IP mode file for WES.I-CUBE-Cesium.1.3.0
2024-03-26 15:27:31,377 [WARN] PackLoader:238 - Cannot read IP mode file for STMicroelectronics.X-CUBE-SFXS2LP1.4.0.0
2024-03-26 15:27:31,397 [WARN] ConditionMgr:437 - getConditionDescription Invalid condition id : UX DEVICE CLASS RTOS Condition cause : null
2024-03-26 15:27:31,397 [WARN] ConditionMgr:437 - getConditionDescription Invalid condition id : UX DEVICE CLASS RTOS Condition cause : null
2024-03-26 15:27:31,399 [WARN] PackLoader:238 - Cannot read IP mode file for STMicroelectronics.X-CUBE-AZRTOS-WB.2.0.0
2024-03-26 15:27:31,399 [WARN] ConditionMgr:1038 - genDependencies : Invalid condition id : UX DEVICE CLASS RTOS Condition cause : null
2024-03-26 15:27:31,399 [WARN] ConditionMgr:1038 - genDependencies : Invalid condition id : UX DEVICE CLASS RTOS Condition cause : null
2024-03-26 15:27:31,400 [WARN] ConditionMgr:1038 - genDependencies : Invalid condition id : UX DEVICE CLASS RTOS Condition cause : null
2024-03-26 15:27:31,400 [WARN] ConditionMgr:1038 - genDependencies : Invalid condition id : UX DEVICE CLASS RTOS Condition cause : null
2024-03-26 15:27:31,400 [WARN] ConditionMgr:1038 - genDependencies : Invalid condition id : UX DEVICE CLASS RTOS Condition cause : null
2024-03-26 15:27:31,412 [WARN] PackLoader:238 - Cannot read IP mode file for STMicroelectronics.X-CUBE-ALGOBUILD.1.3.0
2024-03-26 15:27:31,452 [WARN] PackLoader:238 - Cannot read IP mode file for STMicroelectronics.X-CUBE-AZRTOS-G0.1.1.0
2024-03-26 15:27:31,480 [WARN] PackLoader:238 - Cannot read IP mode file for STMicroelectronics.X-CUBE-SUBG2.5.0.0
2024-03-26 15:27:31,520 [WARN] PackLoader:238 - Cannot read IP mode file for STMicroelectronics.X-CUBE-AZRTOS-G4.2.0.0
2024-03-26 15:27:31,540 [ERROR] Engine:463 - C:\Users\ACER\.stm32cubemx\thirdparties\pdsc\Infineon.AIROC-Wi-Fi-Bluetooth-STM32.1.5.1.pdsc: PDSC version is not supported
2024-03-26 15:27:31,558 [WARN] PackLoader:238 - Cannot read IP mode file for portGmbH.I-Cube-SoM-uGOAL.1.1.0
2024-03-26 15:27:31,596 [WARN] PackLoader:238 - Cannot read IP mode file for SEGGER.I-CUBE-embOS.1.3.1
2024-03-26 15:27:31,671 [ERROR] Engine:463 - C:\Users\ACER\.stm32cubemx\thirdparties\pdsc\STMicroelectronics.X-CUBE-TOF1.3.4.1.pdsc: PDSC version is not supported
2024-03-26 15:27:31,701 [WARN] PackLoader:238 - Cannot read IP mode file for STMicroelectronics.X-CUBE-AZRTOS-H7.3.2.0
2024-03-26 15:27:31,721 [INFO] ThirdParty:915 - Integrity check success = true
2024-03-26 15:27:31,721 [INFO] IntegrityCheckThread:94 - exiting critical section [integrity check]
2024-03-26 15:27:31,721 [INFO] IntegrityCheckThread:97 - End integrity checks thread
2024-03-26 15:27:31,747 [INFO] DbMcusJson:93 - JSON generation date=Tue Nov 16 23:17:54 ICT 2021 (1637079474)
2024-03-26 15:27:32,185 [INFO] DbMcus:175 - Found 1951 MCUs (1903 are supported by CubeMX, 1914 are visible in CubeMX)
2024-03-26 15:27:32,185 [INFO] ApiDb:251 - Load user favorites file C:\Users\ACER/.stm32cubeide/favorites.mcus.txt: 0 item(s)
2024-03-26 15:27:32,185 [INFO] ApiDb:255 - User favorites MCUs=[]
2024-03-26 15:27:32,185 [INFO] DbMcus:187 - Set 0 / 0 favorites MCUs
2024-03-26 15:27:32,516 [INFO] DetailPanel:309 - Set advertising image to C:/Users/ACER/STM32Cube/Repository/\en.prom-stm32wl3-mcu-finder.jpg
2024-03-26 15:27:32,804 [INFO] DbBoardsPdsc:90 - Found 25 items
2024-03-26 15:27:32,812 [INFO] DbBoardsPdsc:90 - Found 9 items
2024-03-26 15:27:32,822 [INFO] DbBoardsPdsc:90 - Found 33 items
2024-03-26 15:27:32,829 [INFO] DbBoardsPdsc:90 - Found 1 items
2024-03-26 15:27:32,840 [INFO] DbBoardsPdsc:90 - Found 48 items
2024-03-26 15:27:32,853 [INFO] DbBoardsPdsc:90 - Found 43 items
2024-03-26 15:27:32,861 [INFO] DbBoardsPdsc:90 - Found 2 items
2024-03-26 15:27:32,869 [INFO] DbBoardsPdsc:90 - Found 5 items
2024-03-26 15:27:32,872 [WARN] DbBoardsPdsc:254 - Board STM32H7B3I-DK: unknown feature type=Audio, name=, username=Audio stereo codec with Headphone Amp (CS42L51-CNZ), n=1
2024-03-26 15:27:32,872 [WARN] DbBoardsPdsc:254 - Board STM32H735G-DK: unknown feature type=Audio, name=, username=Audio stereo codec with Headphone Amp (WM8994ECS/R), n=1
2024-03-26 15:27:32,873 [WARN] DbBoardsPdsc:254 - Board STM32H7B3I-EVAL: unknown feature type=Audio, name=, username=Multi-Channel Audio Codec (CS42L51-CNZ), n=1
2024-03-26 15:27:32,873 [WARN] DbBoardsPdsc:254 - Board STM32H7B3I-EVAL: unknown feature type=Meter, name=, username=Power-metering and Temperature-monitoring with sigma-delta modulators, n=1
2024-03-26 15:27:32,873 [WARN] DbBoardsPdsc:254 - Board STM32H7B3I-EVAL: unknown feature type=Motor, name=, username=Motor Control, n=1
2024-03-26 15:27:32,873 [WARN] DbBoardsPdsc:254 - Board STM32U575I-EV: unknown feature type=joystick, name=, username=4-direction joystick with selection button, n=1
2024-03-26 15:27:32,912 [INFO] DbBoardsJson:86 - JSON generation date=Tue Nov 16 23:17:54 ICT 2021 (1637079474)
2024-03-26 15:27:32,917 [INFO] DbBoards:117 - Found 167 boards (163 are supported by CubeMX)
2024-03-26 15:27:32,924 [INFO] DbBoardsDocs:143 - JSON generation date=Tue Nov 16 23:17:54 ICT 2021 (1637079474)
2024-03-26 15:27:32,927 [INFO] DbBoardsDocs:79 - Found 209 boards documents
2024-03-26 15:27:32,927 [WARN] DbBoards:127 - board B-L475E-IOT01A2 has no document id list !
2024-03-26 15:27:32,928 [WARN] DbBoards:127 - board NUCLEO-H743ZI has no document id list !
2024-03-26 15:27:32,928 [WARN] DbBoards:127 - board NUCLEO-WL55JC2 has no document id list !
2024-03-26 15:27:32,928 [WARN] DbBoards:127 - board P-NUCLEO-WB55-Nucleo has no document id list !
2024-03-26 15:27:32,929 [WARN] DbBoards:127 - board P-NUCLEO-WB55-USBDongle has no document id list !
2024-03-26 15:27:32,929 [WARN] DbBoards:127 - board STEVAL-BFA001V1B has no document id list !
2024-03-26 15:27:32,929 [WARN] DbBoards:127 - board STEVAL-BFA001V2B has no document id list !
2024-03-26 15:27:32,929 [WARN] DbBoards:127 - board STEVAL-IDP005V1 has no document id list !
2024-03-26 15:27:32,929 [WARN] DbBoards:127 - board STEVAL-IDP005V2 has no document id list !
2024-03-26 15:27:32,929 [WARN] DbBoards:127 - board STEVAL-MKSBOX1V1 has no document id list !
2024-03-26 15:27:32,929 [WARN] DbBoards:127 - board STEVAL-STWINKT1 has no document id list !
2024-03-26 15:27:32,929 [WARN] DbBoards:127 - board STEVAL-STWINKT1B has no document id list !
2024-03-26 15:27:32,929 [WARN] DbBoards:127 - board STM32439I-EVAL2 has no document id list !
2024-03-26 15:27:32,929 [WARN] DbBoards:127 - board STM32F401C-DISCO has no document id list !
2024-03-26 15:27:32,929 [WARN] DbBoards:127 - board STM32F769I-DISC1 has no document id list !
2024-03-26 15:27:32,930 [WARN] DbBoards:127 - board STM32G474E-EVAL1 has no document id list !
2024-03-26 15:27:32,930 [WARN] DbBoards:127 - board STM32H743I-EVAL2 has no document id list !
2024-03-26 15:27:32,930 [WARN] DbBoards:127 - board STM32H747I-DISC1 has no document id list !
2024-03-26 15:27:32,930 [WARN] DbBoards:127 - board STM32H753I-EVAL2 has no document id list !
2024-03-26 15:27:32,931 [WARN] DbBoards:127 - board STM32L-DISCOVERY has no document id list !
2024-03-26 15:27:33,022 [ERROR] DbBoards:189 - Image file not found for board B-U585I-IOT02A: C:\ST\STM32CubeIDE_1.7.0\STM32CubeIDE\plugins\com.st.stm32cube.common.mx_6.3.0.202107141111\\db\/plugins/mcufinder/images/boards/B-U585I-IOT02A_small.jpg
2024-03-26 15:27:33,095 [ERROR] DbBoards:189 - Image file not found for board NUCLEO-F413ZH: C:\ST\STM32CubeIDE_1.7.0\STM32CubeIDE\plugins\com.st.stm32cube.common.mx_6.3.0.202107141111\\db\/plugins/mcufinder/images/boards/nucleo-f413zh_small.jpg
2024-03-26 15:27:33,227 [ERROR] DbBoards:189 - Image file not found for board NUCLEO-L552ZE-Q: C:\ST\STM32CubeIDE_1.7.0\STM32CubeIDE\plugins\com.st.stm32cube.common.mx_6.3.0.202107141111\\db\/plugins/mcufinder/images/boards/nucleo_l552ze_q_small.jpg
2024-03-26 15:27:33,228 [ERROR] DbBoards:189 - Image file not found for board NUCLEO-U575ZI-Q: C:\ST\STM32CubeIDE_1.7.0\STM32CubeIDE\plugins\com.st.stm32cube.common.mx_6.3.0.202107141111\\db\/plugins/mcufinder/images/boards/nucleo-u575zi-q_small.jpg
2024-03-26 15:27:33,228 [ERROR] DbBoards:189 - Image file not found for board NUCLEO-WB15CC: C:\ST\STM32CubeIDE_1.7.0\STM32CubeIDE\plugins\com.st.stm32cube.common.mx_6.3.0.202107141111\\db\/plugins/mcufinder/images/boards/nucleo-wb15cc_small.jpg
2024-03-26 15:27:33,228 [ERROR] DbBoards:189 - Image file not found for board NUCLEO-WB55RG: C:\ST\STM32CubeIDE_1.7.0\STM32CubeIDE\plugins\com.st.stm32cube.common.mx_6.3.0.202107141111\\db\/plugins/mcufinder/images/boards/nucleo-wb55rg_small.jpg
2024-03-26 15:27:34,031 [INFO] ApiDb:251 - Load user favorites file C:\Users\ACER/.stm32cubeide/favorites.boards.txt: 0 item(s)
2024-03-26 15:27:34,031 [INFO] ApiDb:255 - User favorites Boards=[]
2024-03-26 15:27:34,031 [INFO] DbBoards:206 - Set 0 / 0 favorites Boards
2024-03-26 15:28:06,797 [INFO] DbMcusDocs:143 - JSON generation date=Tue Nov 16 23:17:54 ICT 2021 (1637079474)
2024-03-26 15:28:06,994 [INFO] DbMcusDocs:79 - Found 682 MCUs documents
2024-03-26 15:28:21,830 [INFO] MainUpdater:2671 - connection check result : 10
2024-03-26 15:28:21,831 [INFO] MainUpdater:2671 - connection check result : 10
2024-03-26 15:28:21,873 [INFO] MicroXplorer:448 - Change Database Path : 
2024-03-26 15:28:21,873 [INFO] MicroXplorer:478 - Change Database Version : DB.6.0.30
2024-03-26 15:28:21,874 [WARN] ThirdParty:813 - waiting for thirdparty lock release [close project]
2024-03-26 15:28:21,874 [INFO] ThirdParty:815 - entering critical section [close project]
2024-03-26 15:28:21,875 [INFO] ThirdParty:825 - exiting critical section [close project]
2024-03-26 15:28:21,878 [INFO] PinOutPanel:1463 - setPackage(No Configuration,No Configuration)
2024-03-26 15:28:21,879 [INFO] UtilMem:74 - Begin LoadConfig() Used Memory: 536247624 Bytes (649068544)
2024-03-26 15:28:21,880 [INFO] MicroXplorer:448 - Change Database Path : 
2024-03-26 15:28:21,880 [INFO] MicroXplorer:478 - Change Database Version : DB.6.0.30
2024-03-26 15:28:21,880 [INFO] OpenFileManager:313 - Change cursor
2024-03-26 15:28:22,500 [INFO] Context:592 - Trying to add GPIOservice into a context  which must be forbidden
2024-03-26 15:28:22,669 [INFO] ImportTextPane:167 - (OptionalMessage_ERROR) Unable to find key (Mcu.ThirdPartyNb) in loaded IOC file
2024-03-26 15:28:22,669 [INFO] ImportTextPane:167 - (OptionalMessage_ERROR) Unable to find key (Mcu.PinsNb) in loaded IOC file
2024-03-26 15:28:22,669 [INFO] ImportTextPane:167 - (OptionalMessage_ERROR) Unable to find key (Mcu.IPNb) in loaded IOC file
2024-03-26 15:28:22,716 [WARN] ModelIntegratedComponent:60 - No mode defined for component null
2024-03-26 15:28:22,716 [WARN] ModelIntegratedComponent:60 - No mode defined for component null
2024-03-26 15:28:22,716 [WARN] ModelIntegratedComponent:60 - No mode defined for component null
2024-03-26 15:28:22,716 [WARN] ModelIntegratedComponent:60 - No mode defined for component null
2024-03-26 15:28:22,716 [WARN] ModelIntegratedComponent:60 - No mode defined for component null
2024-03-26 15:28:22,716 [WARN] ModelIntegratedComponent:60 - No mode defined for component null
2024-03-26 15:28:22,716 [WARN] ModelIntegratedComponent:60 - No mode defined for component null
2024-03-26 15:28:22,717 [WARN] ModelIntegratedComponent:60 - No mode defined for component null
2024-03-26 15:28:22,717 [WARN] ModelIntegratedComponent:60 - No mode defined for component null
2024-03-26 15:28:22,717 [WARN] ModelIntegratedComponent:60 - No mode defined for component null
2024-03-26 15:28:22,717 [WARN] ModelIntegratedComponent:60 - No mode defined for component null
2024-03-26 15:28:22,717 [WARN] ModelIntegratedComponent:60 - No mode defined for component null
2024-03-26 15:28:22,717 [WARN] ModelIntegratedComponent:60 - No mode defined for component null
2024-03-26 15:28:22,717 [WARN] ModelIntegratedComponent:60 - No mode defined for component null
2024-03-26 15:28:22,717 [WARN] ModelIntegratedComponent:60 - No mode defined for component null
2024-03-26 15:28:22,717 [WARN] ModelIntegratedComponent:60 - No mode defined for component null
2024-03-26 15:28:22,717 [WARN] ModelIntegratedComponent:60 - No mode defined for component null
2024-03-26 15:28:22,717 [WARN] ModelIntegratedComponent:60 - No mode defined for component null
2024-03-26 15:28:22,717 [WARN] ModelIntegratedComponent:60 - No mode defined for component null
2024-03-26 15:28:22,717 [WARN] ModelIntegratedComponent:60 - No mode defined for component null
2024-03-26 15:28:22,717 [WARN] ModelIntegratedComponent:60 - No mode defined for component null
2024-03-26 15:28:22,717 [WARN] ModelIntegratedComponent:60 - No mode defined for component null
2024-03-26 15:28:22,717 [WARN] ModelIntegratedComponent:60 - No mode defined for component null
2024-03-26 15:28:22,717 [WARN] ModelIntegratedComponent:60 - No mode defined for component null
2024-03-26 15:28:22,717 [WARN] ModelIntegratedComponent:60 - No mode defined for component null
2024-03-26 15:28:22,717 [WARN] ModelIntegratedComponent:60 - No mode defined for component null
2024-03-26 15:28:22,717 [WARN] ModelIntegratedComponent:60 - No mode defined for component null
2024-03-26 15:28:22,717 [WARN] ModelIntegratedComponent:60 - No mode defined for component null
2024-03-26 15:28:22,717 [WARN] ModelIntegratedComponent:60 - No mode defined for component null
2024-03-26 15:28:22,718 [WARN] ModelIntegratedComponent:60 - No mode defined for component null
2024-03-26 15:28:22,718 [WARN] ModelIntegratedComponent:60 - No mode defined for component null
2024-03-26 15:28:22,725 [WARN] ApiManager:304 - Cannot register API 'Board Extension:NFC06A1' from pack STMicroelectronics.X-CUBE-NFC6.3.0.0: no header file found
2024-03-26 15:28:22,725 [WARN] ApiManager:304 - Cannot register API 'Board Extension:NFC08A1' from pack STMicroelectronics.X-CUBE-NFC6.3.0.0: no header file found
2024-03-26 15:28:22,728 [WARN] ApiManager:304 - Cannot register API 'Board Extension:NFC06A1' from pack STMicroelectronics.X-CUBE-NFC6.3.1.0: no header file found
2024-03-26 15:28:22,728 [WARN] ApiManager:304 - Cannot register API 'Board Extension:NFC08A1' from pack STMicroelectronics.X-CUBE-NFC6.3.1.0: no header file found
2024-03-26 15:28:22,734 [INFO] RtosManager:484 - Registered RTOS mode: class=CMSIS, group=RTOS, mode=CMSIS_V1, owner=FREERTOS
2024-03-26 15:28:22,734 [INFO] RtosManager:484 - Registered RTOS mode: class=CMSIS, group=RTOS2, mode=CMSIS_V2, owner=FREERTOS
2024-03-26 15:28:22,734 [INFO] RtosManager:484 - Registered RTOS mode: class=RTOS, group=Core, mode=CMSIS_V1, owner=FREERTOS
2024-03-26 15:28:22,734 [INFO] RtosManager:484 - Registered RTOS mode: class=RTOS, group=Core, mode=CMSIS_V2, owner=FREERTOS
2024-03-26 15:28:22,734 [WARN] ModelIntegratedComponent:181 - Missing modes for component STMicroelectronics:FreeRTOS:0.0.1:STMicroelectronics:RTOS:FreeRTOS:Core:::10.2.0:
2024-03-26 15:28:22,737 [WARN] ApiManager:304 - Cannot register API 'Board Extension:S2868A1' from pack STMicroelectronics.X-CUBE-SUBG2.5.0.0: no header file found
2024-03-26 15:28:22,737 [WARN] ApiManager:304 - Cannot register API 'Board Extension:S2868A2' from pack STMicroelectronics.X-CUBE-SUBG2.5.0.0: no header file found
2024-03-26 15:28:22,738 [WARN] ApiManager:304 - Cannot register API 'Board Extension:S2915A1' from pack STMicroelectronics.X-CUBE-SUBG2.5.0.0: no header file found
2024-03-26 15:28:22,740 [WARN] ApiManager:304 - Cannot register API 'Board Extension:S2868A1' from pack STMicroelectronics.X-CUBE-SFXS2LP1.4.0.0: no header file found
2024-03-26 15:28:22,740 [WARN] ApiManager:304 - Cannot register API 'Board Extension:S2868A2' from pack STMicroelectronics.X-CUBE-SFXS2LP1.4.0.0: no header file found
2024-03-26 15:28:22,740 [WARN] ApiManager:304 - Cannot register API 'Board Extension:S2915A1' from pack STMicroelectronics.X-CUBE-SFXS2LP1.4.0.0: no header file found
2024-03-26 15:28:23,109 [INFO] UtilMem:74 - End LoadConfig() Used Memory: 432663024 Bytes (649068544)
2024-03-26 15:28:23,111 [WARN] ThirdParty:779 - waiting for thirdparty lock release [change project]
2024-03-26 15:28:23,111 [INFO] ThirdParty:781 - entering critical section [change project]
2024-03-26 15:28:23,111 [INFO] ThirdParty:967 - CMSIS Pack Vendor :STMicroelectronics USB_HOST 2.0.0
2024-03-26 15:28:23,111 [INFO] ThirdParty:967 - CMSIS Pack Vendor :STMicroelectronics X-CUBE-AZRTOS-F4 1.1.0
2024-03-26 15:28:23,111 [INFO] ThirdParty:967 - CMSIS Pack Vendor :STMicroelectronics USB_DEVICE 3.0.0
2024-03-26 15:28:23,111 [INFO] ThirdParty:967 - CMSIS Pack Vendor :STMicroelectronics HAL Drivers 0.0.0
2024-03-26 15:28:23,112 [INFO] ThirdParty:967 - CMSIS Pack Vendor :STMicroelectronics MBEDTLS 2.16.2
2024-03-26 15:28:23,112 [INFO] ThirdParty:967 - CMSIS Pack Vendor :STMicroelectronics X-CUBE-AZRTOS-WB 2.0.0
2024-03-26 15:28:23,112 [INFO] ThirdParty:967 - CMSIS Pack Vendor :wolfSSL I-CUBE-wolfSSL 5.6.6
2024-03-26 15:28:23,112 [INFO] ThirdParty:967 - CMSIS Pack Vendor :STMicroelectronics MBEDTLS 2.14.1
2024-03-26 15:28:23,112 [INFO] ThirdParty:967 - CMSIS Pack Vendor :STMicroelectronics X-CUBE-TOUCHGFX 4.23.0
2024-03-26 15:28:23,112 [INFO] ThirdParty:967 - CMSIS Pack Vendor :STMicroelectronics X-CUBE-AZRTOS-L5 2.0.0
2024-03-26 15:28:23,112 [INFO] ThirdParty:967 - CMSIS Pack Vendor :STMicroelectronics X-CUBE-AZRTOS-F7 1.1.0
2024-03-26 15:28:23,112 [INFO] ThirdParty:967 - CMSIS Pack Vendor :STMicroelectronics X-CUBE-NFC6 3.0.0
2024-03-26 15:28:23,112 [INFO] ThirdParty:967 - CMSIS Pack Vendor :portGmbH I-Cube-SoM-uGOAL 1.1.0
2024-03-26 15:28:23,112 [INFO] ThirdParty:967 - CMSIS Pack Vendor :STMicroelectronics USB_DEVICE 2.0.0
2024-03-26 15:28:23,112 [INFO] ThirdParty:967 - CMSIS Pack Vendor :STMicroelectronics X-CUBE-NFC6 3.1.0
2024-03-26 15:28:23,112 [INFO] ThirdParty:967 - CMSIS Pack Vendor :STMicroelectronics X-CUBE-AZRTOS-WL 2.0.0
2024-03-26 15:28:23,112 [INFO] ThirdParty:967 - CMSIS Pack Vendor :STMicroelectronics X-CUBE-ALGOBUILD 1.3.0
2024-03-26 15:28:23,112 [INFO] ThirdParty:967 - CMSIS Pack Vendor :SEGGER I-CUBE-embOS 1.3.1
2024-03-26 15:28:23,112 [INFO] ThirdParty:967 - CMSIS Pack Vendor :STMicroelectronics FreeRTOS 0.0.1
2024-03-26 15:28:23,112 [INFO] ThirdParty:967 - CMSIS Pack Vendor :STMicroelectronics X-CUBE-AZRTOS-G0 1.1.0
2024-03-26 15:28:23,112 [INFO] ThirdParty:967 - CMSIS Pack Vendor :STMicroelectronics USB_DEVICE 1.0.0
2024-03-26 15:28:23,112 [INFO] ThirdParty:967 - CMSIS Pack Vendor :STMicroelectronics X-CUBE-SUBG2 5.0.0
2024-03-26 15:28:23,112 [INFO] ThirdParty:967 - CMSIS Pack Vendor :STMicroelectronics X-CUBE-AZRTOS-L4 2.0.0
2024-03-26 15:28:23,112 [INFO] ThirdParty:967 - CMSIS Pack Vendor :STMicroelectronics ThreadX 0.0.2
2024-03-26 15:28:23,112 [INFO] ThirdParty:967 - CMSIS Pack Vendor :WES I-CUBE-Cesium 1.3.0
2024-03-26 15:28:23,112 [INFO] ThirdParty:967 - CMSIS Pack Vendor :STMicroelectronics lwIP 2.0.3
2024-03-26 15:28:23,112 [INFO] ThirdParty:967 - CMSIS Pack Vendor :STMicroelectronics lwIP 2.1.2
2024-03-26 15:28:23,112 [INFO] ThirdParty:967 - CMSIS Pack Vendor :STMicroelectronics X-CUBE-SFXS2LP1 4.0.0
2024-03-26 15:28:23,112 [INFO] ThirdParty:967 - CMSIS Pack Vendor :STMicroelectronics USB_HOST 1.0.0
2024-03-26 15:28:23,112 [INFO] ThirdParty:967 - CMSIS Pack Vendor :STMicroelectronics X-CUBE-AZRTOS-G4 2.0.0
2024-03-26 15:28:23,112 [INFO] ThirdParty:967 - CMSIS Pack Vendor :STMicroelectronics X-CUBE-AZRTOS-H7 3.2.0
2024-03-26 15:28:23,112 [INFO] ThirdParty:967 - CMSIS Pack Vendor :STMicroelectronics PDM2PCM 3.1.0
2024-03-26 15:28:23,113 [INFO] ThirdParty:967 - CMSIS Pack Vendor :STMicroelectronics PDM2PCM 3.2.0
2024-03-26 15:28:23,113 [INFO] ThirdParty:967 - CMSIS Pack Vendor :STMicroelectronics PDM2PCM 3.3.0
2024-03-26 15:28:23,113 [INFO] ThirdParty:787 - exiting critical section [change project]
2024-03-26 15:28:23,260 [INFO] PinOutPanel:1463 - setPackage(No Configuration,No Configuration)
2024-03-26 15:28:23,261 [INFO] PinOutPanel:1463 - setPackage(STM32F103C6Ux,UFQFPN48)
2024-03-26 15:28:23,541 [INFO] UtilMem:74 - Before build in PCC Used Memory: 440590720 Bytes (649068544)
2024-03-26 15:28:23,937 [INFO] UtilMem:74 - After build in PCC Used Memory: 519233920 Bytes (649068544)
2024-03-26 15:28:23,951 [INFO] IPUIPlugin:74 - create IPUIPlugin
2024-03-26 15:28:23,952 [INFO] IPUIPlugin:74 - create IPUIPlugin
2024-03-26 15:28:23,952 [INFO] IPUIPlugin:74 - create IPUIPlugin
2024-03-26 15:28:23,952 [INFO] IPUIPlugin:74 - create IPUIPlugin
2024-03-26 15:28:23,952 [INFO] IPUIPlugin:74 - create IPUIPlugin
2024-03-26 15:28:23,952 [INFO] IPUIPlugin:74 - create IPUIPlugin
2024-03-26 15:28:23,952 [INFO] IPUIPlugin:74 - create IPUIPlugin
2024-03-26 15:28:23,952 [INFO] IPUIPlugin:74 - create IPUIPlugin
2024-03-26 15:28:23,952 [INFO] IPUIPlugin:74 - create IPUIPlugin
2024-03-26 15:28:23,952 [INFO] IPUIPlugin:74 - create IPUIPlugin
2024-03-26 15:28:23,952 [INFO] IPUIPlugin:74 - create IPUIPlugin
2024-03-26 15:28:23,953 [INFO] IPUIPlugin:74 - create IPUIPlugin
2024-03-26 15:28:23,953 [INFO] IPUIPlugin:74 - create IPUIPlugin
2024-03-26 15:28:23,953 [INFO] IPUIPlugin:74 - create IPUIPlugin
2024-03-26 15:28:23,953 [INFO] IPUIPlugin:74 - create IPUIPlugin
2024-03-26 15:28:23,953 [INFO] IPUIPlugin:74 - create IPUIPlugin
2024-03-26 15:28:23,953 [INFO] IPUIPlugin:74 - create IPUIPlugin
2024-03-26 15:28:23,954 [INFO] IPUIPlugin:74 - create IPUIPlugin
2024-03-26 15:28:23,954 [INFO] IPUIPlugin:74 - create IPUIPlugin
2024-03-26 15:28:23,954 [INFO] IPUIPlugin:74 - create IPUIPlugin
2024-03-26 15:28:23,954 [INFO] IPUIPlugin:74 - create IPUIPlugin
2024-03-26 15:28:23,954 [INFO] IPUIPlugin:74 - create IPUIPlugin
2024-03-26 15:28:23,955 [INFO] IPUIPlugin:74 - create IPUIPlugin
2024-03-26 15:28:24,038 [INFO] OpenFileManager:333 - Restore cursor
2024-03-26 15:28:24,226 [INFO] UtilMem:74 - End SaveConfig() Used Memory: 422208496 Bytes (649068544)
2024-03-26 15:28:24,255 [INFO] UtilMem:74 - End SaveConfig() Used Memory: 434269168 Bytes (649068544)
2024-03-26 15:28:24,487 [INFO] BlockDiagram:2740 - set Specific Code input for plugin: NVIC
2024-03-26 15:28:24,487 [INFO] BlockDiagram:2740 - set Specific Code input for plugin: SYS
2024-03-26 15:28:24,487 [INFO] BlockDiagram:2740 - set Specific Code input for plugin: RCC
2024-03-26 15:28:24,488 [INFO] CodeGenerator:663 - code generatio: config db path: C:\ST\STM32CubeIDE_1.7.0\STM32CubeIDE\plugins\com.st.stm32cube.common.mx_6.3.0.202107141111\\db\
2024-03-26 15:28:24,716 [INFO] CodeEngine:239 - oldGeneratedFile, C:\Users\ACER\STM32CubeIDE\workspace_1.7.0\Lab1\ex7\ex7\MXTmpFiles\license.tmp_save
2024-03-26 15:28:24,963 [INFO] CodeEngine:257 - Generated code: C:\Users\ACER\STM32CubeIDE\workspace_1.7.0\Lab1\ex7\ex7\MXTmpFiles\license.tmp
2024-03-26 15:28:25,052 [INFO] CodeEngine:239 - oldGeneratedFile, C:\Users\ACER\STM32CubeIDE\workspace_1.7.0\Lab1\ex7\ex7\Core\Src\stm32f1xx_it.c_save
2024-03-26 15:28:25,202 [INFO] CodeEngine:257 - Generated code: C:\Users\ACER\STM32CubeIDE\workspace_1.7.0\Lab1\ex7\ex7\Core\Src\stm32f1xx_it.c
2024-03-26 15:28:25,216 [INFO] CodeEngine:239 - oldGeneratedFile, C:\Users\ACER\STM32CubeIDE\workspace_1.7.0\Lab1\ex7\ex7\Core\Inc\stm32f1xx_it.h_save
2024-03-26 15:28:25,290 [INFO] CodeEngine:257 - Generated code: C:\Users\ACER\STM32CubeIDE\workspace_1.7.0\Lab1\ex7\ex7\Core\Inc\stm32f1xx_it.h
2024-03-26 15:28:25,330 [INFO] CodeEngine:239 - oldGeneratedFile, C:\Users\ACER\STM32CubeIDE\workspace_1.7.0\Lab1\ex7\ex7\Core\Src\stm32f1xx_hal_msp.c_save
2024-03-26 15:28:25,433 [INFO] CodeEngine:257 - Generated code: C:\Users\ACER\STM32CubeIDE\workspace_1.7.0\Lab1\ex7\ex7\Core\Src\stm32f1xx_hal_msp.c
2024-03-26 15:28:25,440 [INFO] CodeEngine:239 - oldGeneratedFile, C:\Users\ACER\STM32CubeIDE\workspace_1.7.0\Lab1\ex7\ex7\MXTmpFiles\system.tmp_save
2024-03-26 15:28:25,506 [INFO] CodeEngine:257 - Generated code: C:\Users\ACER\STM32CubeIDE\workspace_1.7.0\Lab1\ex7\ex7\MXTmpFiles\system.tmp
2024-03-26 15:28:25,520 [INFO] CodeEngine:239 - oldGeneratedFile, C:\Users\ACER\STM32CubeIDE\workspace_1.7.0\Lab1\ex7\ex7\Core\Inc\stm32f1xx_hal_conf.h_save
2024-03-26 15:28:25,597 [INFO] CodeEngine:257 - Generated code: C:\Users\ACER\STM32CubeIDE\workspace_1.7.0\Lab1\ex7\ex7\Core\Inc\stm32f1xx_hal_conf.h
2024-03-26 15:28:25,636 [INFO] CodeEngine:239 - oldGeneratedFile, C:\Users\ACER\STM32CubeIDE\workspace_1.7.0\Lab1\ex7\ex7\Core\Inc\main.h_save
2024-03-26 15:28:25,722 [INFO] CodeEngine:257 - Generated code: C:\Users\ACER\STM32CubeIDE\workspace_1.7.0\Lab1\ex7\ex7\Core\Inc\main.h
2024-03-26 15:28:25,733 [INFO] CodeEngine:239 - oldGeneratedFile, C:\Users\ACER\STM32CubeIDE\workspace_1.7.0\Lab1\ex7\ex7\Core\Src\main.c_save
2024-03-26 15:28:25,873 [INFO] CodeEngine:257 - Generated code: C:\Users\ACER\STM32CubeIDE\workspace_1.7.0\Lab1\ex7\ex7\Core\Src\main.c
2024-03-26 15:28:26,663 [INFO] ProjectBuilder:2578 - Time for Copy HAL[1] : 76mS.
2024-03-26 15:28:26,669 [INFO] ProjectBuilder:3622 - Project Generator version: 3.14.1
2024-03-26 15:28:27,083 [INFO] ConfigFileManager:1271 - The Die is : DIE412
2024-03-26 15:28:27,104 [INFO] ApiDbMcu:468 - Load IP Config File for FATFS
2024-03-26 15:28:27,129 [INFO] ApiDbMcu:468 - Load IP Config File for FREERTOS
2024-03-26 15:28:27,152 [INFO] ApiDbMcu:468 - Load IP Config File for USB_DEVICE
2024-03-26 15:28:31,423 [INFO] ProjectBuilder:3789 - Time for Generating toolchain IDE Files: 4754mS.
2024-03-26 15:28:31,424 [INFO] ProjectBuilder:2457 - Time for Copy CMSIS : 1mS.
2024-03-26 15:28:31,426 [INFO] ProjectBuilder:2457 - Time for Copy CMSIS : 0mS.
2024-03-26 15:28:32,872 [INFO] McuFinderGlobals:52 - Set McuFinderConnectedMode to true
2024-03-26 15:28:32,873 [INFO] ApiDb:276 - Save user favorites file C:\Users\ACER/.stm32cubeide/favorites.mcus.txt: 0 item(s)
2024-03-26 15:28:32,873 [INFO] ApiDb:280 - User favorites MCUs=[]
2024-03-26 15:32:15,196 [INFO] UtilMem:74 - End SaveConfig() Used Memory: 821728768 Bytes (965738496)
2024-03-26 15:32:16,182 [INFO] UtilMem:74 - End SaveConfig() Used Memory: 845051264 Bytes (965738496)
2024-03-26 15:32:18,044 [INFO] UtilMem:74 - End SaveConfig() Used Memory: 849910472 Bytes (965738496)
2024-03-26 15:32:18,355 [INFO] BlockDiagram:2740 - set Specific Code input for plugin: NVIC
2024-03-26 15:32:18,355 [INFO] BlockDiagram:2740 - set Specific Code input for plugin: SYS
2024-03-26 15:32:18,356 [INFO] BlockDiagram:2740 - set Specific Code input for plugin: GPIO
2024-03-26 15:32:18,356 [INFO] BlockDiagram:2740 - set Specific Code input for plugin: RCC
2024-03-26 15:32:18,357 [INFO] CodeGenerator:663 - code generatio: config db path: C:\ST\STM32CubeIDE_1.7.0\STM32CubeIDE\plugins\com.st.stm32cube.common.mx_6.3.0.202107141111\\db\
2024-03-26 15:32:18,584 [INFO] CodeEngine:239 - oldGeneratedFile, C:\Users\ACER\STM32CubeIDE\workspace_1.7.0\Lab1\ex7\ex7\MXTmpFiles\license.tmp_save
2024-03-26 15:32:18,624 [INFO] CodeEngine:257 - Generated code: C:\Users\ACER\STM32CubeIDE\workspace_1.7.0\Lab1\ex7\ex7\MXTmpFiles\license.tmp
2024-03-26 15:32:18,678 [INFO] CodeEngine:239 - oldGeneratedFile, C:\Users\ACER\STM32CubeIDE\workspace_1.7.0\Lab1\ex7\ex7\MXTmpFiles\gpio.tmp_save
2024-03-26 15:32:18,739 [INFO] CodeEngine:257 - Generated code: C:\Users\ACER\STM32CubeIDE\workspace_1.7.0\Lab1\ex7\ex7\MXTmpFiles\gpio.tmp
2024-03-26 15:32:18,764 [INFO] CodeEngine:239 - oldGeneratedFile, C:\Users\ACER\STM32CubeIDE\workspace_1.7.0\Lab1\ex7\ex7\Core\Src\stm32f1xx_it.c_save
2024-03-26 15:32:18,831 [INFO] CodeEngine:257 - Generated code: C:\Users\ACER\STM32CubeIDE\workspace_1.7.0\Lab1\ex7\ex7\Core\Src\stm32f1xx_it.c
2024-03-26 15:32:18,834 [INFO] CodeEngine:239 - oldGeneratedFile, C:\Users\ACER\STM32CubeIDE\workspace_1.7.0\Lab1\ex7\ex7\Core\Inc\stm32f1xx_it.h_save
2024-03-26 15:32:18,875 [INFO] CodeEngine:257 - Generated code: C:\Users\ACER\STM32CubeIDE\workspace_1.7.0\Lab1\ex7\ex7\Core\Inc\stm32f1xx_it.h
2024-03-26 15:32:18,886 [INFO] CodeEngine:239 - oldGeneratedFile, C:\Users\ACER\STM32CubeIDE\workspace_1.7.0\Lab1\ex7\ex7\Core\Src\stm32f1xx_hal_msp.c_save
2024-03-26 15:32:18,950 [INFO] CodeEngine:257 - Generated code: C:\Users\ACER\STM32CubeIDE\workspace_1.7.0\Lab1\ex7\ex7\Core\Src\stm32f1xx_hal_msp.c
2024-03-26 15:32:18,953 [INFO] CodeEngine:239 - oldGeneratedFile, C:\Users\ACER\STM32CubeIDE\workspace_1.7.0\Lab1\ex7\ex7\MXTmpFiles\system.tmp_save
2024-03-26 15:32:18,994 [INFO] CodeEngine:257 - Generated code: C:\Users\ACER\STM32CubeIDE\workspace_1.7.0\Lab1\ex7\ex7\MXTmpFiles\system.tmp
2024-03-26 15:32:19,004 [INFO] CodeEngine:239 - oldGeneratedFile, C:\Users\ACER\STM32CubeIDE\workspace_1.7.0\Lab1\ex7\ex7\Core\Inc\stm32f1xx_hal_conf.h_save
2024-03-26 15:32:19,097 [INFO] CodeEngine:257 - Generated code: C:\Users\ACER\STM32CubeIDE\workspace_1.7.0\Lab1\ex7\ex7\Core\Inc\stm32f1xx_hal_conf.h
2024-03-26 15:32:19,125 [INFO] CodeEngine:239 - oldGeneratedFile, C:\Users\ACER\STM32CubeIDE\workspace_1.7.0\Lab1\ex7\ex7\Core\Inc\main.h_save
2024-03-26 15:32:19,200 [INFO] CodeEngine:257 - Generated code: C:\Users\ACER\STM32CubeIDE\workspace_1.7.0\Lab1\ex7\ex7\Core\Inc\main.h
2024-03-26 15:32:19,212 [INFO] CodeEngine:239 - oldGeneratedFile, C:\Users\ACER\STM32CubeIDE\workspace_1.7.0\Lab1\ex7\ex7\Core\Src\main.c_save
2024-03-26 15:32:19,354 [INFO] CodeEngine:257 - Generated code: C:\Users\ACER\STM32CubeIDE\workspace_1.7.0\Lab1\ex7\ex7\Core\Src\main.c
2024-03-26 15:32:20,386 [INFO] ProjectBuilder:2578 - Time for Copy HAL[1] : 53mS.
2024-03-26 15:32:20,389 [INFO] ProjectBuilder:3622 - Project Generator version: 3.14.1
2024-03-26 15:32:20,801 [INFO] ConfigFileManager:1271 - The Die is : DIE412
2024-03-26 15:32:22,856 [INFO] ProjectBuilder:3789 - Time for Generating toolchain IDE Files: 2467mS.
2024-03-26 15:32:22,857 [INFO] ProjectBuilder:2457 - Time for Copy CMSIS : 1mS.
2024-03-26 15:32:22,858 [INFO] ProjectBuilder:2457 - Time for Copy CMSIS : 0mS.
