2024-03-26 21:01:35,710 [INFO] Activator:177 - 


2024-03-26 21:01:35,712 [INFO] Activator:178 - !SESSION log4j initialized
2024-03-26 21:01:55,322 [INFO] McuFinderGlobals:39 - Set McuFinder mode to 2 (CubeIDE integrated)
2024-03-26 21:01:55,406 [INFO] ApplicationProperties:181 - Using Application install path: C:\ST\STM32CubeIDE_1.7.0\STM32CubeIDE\plugins\com.st.stm32cube.common.mx_6.3.0.202107141111
2024-03-26 21:01:55,415 [INFO] DbMcusXml:74 - Set database path to: C:\ST\STM32CubeIDE_1.7.0\STM32CubeIDE\plugins\com.st.stm32cube.common.mx_6.3.0.202107141111\\db\/mcu/
2024-03-26 21:01:55,417 [INFO] DbBoardsPdsc:56 - Set plugin database path to: C:\ST\STM32CubeIDE_1.7.0\STM32CubeIDE\plugins\com.st.stm32cube.common.mx_6.3.0.202107141111\\db\/plugins/boardmanager/
2024-03-26 21:01:55,418 [INFO] DbMcus:258 - Set plugin images path to: C:\ST\STM32CubeIDE_1.7.0\STM32CubeIDE\plugins\com.st.stm32cube.common.mx_6.3.0.202107141111\\db\/plugins/mcufinder/images/
2024-03-26 21:01:55,418 [INFO] DbBoards:264 - Set plugin images path to: C:\ST\STM32CubeIDE_1.7.0\STM32CubeIDE\plugins\com.st.stm32cube.common.mx_6.3.0.202107141111\\db\/plugins/mcufinder/images/
2024-03-26 21:01:55,420 [INFO] DbExamples:333 - Set plugin images path to: C:\ST\STM32CubeIDE_1.7.0\STM32CubeIDE\plugins\com.st.stm32cube.common.mx_6.3.0.202107141111\\db\/plugins/mcufinder/images/
2024-03-26 21:01:55,422 [INFO] DbMcusAds:119 - Set database path to: C:\Users\ACER\.stmcufinder\plugins\mcufinder//mcu/
2024-03-26 21:01:55,422 [INFO] DbMcusDocs:110 - Set database path to: C:\Users\ACER\.stmcufinder\plugins\mcufinder//mcu/
2024-03-26 21:01:55,425 [INFO] DbMcusJson:64 - Set database path to: C:\Users\ACER\.stmcufinder\plugins\mcufinder//mcu/
2024-03-26 21:01:55,425 [INFO] DbBoardsDocs:110 - Set database path to: C:\Users\ACER\.stmcufinder\plugins\mcufinder//mcu/
2024-03-26 21:01:55,426 [INFO] DbBoardsJson:57 - Set database path to: C:\Users\ACER\.stmcufinder\plugins\mcufinder//mcu/
2024-03-26 21:01:56,337 [INFO] CrossReferenceDbSqlite:196 - Set database path to: C:\Users\ACER\.stmcufinder\plugins\mcufinder//mcu/cs/
2024-03-26 21:01:56,340 [INFO] DbExamplesSqlite:767 - Set database path to: C:\Users\ACER\.stmcufinder\plugins\mcufinder//mcu/
2024-03-26 21:01:56,400 [INFO] RulesReader:57 - Compatibility file has been processed (242 Rules)
2024-03-26 21:01:56,449 [INFO] DbMcusXml:74 - Set database path to: C:\ST\STM32CubeIDE_1.7.0\STM32CubeIDE\plugins\com.st.stm32cube.common.mx_6.3.0.202107141111\\db\/mcu/
2024-03-26 21:01:56,450 [INFO] DbBoardsPdsc:56 - Set plugin database path to: C:\ST\STM32CubeIDE_1.7.0\STM32CubeIDE\plugins\com.st.stm32cube.common.mx_6.3.0.202107141111\\db\/plugins/boardmanager/
2024-03-26 21:01:56,450 [INFO] DbMcus:258 - Set plugin images path to: C:\ST\STM32CubeIDE_1.7.0\STM32CubeIDE\plugins\com.st.stm32cube.common.mx_6.3.0.202107141111\\db\/plugins/mcufinder/images/
2024-03-26 21:01:56,450 [INFO] DbBoards:264 - Set plugin images path to: C:\ST\STM32CubeIDE_1.7.0\STM32CubeIDE\plugins\com.st.stm32cube.common.mx_6.3.0.202107141111\\db\/plugins/mcufinder/images/
2024-03-26 21:01:56,450 [INFO] DbExamples:333 - Set plugin images path to: C:\ST\STM32CubeIDE_1.7.0\STM32CubeIDE\plugins\com.st.stm32cube.common.mx_6.3.0.202107141111\\db\/plugins/mcufinder/images/
2024-03-26 21:01:56,450 [WARN] DbFile:35 - Overriding database path with different value: C:\Users\ACER\.stmcufinder\plugins\mcufinder/ => C:\Users\ACER\.stmcufinder\plugins\mcufinder
2024-03-26 21:01:56,450 [INFO] DbMcusAds:119 - Set database path to: C:\Users\ACER\.stmcufinder\plugins\mcufinder//mcu/
2024-03-26 21:01:56,450 [WARN] DbFile:35 - Overriding database path with different value: C:\Users\ACER\.stmcufinder\plugins\mcufinder/ => C:\Users\ACER\.stmcufinder\plugins\mcufinder
2024-03-26 21:01:56,451 [INFO] DbMcusDocs:110 - Set database path to: C:\Users\ACER\.stmcufinder\plugins\mcufinder//mcu/
2024-03-26 21:01:56,451 [WARN] DbFile:35 - Overriding database path with different value: C:\Users\ACER\.stmcufinder\plugins\mcufinder/ => C:\Users\ACER\.stmcufinder\plugins\mcufinder
2024-03-26 21:01:56,451 [INFO] DbMcusJson:64 - Set database path to: C:\Users\ACER\.stmcufinder\plugins\mcufinder//mcu/
2024-03-26 21:01:56,451 [WARN] DbFile:35 - Overriding database path with different value: C:\Users\ACER\.stmcufinder\plugins\mcufinder/ => C:\Users\ACER\.stmcufinder\plugins\mcufinder
2024-03-26 21:01:56,451 [INFO] DbBoardsDocs:110 - Set database path to: C:\Users\ACER\.stmcufinder\plugins\mcufinder//mcu/
2024-03-26 21:01:56,451 [WARN] DbFile:35 - Overriding database path with different value: C:\Users\ACER\.stmcufinder\plugins\mcufinder/ => C:\Users\ACER\.stmcufinder\plugins\mcufinder
2024-03-26 21:01:56,451 [INFO] DbBoardsJson:57 - Set database path to: C:\Users\ACER\.stmcufinder\plugins\mcufinder//mcu/
2024-03-26 21:01:56,451 [WARN] DbFile:35 - Overriding database path with different value: C:\Users\ACER\.stmcufinder\plugins\mcufinder/ => C:\Users\ACER\.stmcufinder\plugins\mcufinder
2024-03-26 21:01:56,451 [WARN] DbFile:35 - Overriding database path with different value: C:\Users\ACER\.stmcufinder\plugins\mcufinder/ => C:\Users\ACER\.stmcufinder\plugins\mcufinder
2024-03-26 21:01:57,333 [INFO] CrossReferenceDbSqlite:196 - Set database path to: C:\Users\ACER\.stmcufinder\plugins\mcufinder//mcu/cs/
2024-03-26 21:01:57,333 [WARN] DbFile:35 - Overriding database path with different value: C:\Users\ACER\.stmcufinder\plugins\mcufinder/ => C:\Users\ACER\.stmcufinder\plugins\mcufinder
2024-03-26 21:01:57,334 [INFO] DbExamplesSqlite:767 - Set database path to: C:\Users\ACER\.stmcufinder\plugins\mcufinder//mcu/
2024-03-26 21:01:57,373 [INFO] MainPanel:214 - HeapMemory: 268435456
2024-03-26 21:01:57,419 [INFO] DbMcusXml:74 - Set database path to: C:\ST\STM32CubeIDE_1.7.0\STM32CubeIDE\plugins\com.st.stm32cube.common.mx_6.3.0.202107141111\\db\/mcu/
2024-03-26 21:01:57,419 [INFO] DbBoardsPdsc:56 - Set plugin database path to: C:\ST\STM32CubeIDE_1.7.0\STM32CubeIDE\plugins\com.st.stm32cube.common.mx_6.3.0.202107141111\\db\/plugins/boardmanager/
2024-03-26 21:01:57,419 [INFO] DbMcus:258 - Set plugin images path to: C:\ST\STM32CubeIDE_1.7.0\STM32CubeIDE\plugins\com.st.stm32cube.common.mx_6.3.0.202107141111\\db\/plugins/mcufinder/images/
2024-03-26 21:01:57,419 [INFO] DbBoards:264 - Set plugin images path to: C:\ST\STM32CubeIDE_1.7.0\STM32CubeIDE\plugins\com.st.stm32cube.common.mx_6.3.0.202107141111\\db\/plugins/mcufinder/images/
2024-03-26 21:01:57,419 [INFO] DbExamples:333 - Set plugin images path to: C:\ST\STM32CubeIDE_1.7.0\STM32CubeIDE\plugins\com.st.stm32cube.common.mx_6.3.0.202107141111\\db\/plugins/mcufinder/images/
2024-03-26 21:01:57,419 [WARN] DbFile:35 - Overriding database path with different value: C:\Users\ACER\.stmcufinder\plugins\mcufinder/ => C:\Users\ACER\.stmcufinder\plugins\mcufinder
2024-03-26 21:01:57,419 [INFO] DbMcusAds:119 - Set database path to: C:\Users\ACER\.stmcufinder\plugins\mcufinder//mcu/
2024-03-26 21:01:57,419 [WARN] DbFile:35 - Overriding database path with different value: C:\Users\ACER\.stmcufinder\plugins\mcufinder/ => C:\Users\ACER\.stmcufinder\plugins\mcufinder
2024-03-26 21:01:57,419 [INFO] DbMcusDocs:110 - Set database path to: C:\Users\ACER\.stmcufinder\plugins\mcufinder//mcu/
2024-03-26 21:01:57,419 [WARN] DbFile:35 - Overriding database path with different value: C:\Users\ACER\.stmcufinder\plugins\mcufinder/ => C:\Users\ACER\.stmcufinder\plugins\mcufinder
2024-03-26 21:01:57,419 [INFO] DbMcusJson:64 - Set database path to: C:\Users\ACER\.stmcufinder\plugins\mcufinder//mcu/
2024-03-26 21:01:57,420 [WARN] DbFile:35 - Overriding database path with different value: C:\Users\ACER\.stmcufinder\plugins\mcufinder/ => C:\Users\ACER\.stmcufinder\plugins\mcufinder
2024-03-26 21:01:57,420 [INFO] DbBoardsDocs:110 - Set database path to: C:\Users\ACER\.stmcufinder\plugins\mcufinder//mcu/
2024-03-26 21:01:57,420 [WARN] DbFile:35 - Overriding database path with different value: C:\Users\ACER\.stmcufinder\plugins\mcufinder/ => C:\Users\ACER\.stmcufinder\plugins\mcufinder
2024-03-26 21:01:57,420 [INFO] DbBoardsJson:57 - Set database path to: C:\Users\ACER\.stmcufinder\plugins\mcufinder//mcu/
2024-03-26 21:01:57,420 [WARN] DbFile:35 - Overriding database path with different value: C:\Users\ACER\.stmcufinder\plugins\mcufinder/ => C:\Users\ACER\.stmcufinder\plugins\mcufinder
2024-03-26 21:01:57,420 [WARN] DbFile:35 - Overriding database path with different value: C:\Users\ACER\.stmcufinder\plugins\mcufinder/ => C:\Users\ACER\.stmcufinder\plugins\mcufinder
2024-03-26 21:01:58,337 [INFO] CrossReferenceDbSqlite:196 - Set database path to: C:\Users\ACER\.stmcufinder\plugins\mcufinder//mcu/cs/
2024-03-26 21:01:58,337 [WARN] DbFile:35 - Overriding database path with different value: C:\Users\ACER\.stmcufinder\plugins\mcufinder/ => C:\Users\ACER\.stmcufinder\plugins\mcufinder
2024-03-26 21:01:58,337 [INFO] DbExamplesSqlite:767 - Set database path to: C:\Users\ACER\.stmcufinder\plugins\mcufinder//mcu/
2024-03-26 21:01:58,349 [INFO] ApplicationProperties:181 - Using Application install path: C:\ST\STM32CubeIDE_1.7.0\STM32CubeIDE\plugins\com.st.stm32cube.common.mx_6.3.0.202107141111
2024-03-26 21:01:58,350 [INFO] PluginManage:188 - Search for loadable plugins [exclusion list=, ]
2024-03-26 21:01:58,351 [INFO] PluginManage:302 - Check plugin analytics
2024-03-26 21:02:04,068 [INFO] AnalyticsPlugin:257 - Accepted Software Licenses: 
2024-03-26 21:02:04,068 [INFO] AnalyticsPlugin:259 - Accepted CMSIS Pack Licenses: 
2024-03-26 21:02:04,068 [INFO] AnalyticsPlugin:261 - Accepted Firmware Licenses: 
2024-03-26 21:02:04,069 [INFO] PluginManage:352 - Loaded plugin analytics (category:tool,tabindex:-1)
2024-03-26 21:02:04,069 [INFO] PluginManage:302 - Check plugin clock
2024-03-26 21:02:04,076 [INFO] PluginManage:352 - Loaded plugin clock (category:base,tabindex:2)
2024-03-26 21:02:04,076 [INFO] PluginManage:302 - Check plugin ddr
2024-03-26 21:02:04,077 [INFO] PluginManage:352 - Loaded plugin ddr (category:tool,tabindex:6)
2024-03-26 21:02:04,078 [INFO] PluginManage:302 - Check plugin filemanager
2024-03-26 21:02:04,163 [INFO] PluginManage:352 - Loaded plugin filemanager (category:base,tabindex:10)
2024-03-26 21:02:04,164 [INFO] PluginManage:302 - Check plugin ipmanager
2024-03-26 21:02:04,169 [INFO] PluginManage:352 - Loaded plugin ipmanager (category:base,tabindex:5)
2024-03-26 21:02:04,169 [INFO] PluginManage:302 - Check plugin pinoutandconfiguration
2024-03-26 21:02:04,175 [INFO] PluginManage:352 - Loaded plugin pinoutandconfiguration (category:base,tabindex:1)
2024-03-26 21:02:04,175 [INFO] PluginManage:302 - Check plugin pinoutconfig
2024-03-26 21:02:04,194 [INFO] PluginManage:352 - Loaded plugin pinoutconfig (category:base,tabindex:0)
2024-03-26 21:02:04,194 [INFO] PluginManage:302 - Check plugin power
2024-03-26 21:02:04,199 [INFO] PluginManage:352 - Loaded plugin power (category:power,tabindex:4)
2024-03-26 21:02:04,200 [INFO] PluginManage:302 - Check plugin projectmanager
2024-03-26 21:02:04,211 [INFO] PluginManage:352 - Loaded plugin projectmanager (category:projectmanager,tabindex:3)
2024-03-26 21:02:04,211 [INFO] PluginManage:302 - Check plugin thirdparty
2024-03-26 21:02:04,286 [INFO] PluginManage:352 - Loaded plugin thirdparty (category:base,tabindex:-1)
2024-03-26 21:02:04,287 [WARN] IntegrityCheckThread:78 - waiting for thirdparty lock release [integrity check]
2024-03-26 21:02:04,287 [INFO] PluginManage:302 - Check plugin tools
2024-03-26 21:02:04,288 [INFO] IntegrityCheckThread:80 - entering critical section [integrity check]
2024-03-26 21:02:04,288 [INFO] ThirdPartyUpdaterWithRetryManager:66 - Updater plugin not ready yet. [1/15]
2024-03-26 21:02:04,289 [INFO] PluginManage:352 - Loaded plugin tools (category:base,tabindex:7)
2024-03-26 21:02:04,289 [INFO] PluginManage:302 - Check plugin tutovideos
2024-03-26 21:02:04,424 [INFO] PluginManage:352 - Loaded plugin tutovideos (category:base,tabindex:-1)
2024-03-26 21:02:04,425 [INFO] PluginManage:302 - Check plugin updater
2024-03-26 21:02:04,434 [INFO] PluginManage:352 - Loaded plugin updater (category:base,tabindex:12)
2024-03-26 21:02:04,434 [INFO] PluginManage:275 - PluginManage : Loaded plugins [13]
2024-03-26 21:02:04,606 [INFO] PinOutPanel:1463 - setPackage(No Configuration,No Configuration)
2024-03-26 21:02:04,672 [INFO] IPUIPlugin:74 - create IPUIPlugin
2024-03-26 21:02:04,672 [INFO] PluginManager:213 - loadIPPluginJar : add adc
2024-03-26 21:02:04,674 [INFO] IPUIPlugin:74 - create IPUIPlugin
2024-03-26 21:02:04,674 [INFO] PluginManager:213 - loadIPPluginJar : add aes
2024-03-26 21:02:04,676 [INFO] IPUIPlugin:74 - create IPUIPlugin
2024-03-26 21:02:04,676 [INFO] PluginManager:213 - loadIPPluginJar : add can
2024-03-26 21:02:04,677 [INFO] IPUIPlugin:74 - create IPUIPlugin
2024-03-26 21:02:04,677 [INFO] PluginManager:213 - loadIPPluginJar : add comp
2024-03-26 21:02:04,678 [INFO] IPUIPlugin:74 - create IPUIPlugin
2024-03-26 21:02:04,678 [INFO] PluginManager:213 - loadIPPluginJar : add cryp
2024-03-26 21:02:04,680 [INFO] IPUIPlugin:74 - create IPUIPlugin
2024-03-26 21:02:04,680 [INFO] PluginManager:213 - loadIPPluginJar : add dfsdm
2024-03-26 21:02:04,685 [INFO] IPUIPlugin:74 - create IPUIPlugin
2024-03-26 21:02:04,686 [INFO] PluginManager:213 - loadIPPluginJar : add dma
2024-03-26 21:02:04,688 [INFO] IPUIPlugin:74 - create IPUIPlugin
2024-03-26 21:02:04,688 [INFO] PluginManager:213 - loadIPPluginJar : add dma3
2024-03-26 21:02:04,688 [INFO] IPUIPlugin:74 - create IPUIPlugin
2024-03-26 21:02:04,689 [INFO] PluginManager:213 - loadIPPluginJar : add fatfs
2024-03-26 21:02:04,691 [INFO] IPUIPlugin:74 - create IPUIPlugin
2024-03-26 21:02:04,692 [INFO] PluginManager:213 - loadIPPluginJar : add fmc
2024-03-26 21:02:04,695 [INFO] IPUIPlugin:74 - create IPUIPlugin
2024-03-26 21:02:04,696 [INFO] PluginManager:213 - loadIPPluginJar : add freertos
2024-03-26 21:02:04,697 [INFO] IPUIPlugin:74 - create IPUIPlugin
2024-03-26 21:02:04,697 [INFO] PluginManager:213 - loadIPPluginJar : add genericplugin
2024-03-26 21:02:04,698 [INFO] IPUIPlugin:74 - create IPUIPlugin
2024-03-26 21:02:04,698 [INFO] PluginManager:213 - loadIPPluginJar : add gfxmmu
2024-03-26 21:02:04,702 [INFO] IPUIPlugin:74 - create IPUIPlugin
2024-03-26 21:02:04,702 [INFO] PluginManager:213 - loadIPPluginJar : add gic
2024-03-26 21:02:04,705 [INFO] IPUIPlugin:74 - create IPUIPlugin
2024-03-26 21:02:04,705 [INFO] PluginManager:213 - loadIPPluginJar : add gpio
2024-03-26 21:02:04,707 [INFO] IPUIPlugin:74 - create IPUIPlugin
2024-03-26 21:02:04,707 [INFO] PluginManager:213 - loadIPPluginJar : add gtzc
2024-03-26 21:02:04,708 [INFO] IPUIPlugin:74 - create IPUIPlugin
2024-03-26 21:02:04,708 [INFO] PluginManager:213 - loadIPPluginJar : add hash
2024-03-26 21:02:04,710 [INFO] IPUIPlugin:74 - create IPUIPlugin
2024-03-26 21:02:04,710 [INFO] PluginManager:213 - loadIPPluginJar : add i2c
2024-03-26 21:02:04,711 [INFO] IPUIPlugin:74 - create IPUIPlugin
2024-03-26 21:02:04,711 [INFO] PluginManager:213 - loadIPPluginJar : add i2s
2024-03-26 21:02:04,714 [INFO] IPUIPlugin:74 - create IPUIPlugin
2024-03-26 21:02:04,714 [INFO] PluginManager:213 - loadIPPluginJar : add ipddr
2024-03-26 21:02:04,719 [INFO] IPUIPlugin:74 - create IPUIPlugin
2024-03-26 21:02:04,719 [INFO] PluginManager:213 - loadIPPluginJar : add linkedlist
2024-03-26 21:02:04,721 [INFO] IPUIPlugin:74 - create IPUIPlugin
2024-03-26 21:02:04,721 [INFO] PluginManager:213 - loadIPPluginJar : add lorawan
2024-03-26 21:02:04,721 [INFO] IPUIPlugin:74 - create IPUIPlugin
2024-03-26 21:02:04,721 [INFO] PluginManager:213 - loadIPPluginJar : add ltdc
2024-03-26 21:02:04,724 [INFO] IPUIPlugin:74 - create IPUIPlugin
2024-03-26 21:02:04,724 [INFO] PluginManager:213 - loadIPPluginJar : add mdma
2024-03-26 21:02:04,726 [INFO] IPUIPlugin:74 - create IPUIPlugin
2024-03-26 21:02:04,726 [INFO] PluginManager:213 - loadIPPluginJar : add nvic
2024-03-26 21:02:04,728 [INFO] IPUIPlugin:74 - create IPUIPlugin
2024-03-26 21:02:04,728 [INFO] PluginManager:213 - loadIPPluginJar : add opamp
2024-03-26 21:02:04,731 [INFO] IPUIPlugin:74 - create IPUIPlugin
2024-03-26 21:02:04,731 [INFO] PluginManager:213 - loadIPPluginJar : add openamp
2024-03-26 21:02:04,733 [INFO] IPUIPlugin:74 - create IPUIPlugin
2024-03-26 21:02:04,733 [INFO] PluginManager:213 - loadIPPluginJar : add pdm2pcm
2024-03-26 21:02:04,738 [INFO] IPUIPlugin:74 - create IPUIPlugin
2024-03-26 21:02:04,740 [INFO] PluginManager:213 - loadIPPluginJar : add plateformsettings
2024-03-26 21:02:04,741 [INFO] IPUIPlugin:74 - create IPUIPlugin
2024-03-26 21:02:04,741 [INFO] PluginManager:213 - loadIPPluginJar : add quadspi
2024-03-26 21:02:04,743 [INFO] IPUIPlugin:74 - create IPUIPlugin
2024-03-26 21:02:04,743 [INFO] PluginManager:213 - loadIPPluginJar : add resmgrutility
2024-03-26 21:02:04,745 [INFO] IPUIPlugin:74 - create IPUIPlugin
2024-03-26 21:02:04,746 [INFO] PluginManager:213 - loadIPPluginJar : add sai
2024-03-26 21:02:04,747 [INFO] IPUIPlugin:74 - create IPUIPlugin
2024-03-26 21:02:04,747 [INFO] PluginManager:213 - loadIPPluginJar : add spi
2024-03-26 21:02:04,751 [INFO] IPUIPlugin:74 - create IPUIPlugin
2024-03-26 21:02:04,751 [INFO] PluginManager:213 - loadIPPluginJar : add stm32_wpan
2024-03-26 21:02:04,752 [INFO] IPUIPlugin:74 - create IPUIPlugin
2024-03-26 21:02:04,752 [INFO] PluginManager:213 - loadIPPluginJar : add tim
2024-03-26 21:02:04,754 [INFO] IPUIPlugin:74 - create IPUIPlugin
2024-03-26 21:02:04,754 [INFO] PluginManager:213 - loadIPPluginJar : add touchsensing
2024-03-26 21:02:04,755 [INFO] IPUIPlugin:74 - create IPUIPlugin
2024-03-26 21:02:04,755 [INFO] PluginManager:213 - loadIPPluginJar : add tracer_emb
2024-03-26 21:02:04,756 [INFO] IPUIPlugin:74 - create IPUIPlugin
2024-03-26 21:02:04,756 [INFO] PluginManager:213 - loadIPPluginJar : add ts
2024-03-26 21:02:04,757 [INFO] IPUIPlugin:74 - create IPUIPlugin
2024-03-26 21:02:04,757 [INFO] PluginManager:213 - loadIPPluginJar : add tsc
2024-03-26 21:02:04,758 [INFO] IPUIPlugin:74 - create IPUIPlugin
2024-03-26 21:02:04,758 [INFO] PluginManager:213 - loadIPPluginJar : add ucpd
2024-03-26 21:02:04,760 [INFO] IPUIPlugin:74 - create IPUIPlugin
2024-03-26 21:02:04,760 [INFO] PluginManager:213 - loadIPPluginJar : add usart
2024-03-26 21:02:04,761 [INFO] IPUIPlugin:74 - create IPUIPlugin
2024-03-26 21:02:04,761 [INFO] PluginManager:213 - loadIPPluginJar : add usbx
2024-03-26 21:02:04,981 [FATAL] Updater:294 - Updater called before beeing initialized
2024-03-26 21:02:05,053 [FATAL] Updater:294 - Updater called before beeing initialized
2024-03-26 21:02:05,058 [INFO] DbMcusAds:47 - JSON generation date=Wed Nov 29 17:52:27 ICT 2023 (1701255147349)
2024-03-26 21:02:05,058 [FATAL] Updater:294 - Updater called before beeing initialized
2024-03-26 21:02:05,085 [WARN] DetailPanel:314 - Failed to get advertising image, set to default
2024-03-26 21:02:05,145 [FATAL] Updater:294 - Updater called before beeing initialized
2024-03-26 21:02:05,146 [FATAL] Updater:294 - Updater called before beeing initialized
2024-03-26 21:02:05,146 [FATAL] Updater:294 - Updater called before beeing initialized
2024-03-26 21:02:05,147 [WARN] DetailPanel:314 - Failed to get advertising image, set to default
2024-03-26 21:02:05,148 [FATAL] Updater:294 - Updater called before beeing initialized
2024-03-26 21:02:05,183 [ERROR] Updater:1075 - MainUpdater not yet initialized. External WinMGr cannot be set.
2024-03-26 21:02:05,185 [INFO] Updater:1012 - Updater Version found : 6.3.0
2024-03-26 21:02:05,202 [INFO] ApplicationProperties:181 - Using Application install path: C:\ST\STM32CubeIDE_1.7.0\STM32CubeIDE\plugins\com.st.stm32cube.common.mx_6.3.0.202107141111
2024-03-26 21:02:06,368 [INFO] MainUpdater:2671 - connection check result : 10
2024-03-26 21:02:06,369 [INFO] MainUpdater:265 - Updater Check For Update Now.
2024-03-26 21:02:06,369 [INFO] MicroXplorer:478 - Change Database Version : DB.6.0.30
2024-03-26 21:02:06,509 [INFO] CheckServerUpdateThread:112 - End of CheckServer Thread
2024-03-26 21:02:06,585 [INFO] MainUpdater:2671 - connection check result : 10
2024-03-26 21:02:06,751 [INFO] McuFinderGlobals:52 - Set McuFinderConnectedMode to false
2024-03-26 21:02:06,821 [INFO] CrossSelectorPresenter:1330 - Cross Selector saved comparison directory: C:\Users\ACER\.stmcufinder\plugins\mcufinder\mcu\cs_comparisons_mx
2024-03-26 21:02:06,830 [INFO] MultiScanPanel:197 - Auto-refresh data requested => check proxy status ongoing
2024-03-26 21:02:06,830 [INFO] MultiScanPanel:201 - Proxy status is invalid
2024-03-26 21:02:06,833 [INFO] FinderPluginLoader:87 - Searching for filters in installed packs
2024-03-26 21:02:06,835 [INFO] DbMcusXml:100 - Load MCU database from C:\ST\STM32CubeIDE_1.7.0\STM32CubeIDE\plugins\com.st.stm32cube.common.mx_6.3.0.202107141111\\db\/mcu/families.xml
2024-03-26 21:02:07,437 [WARN] PackLoader:238 - Cannot read IP mode file for STMicroelectronics.X-CUBE-AZRTOS-F4.1.1.0
2024-03-26 21:02:07,463 [ERROR] Engine:463 - C:\Users\ACER\.stm32cubemx\thirdparties\pdsc\STMicroelectronics.X-CUBE-SMBUS.2.1.0.pdsc: PDSC version is not supported
2024-03-26 21:02:07,466 [WARN] PackLoader:238 - Cannot read IP mode file for wolfSSL.I-CUBE-wolfSSL.5.6.6
2024-03-26 21:02:07,470 [WARN] PackLoader:238 - Cannot read IP mode file for STMicroelectronics.X-CUBE-TOUCHGFX.4.23.0
2024-03-26 21:02:07,512 [WARN] PackLoader:238 - Cannot read IP mode file for STMicroelectronics.X-CUBE-AZRTOS-L5.2.0.0
2024-03-26 21:02:07,548 [WARN] PackLoader:238 - Cannot read IP mode file for STMicroelectronics.X-CUBE-AZRTOS-F7.1.1.0
2024-03-26 21:02:07,572 [WARN] PackLoader:238 - Cannot read IP mode file for STMicroelectronics.X-CUBE-NFC6.3.1.0
2024-03-26 21:02:07,577 [ERROR] Engine:463 - C:\Users\ACER\.stm32cubemx\thirdparties\pdsc\ITTIA_DB.I-CUBE-ITTIADB.8.8.0.pdsc: PDSC version is not supported
2024-03-26 21:02:07,579 [ERROR] Engine:463 - C:\Users\ACER\.stm32cubemx\thirdparties\pdsc\STMicroelectronics.FP-SNS-FLIGHT1.5.0.2.pdsc: PDSC version is not supported
2024-03-26 21:02:07,580 [ERROR] Engine:463 - C:\Users\ACER\.stm32cubemx\thirdparties\pdsc\emotas.I-CUBE-CANOPEN.1.3.0.pdsc: PDSC version is not supported
2024-03-26 21:02:07,589 [WARN] PackLoader:238 - Cannot read IP mode file for STMicroelectronics.X-CUBE-NFC6.3.0.0
2024-03-26 21:02:07,591 [INFO] DbMcusJson:93 - JSON generation date=Tue Nov 16 23:17:54 ICT 2021 (1637079474)
2024-03-26 21:02:07,601 [INFO] LogOutputStream:76 - [STDOUT_REDIRECT] 1 : Invalid condition id : UX_CORESTACK_Condition cause : null
2024-03-26 21:02:07,603 [INFO] LogOutputStream:76 - [STDOUT_REDIRECT] 1 : Invalid condition id : UX_CORESTACK_Condition cause : null
2024-03-26 21:02:07,603 [INFO] LogOutputStream:76 - [STDOUT_REDIRECT] 1 : Invalid condition id : UX_CORESTACK_Condition cause : null
2024-03-26 21:02:07,604 [INFO] LogOutputStream:76 - [STDOUT_REDIRECT] 1 : Invalid condition id : UX_CORESTACK_Condition cause : null
2024-03-26 21:02:07,605 [INFO] LogOutputStream:76 - [STDOUT_REDIRECT] 1 : Invalid condition id : UX_CORESTACK_Condition cause : null
2024-03-26 21:02:07,606 [WARN] PackLoader:238 - Cannot read IP mode file for STMicroelectronics.X-CUBE-AZRTOS-WL.2.0.0
2024-03-26 21:02:07,622 [WARN] ConditionMgr:437 - getConditionDescription Invalid condition id : LAN8742 Phy interface Condition cause : null
2024-03-26 21:02:07,623 [WARN] PackLoader:238 - Cannot read IP mode file for STMicroelectronics.X-CUBE-AZRTOS-L4.2.0.0
2024-03-26 21:02:07,624 [WARN] ConditionMgr:1038 - genDependencies : Invalid condition id : LAN8742 Phy interface Condition cause : null
2024-03-26 21:02:07,624 [WARN] ConditionMgr:1038 - genDependencies : Invalid condition id : LAN8742 Phy interface Condition cause : null
2024-03-26 21:02:07,625 [WARN] ConditionMgr:1038 - genDependencies : Invalid condition id : LAN8742 Phy interface Condition cause : null
2024-03-26 21:02:07,638 [WARN] PackLoader:238 - Cannot read IP mode file for WES.I-CUBE-Cesium.1.3.0
2024-03-26 21:02:07,645 [WARN] PackLoader:238 - Cannot read IP mode file for STMicroelectronics.X-CUBE-SFXS2LP1.4.0.0
2024-03-26 21:02:07,669 [WARN] ConditionMgr:437 - getConditionDescription Invalid condition id : UX DEVICE CLASS RTOS Condition cause : null
2024-03-26 21:02:07,669 [WARN] ConditionMgr:437 - getConditionDescription Invalid condition id : UX DEVICE CLASS RTOS Condition cause : null
2024-03-26 21:02:07,671 [WARN] PackLoader:238 - Cannot read IP mode file for STMicroelectronics.X-CUBE-AZRTOS-WB.2.0.0
2024-03-26 21:02:07,671 [WARN] ConditionMgr:1038 - genDependencies : Invalid condition id : UX DEVICE CLASS RTOS Condition cause : null
2024-03-26 21:02:07,671 [WARN] ConditionMgr:1038 - genDependencies : Invalid condition id : UX DEVICE CLASS RTOS Condition cause : null
2024-03-26 21:02:07,672 [WARN] ConditionMgr:1038 - genDependencies : Invalid condition id : UX DEVICE CLASS RTOS Condition cause : null
2024-03-26 21:02:07,672 [WARN] ConditionMgr:1038 - genDependencies : Invalid condition id : UX DEVICE CLASS RTOS Condition cause : null
2024-03-26 21:02:07,672 [WARN] ConditionMgr:1038 - genDependencies : Invalid condition id : UX DEVICE CLASS RTOS Condition cause : null
2024-03-26 21:02:07,678 [WARN] PackLoader:238 - Cannot read IP mode file for STMicroelectronics.X-CUBE-ALGOBUILD.1.3.0
2024-03-26 21:02:07,696 [WARN] PackLoader:238 - Cannot read IP mode file for STMicroelectronics.X-CUBE-AZRTOS-G0.1.1.0
2024-03-26 21:02:07,705 [WARN] PackLoader:238 - Cannot read IP mode file for STMicroelectronics.X-CUBE-SUBG2.5.0.0
2024-03-26 21:02:07,730 [WARN] PackLoader:238 - Cannot read IP mode file for STMicroelectronics.X-CUBE-AZRTOS-G4.2.0.0
2024-03-26 21:02:07,738 [ERROR] Engine:463 - C:\Users\ACER\.stm32cubemx\thirdparties\pdsc\Infineon.AIROC-Wi-Fi-Bluetooth-STM32.1.5.1.pdsc: PDSC version is not supported
2024-03-26 21:02:07,743 [WARN] PackLoader:238 - Cannot read IP mode file for portGmbH.I-Cube-SoM-uGOAL.1.1.0
2024-03-26 21:02:07,774 [WARN] PackLoader:238 - Cannot read IP mode file for SEGGER.I-CUBE-embOS.1.3.1
2024-03-26 21:02:07,835 [ERROR] Engine:463 - C:\Users\ACER\.stm32cubemx\thirdparties\pdsc\STMicroelectronics.X-CUBE-TOF1.3.4.1.pdsc: PDSC version is not supported
2024-03-26 21:02:07,853 [WARN] PackLoader:238 - Cannot read IP mode file for STMicroelectronics.X-CUBE-AZRTOS-H7.3.2.0
2024-03-26 21:02:07,856 [INFO] ThirdParty:915 - Integrity check success = true
2024-03-26 21:02:07,856 [INFO] IntegrityCheckThread:94 - exiting critical section [integrity check]
2024-03-26 21:02:07,856 [INFO] IntegrityCheckThread:97 - End integrity checks thread
2024-03-26 21:02:08,221 [INFO] DbMcus:175 - Found 1951 MCUs (1903 are supported by CubeMX, 1914 are visible in CubeMX)
2024-03-26 21:02:08,222 [INFO] ApiDb:251 - Load user favorites file C:\Users\ACER/.stm32cubeide/favorites.mcus.txt: 0 item(s)
2024-03-26 21:02:08,222 [INFO] ApiDb:255 - User favorites MCUs=[]
2024-03-26 21:02:08,222 [INFO] DbMcus:187 - Set 0 / 0 favorites MCUs
2024-03-26 21:02:08,629 [INFO] DetailPanel:309 - Set advertising image to C:/Users/ACER/STM32Cube/Repository/\en.prom-stm32wl3-mcu-finder.jpg
2024-03-26 21:02:08,991 [INFO] DbBoardsPdsc:90 - Found 25 items
2024-03-26 21:02:08,992 [INFO] DbBoardsPdsc:90 - Found 9 items
2024-03-26 21:02:08,994 [INFO] DbBoardsPdsc:90 - Found 33 items
2024-03-26 21:02:08,995 [INFO] DbBoardsPdsc:90 - Found 1 items
2024-03-26 21:02:08,999 [INFO] DbBoardsPdsc:90 - Found 48 items
2024-03-26 21:02:09,003 [INFO] DbBoardsPdsc:90 - Found 43 items
2024-03-26 21:02:09,004 [INFO] DbBoardsPdsc:90 - Found 2 items
2024-03-26 21:02:09,005 [INFO] DbBoardsPdsc:90 - Found 5 items
2024-03-26 21:02:09,008 [WARN] DbBoardsPdsc:254 - Board STM32H7B3I-DK: unknown feature type=Audio, name=, username=Audio stereo codec with Headphone Amp (CS42L51-CNZ), n=1
2024-03-26 21:02:09,008 [WARN] DbBoardsPdsc:254 - Board STM32H735G-DK: unknown feature type=Audio, name=, username=Audio stereo codec with Headphone Amp (WM8994ECS/R), n=1
2024-03-26 21:02:09,009 [WARN] DbBoardsPdsc:254 - Board STM32H7B3I-EVAL: unknown feature type=Audio, name=, username=Multi-Channel Audio Codec (CS42L51-CNZ), n=1
2024-03-26 21:02:09,009 [WARN] DbBoardsPdsc:254 - Board STM32H7B3I-EVAL: unknown feature type=Meter, name=, username=Power-metering and Temperature-monitoring with sigma-delta modulators, n=1
2024-03-26 21:02:09,009 [WARN] DbBoardsPdsc:254 - Board STM32H7B3I-EVAL: unknown feature type=Motor, name=, username=Motor Control, n=1
2024-03-26 21:02:09,010 [WARN] DbBoardsPdsc:254 - Board STM32U575I-EV: unknown feature type=joystick, name=, username=4-direction joystick with selection button, n=1
2024-03-26 21:02:09,022 [INFO] DbBoardsJson:86 - JSON generation date=Tue Nov 16 23:17:54 ICT 2021 (1637079474)
2024-03-26 21:02:09,026 [INFO] DbBoards:117 - Found 167 boards (163 are supported by CubeMX)
2024-03-26 21:02:09,028 [INFO] DbBoardsDocs:143 - JSON generation date=Tue Nov 16 23:17:54 ICT 2021 (1637079474)
2024-03-26 21:02:09,031 [INFO] DbBoardsDocs:79 - Found 209 boards documents
2024-03-26 21:02:09,031 [WARN] DbBoards:127 - board B-L475E-IOT01A2 has no document id list !
2024-03-26 21:02:09,032 [WARN] DbBoards:127 - board NUCLEO-H743ZI has no document id list !
2024-03-26 21:02:09,032 [WARN] DbBoards:127 - board NUCLEO-WL55JC2 has no document id list !
2024-03-26 21:02:09,032 [WARN] DbBoards:127 - board P-NUCLEO-WB55-Nucleo has no document id list !
2024-03-26 21:02:09,032 [WARN] DbBoards:127 - board P-NUCLEO-WB55-USBDongle has no document id list !
2024-03-26 21:02:09,032 [WARN] DbBoards:127 - board STEVAL-BFA001V1B has no document id list !
2024-03-26 21:02:09,032 [WARN] DbBoards:127 - board STEVAL-BFA001V2B has no document id list !
2024-03-26 21:02:09,032 [WARN] DbBoards:127 - board STEVAL-IDP005V1 has no document id list !
2024-03-26 21:02:09,032 [WARN] DbBoards:127 - board STEVAL-IDP005V2 has no document id list !
2024-03-26 21:02:09,032 [WARN] DbBoards:127 - board STEVAL-MKSBOX1V1 has no document id list !
2024-03-26 21:02:09,033 [WARN] DbBoards:127 - board STEVAL-STWINKT1 has no document id list !
2024-03-26 21:02:09,033 [WARN] DbBoards:127 - board STEVAL-STWINKT1B has no document id list !
2024-03-26 21:02:09,033 [WARN] DbBoards:127 - board STM32439I-EVAL2 has no document id list !
2024-03-26 21:02:09,033 [WARN] DbBoards:127 - board STM32F401C-DISCO has no document id list !
2024-03-26 21:02:09,033 [WARN] DbBoards:127 - board STM32F769I-DISC1 has no document id list !
2024-03-26 21:02:09,033 [WARN] DbBoards:127 - board STM32G474E-EVAL1 has no document id list !
2024-03-26 21:02:09,034 [WARN] DbBoards:127 - board STM32H743I-EVAL2 has no document id list !
2024-03-26 21:02:09,034 [WARN] DbBoards:127 - board STM32H747I-DISC1 has no document id list !
2024-03-26 21:02:09,034 [WARN] DbBoards:127 - board STM32H753I-EVAL2 has no document id list !
2024-03-26 21:02:09,034 [WARN] DbBoards:127 - board STM32L-DISCOVERY has no document id list !
2024-03-26 21:02:09,128 [ERROR] DbBoards:189 - Image file not found for board B-U585I-IOT02A: C:\ST\STM32CubeIDE_1.7.0\STM32CubeIDE\plugins\com.st.stm32cube.common.mx_6.3.0.202107141111\\db\/plugins/mcufinder/images/boards/B-U585I-IOT02A_small.jpg
2024-03-26 21:02:09,203 [ERROR] DbBoards:189 - Image file not found for board NUCLEO-F413ZH: C:\ST\STM32CubeIDE_1.7.0\STM32CubeIDE\plugins\com.st.stm32cube.common.mx_6.3.0.202107141111\\db\/plugins/mcufinder/images/boards/nucleo-f413zh_small.jpg
2024-03-26 21:02:09,352 [ERROR] DbBoards:189 - Image file not found for board NUCLEO-L552ZE-Q: C:\ST\STM32CubeIDE_1.7.0\STM32CubeIDE\plugins\com.st.stm32cube.common.mx_6.3.0.202107141111\\db\/plugins/mcufinder/images/boards/nucleo_l552ze_q_small.jpg
2024-03-26 21:02:09,352 [ERROR] DbBoards:189 - Image file not found for board NUCLEO-U575ZI-Q: C:\ST\STM32CubeIDE_1.7.0\STM32CubeIDE\plugins\com.st.stm32cube.common.mx_6.3.0.202107141111\\db\/plugins/mcufinder/images/boards/nucleo-u575zi-q_small.jpg
2024-03-26 21:02:09,352 [ERROR] DbBoards:189 - Image file not found for board NUCLEO-WB15CC: C:\ST\STM32CubeIDE_1.7.0\STM32CubeIDE\plugins\com.st.stm32cube.common.mx_6.3.0.202107141111\\db\/plugins/mcufinder/images/boards/nucleo-wb15cc_small.jpg
2024-03-26 21:02:09,352 [ERROR] DbBoards:189 - Image file not found for board NUCLEO-WB55RG: C:\ST\STM32CubeIDE_1.7.0\STM32CubeIDE\plugins\com.st.stm32cube.common.mx_6.3.0.202107141111\\db\/plugins/mcufinder/images/boards/nucleo-wb55rg_small.jpg
2024-03-26 21:02:10,192 [INFO] ApiDb:251 - Load user favorites file C:\Users\ACER/.stm32cubeide/favorites.boards.txt: 0 item(s)
2024-03-26 21:02:10,193 [INFO] ApiDb:255 - User favorites Boards=[]
2024-03-26 21:02:10,193 [INFO] DbBoards:206 - Set 0 / 0 favorites Boards
2024-03-26 21:02:24,298 [INFO] DbMcusDocs:143 - JSON generation date=Tue Nov 16 23:17:54 ICT 2021 (1637079474)
2024-03-26 21:02:24,564 [INFO] DbMcusDocs:79 - Found 682 MCUs documents
2024-03-26 21:02:32,178 [INFO] MainUpdater:2671 - connection check result : 10
2024-03-26 21:02:32,178 [INFO] MainUpdater:2671 - connection check result : 10
2024-03-26 21:02:32,207 [INFO] MicroXplorer:448 - Change Database Path : 
2024-03-26 21:02:32,207 [INFO] MicroXplorer:478 - Change Database Version : DB.6.0.30
2024-03-26 21:02:32,207 [WARN] ThirdParty:813 - waiting for thirdparty lock release [close project]
2024-03-26 21:02:32,208 [INFO] ThirdParty:815 - entering critical section [close project]
2024-03-26 21:02:32,209 [INFO] ThirdParty:825 - exiting critical section [close project]
2024-03-26 21:02:32,212 [INFO] PinOutPanel:1463 - setPackage(No Configuration,No Configuration)
2024-03-26 21:02:32,213 [INFO] UtilMem:74 - Begin LoadConfig() Used Memory: 410449208 Bytes (556793856)
2024-03-26 21:02:32,214 [INFO] MicroXplorer:448 - Change Database Path : 
2024-03-26 21:02:32,214 [INFO] MicroXplorer:478 - Change Database Version : DB.6.0.30
2024-03-26 21:02:32,214 [INFO] OpenFileManager:313 - Change cursor
2024-03-26 21:02:32,710 [INFO] Context:592 - Trying to add GPIOservice into a context  which must be forbidden
2024-03-26 21:02:32,839 [INFO] ImportTextPane:167 - (OptionalMessage_ERROR) Unable to find key (Mcu.ThirdPartyNb) in loaded IOC file
2024-03-26 21:02:32,839 [INFO] ImportTextPane:167 - (OptionalMessage_ERROR) Unable to find key (Mcu.PinsNb) in loaded IOC file
2024-03-26 21:02:32,840 [INFO] ImportTextPane:167 - (OptionalMessage_ERROR) Unable to find key (Mcu.IPNb) in loaded IOC file
2024-03-26 21:02:32,875 [WARN] ModelIntegratedComponent:60 - No mode defined for component null
2024-03-26 21:02:32,876 [WARN] ModelIntegratedComponent:60 - No mode defined for component null
2024-03-26 21:02:32,876 [WARN] ModelIntegratedComponent:60 - No mode defined for component null
2024-03-26 21:02:32,876 [WARN] ModelIntegratedComponent:60 - No mode defined for component null
2024-03-26 21:02:32,876 [WARN] ModelIntegratedComponent:60 - No mode defined for component null
2024-03-26 21:02:32,876 [WARN] ModelIntegratedComponent:60 - No mode defined for component null
2024-03-26 21:02:32,876 [WARN] ModelIntegratedComponent:60 - No mode defined for component null
2024-03-26 21:02:32,876 [WARN] ModelIntegratedComponent:60 - No mode defined for component null
2024-03-26 21:02:32,876 [WARN] ModelIntegratedComponent:60 - No mode defined for component null
2024-03-26 21:02:32,876 [WARN] ModelIntegratedComponent:60 - No mode defined for component null
2024-03-26 21:02:32,876 [WARN] ModelIntegratedComponent:60 - No mode defined for component null
2024-03-26 21:02:32,876 [WARN] ModelIntegratedComponent:60 - No mode defined for component null
2024-03-26 21:02:32,876 [WARN] ModelIntegratedComponent:60 - No mode defined for component null
2024-03-26 21:02:32,876 [WARN] ModelIntegratedComponent:60 - No mode defined for component null
2024-03-26 21:02:32,876 [WARN] ModelIntegratedComponent:60 - No mode defined for component null
2024-03-26 21:02:32,876 [WARN] ModelIntegratedComponent:60 - No mode defined for component null
2024-03-26 21:02:32,877 [WARN] ModelIntegratedComponent:60 - No mode defined for component null
2024-03-26 21:02:32,877 [WARN] ModelIntegratedComponent:60 - No mode defined for component null
2024-03-26 21:02:32,877 [WARN] ModelIntegratedComponent:60 - No mode defined for component null
2024-03-26 21:02:32,877 [WARN] ModelIntegratedComponent:60 - No mode defined for component null
2024-03-26 21:02:32,877 [WARN] ModelIntegratedComponent:60 - No mode defined for component null
2024-03-26 21:02:32,877 [WARN] ModelIntegratedComponent:60 - No mode defined for component null
2024-03-26 21:02:32,877 [WARN] ModelIntegratedComponent:60 - No mode defined for component null
2024-03-26 21:02:32,877 [WARN] ModelIntegratedComponent:60 - No mode defined for component null
2024-03-26 21:02:32,877 [WARN] ModelIntegratedComponent:60 - No mode defined for component null
2024-03-26 21:02:32,877 [WARN] ModelIntegratedComponent:60 - No mode defined for component null
2024-03-26 21:02:32,877 [WARN] ModelIntegratedComponent:60 - No mode defined for component null
2024-03-26 21:02:32,877 [WARN] ModelIntegratedComponent:60 - No mode defined for component null
2024-03-26 21:02:32,877 [WARN] ModelIntegratedComponent:60 - No mode defined for component null
2024-03-26 21:02:32,877 [WARN] ModelIntegratedComponent:60 - No mode defined for component null
2024-03-26 21:02:32,877 [WARN] ModelIntegratedComponent:60 - No mode defined for component null
2024-03-26 21:02:32,885 [WARN] ApiManager:304 - Cannot register API 'Board Extension:NFC06A1' from pack STMicroelectronics.X-CUBE-NFC6.3.0.0: no header file found
2024-03-26 21:02:32,885 [WARN] ApiManager:304 - Cannot register API 'Board Extension:NFC08A1' from pack STMicroelectronics.X-CUBE-NFC6.3.0.0: no header file found
2024-03-26 21:02:32,888 [WARN] ApiManager:304 - Cannot register API 'Board Extension:NFC06A1' from pack STMicroelectronics.X-CUBE-NFC6.3.1.0: no header file found
2024-03-26 21:02:32,888 [WARN] ApiManager:304 - Cannot register API 'Board Extension:NFC08A1' from pack STMicroelectronics.X-CUBE-NFC6.3.1.0: no header file found
2024-03-26 21:02:32,903 [INFO] RtosManager:484 - Registered RTOS mode: class=CMSIS, group=RTOS, mode=CMSIS_V1, owner=FREERTOS
2024-03-26 21:02:32,903 [INFO] RtosManager:484 - Registered RTOS mode: class=CMSIS, group=RTOS2, mode=CMSIS_V2, owner=FREERTOS
2024-03-26 21:02:32,903 [INFO] RtosManager:484 - Registered RTOS mode: class=RTOS, group=Core, mode=CMSIS_V1, owner=FREERTOS
2024-03-26 21:02:32,904 [INFO] RtosManager:484 - Registered RTOS mode: class=RTOS, group=Core, mode=CMSIS_V2, owner=FREERTOS
2024-03-26 21:02:32,904 [WARN] ModelIntegratedComponent:181 - Missing modes for component STMicroelectronics:FreeRTOS:0.0.1:STMicroelectronics:RTOS:FreeRTOS:Core:::10.2.0:
2024-03-26 21:02:32,908 [WARN] ApiManager:304 - Cannot register API 'Board Extension:S2868A1' from pack STMicroelectronics.X-CUBE-SUBG2.5.0.0: no header file found
2024-03-26 21:02:32,908 [WARN] ApiManager:304 - Cannot register API 'Board Extension:S2868A2' from pack STMicroelectronics.X-CUBE-SUBG2.5.0.0: no header file found
2024-03-26 21:02:32,908 [WARN] ApiManager:304 - Cannot register API 'Board Extension:S2915A1' from pack STMicroelectronics.X-CUBE-SUBG2.5.0.0: no header file found
2024-03-26 21:02:32,911 [WARN] ApiManager:304 - Cannot register API 'Board Extension:S2868A1' from pack STMicroelectronics.X-CUBE-SFXS2LP1.4.0.0: no header file found
2024-03-26 21:02:32,911 [WARN] ApiManager:304 - Cannot register API 'Board Extension:S2868A2' from pack STMicroelectronics.X-CUBE-SFXS2LP1.4.0.0: no header file found
2024-03-26 21:02:32,911 [WARN] ApiManager:304 - Cannot register API 'Board Extension:S2915A1' from pack STMicroelectronics.X-CUBE-SFXS2LP1.4.0.0: no header file found
2024-03-26 21:02:33,325 [INFO] UtilMem:74 - End LoadConfig() Used Memory: 453616112 Bytes (556793856)
2024-03-26 21:02:33,327 [WARN] ThirdParty:779 - waiting for thirdparty lock release [change project]
2024-03-26 21:02:33,328 [INFO] ThirdParty:781 - entering critical section [change project]
2024-03-26 21:02:33,328 [INFO] ThirdParty:967 - CMSIS Pack Vendor :STMicroelectronics USB_HOST 2.0.0
2024-03-26 21:02:33,328 [INFO] ThirdParty:967 - CMSIS Pack Vendor :STMicroelectronics X-CUBE-AZRTOS-F4 1.1.0
2024-03-26 21:02:33,328 [INFO] ThirdParty:967 - CMSIS Pack Vendor :STMicroelectronics USB_DEVICE 3.0.0
2024-03-26 21:02:33,328 [INFO] ThirdParty:967 - CMSIS Pack Vendor :STMicroelectronics HAL Drivers 0.0.0
2024-03-26 21:02:33,328 [INFO] ThirdParty:967 - CMSIS Pack Vendor :STMicroelectronics MBEDTLS 2.16.2
2024-03-26 21:02:33,328 [INFO] ThirdParty:967 - CMSIS Pack Vendor :STMicroelectronics X-CUBE-AZRTOS-WB 2.0.0
2024-03-26 21:02:33,328 [INFO] ThirdParty:967 - CMSIS Pack Vendor :wolfSSL I-CUBE-wolfSSL 5.6.6
2024-03-26 21:02:33,328 [INFO] ThirdParty:967 - CMSIS Pack Vendor :STMicroelectronics MBEDTLS 2.14.1
2024-03-26 21:02:33,328 [INFO] ThirdParty:967 - CMSIS Pack Vendor :STMicroelectronics X-CUBE-TOUCHGFX 4.23.0
2024-03-26 21:02:33,329 [INFO] ThirdParty:967 - CMSIS Pack Vendor :STMicroelectronics X-CUBE-AZRTOS-L5 2.0.0
2024-03-26 21:02:33,329 [INFO] ThirdParty:967 - CMSIS Pack Vendor :STMicroelectronics X-CUBE-AZRTOS-F7 1.1.0
2024-03-26 21:02:33,329 [INFO] ThirdParty:967 - CMSIS Pack Vendor :STMicroelectronics X-CUBE-NFC6 3.0.0
2024-03-26 21:02:33,329 [INFO] ThirdParty:967 - CMSIS Pack Vendor :portGmbH I-Cube-SoM-uGOAL 1.1.0
2024-03-26 21:02:33,329 [INFO] ThirdParty:967 - CMSIS Pack Vendor :STMicroelectronics USB_DEVICE 2.0.0
2024-03-26 21:02:33,329 [INFO] ThirdParty:967 - CMSIS Pack Vendor :STMicroelectronics X-CUBE-NFC6 3.1.0
2024-03-26 21:02:33,329 [INFO] ThirdParty:967 - CMSIS Pack Vendor :STMicroelectronics X-CUBE-AZRTOS-WL 2.0.0
2024-03-26 21:02:33,329 [INFO] ThirdParty:967 - CMSIS Pack Vendor :STMicroelectronics X-CUBE-ALGOBUILD 1.3.0
2024-03-26 21:02:33,329 [INFO] ThirdParty:967 - CMSIS Pack Vendor :SEGGER I-CUBE-embOS 1.3.1
2024-03-26 21:02:33,329 [INFO] ThirdParty:967 - CMSIS Pack Vendor :STMicroelectronics FreeRTOS 0.0.1
2024-03-26 21:02:33,329 [INFO] ThirdParty:967 - CMSIS Pack Vendor :STMicroelectronics X-CUBE-AZRTOS-G0 1.1.0
2024-03-26 21:02:33,329 [INFO] ThirdParty:967 - CMSIS Pack Vendor :STMicroelectronics USB_DEVICE 1.0.0
2024-03-26 21:02:33,329 [INFO] ThirdParty:967 - CMSIS Pack Vendor :STMicroelectronics X-CUBE-SUBG2 5.0.0
2024-03-26 21:02:33,329 [INFO] ThirdParty:967 - CMSIS Pack Vendor :STMicroelectronics X-CUBE-AZRTOS-L4 2.0.0
2024-03-26 21:02:33,329 [INFO] ThirdParty:967 - CMSIS Pack Vendor :STMicroelectronics ThreadX 0.0.2
2024-03-26 21:02:33,329 [INFO] ThirdParty:967 - CMSIS Pack Vendor :WES I-CUBE-Cesium 1.3.0
2024-03-26 21:02:33,329 [INFO] ThirdParty:967 - CMSIS Pack Vendor :STMicroelectronics lwIP 2.0.3
2024-03-26 21:02:33,330 [INFO] ThirdParty:967 - CMSIS Pack Vendor :STMicroelectronics lwIP 2.1.2
2024-03-26 21:02:33,331 [INFO] ThirdParty:967 - CMSIS Pack Vendor :STMicroelectronics X-CUBE-SFXS2LP1 4.0.0
2024-03-26 21:02:33,331 [INFO] ThirdParty:967 - CMSIS Pack Vendor :STMicroelectronics USB_HOST 1.0.0
2024-03-26 21:02:33,331 [INFO] ThirdParty:967 - CMSIS Pack Vendor :STMicroelectronics X-CUBE-AZRTOS-G4 2.0.0
2024-03-26 21:02:33,331 [INFO] ThirdParty:967 - CMSIS Pack Vendor :STMicroelectronics X-CUBE-AZRTOS-H7 3.2.0
2024-03-26 21:02:33,331 [INFO] ThirdParty:967 - CMSIS Pack Vendor :STMicroelectronics PDM2PCM 3.1.0
2024-03-26 21:02:33,331 [INFO] ThirdParty:967 - CMSIS Pack Vendor :STMicroelectronics PDM2PCM 3.2.0
2024-03-26 21:02:33,331 [INFO] ThirdParty:967 - CMSIS Pack Vendor :STMicroelectronics PDM2PCM 3.3.0
2024-03-26 21:02:33,331 [INFO] ThirdParty:787 - exiting critical section [change project]
2024-03-26 21:02:33,510 [INFO] PinOutPanel:1463 - setPackage(No Configuration,No Configuration)
2024-03-26 21:02:33,511 [INFO] PinOutPanel:1463 - setPackage(STM32F103C6Ux,UFQFPN48)
2024-03-26 21:02:33,839 [INFO] UtilMem:74 - Before build in PCC Used Memory: 416374120 Bytes (556793856)
2024-03-26 21:02:34,261 [INFO] UtilMem:74 - After build in PCC Used Memory: 474646528 Bytes (556793856)
2024-03-26 21:02:34,290 [INFO] IPUIPlugin:74 - create IPUIPlugin
2024-03-26 21:02:34,290 [INFO] IPUIPlugin:74 - create IPUIPlugin
2024-03-26 21:02:34,290 [INFO] IPUIPlugin:74 - create IPUIPlugin
2024-03-26 21:02:34,290 [INFO] IPUIPlugin:74 - create IPUIPlugin
2024-03-26 21:02:34,290 [INFO] IPUIPlugin:74 - create IPUIPlugin
2024-03-26 21:02:34,290 [INFO] IPUIPlugin:74 - create IPUIPlugin
2024-03-26 21:02:34,290 [INFO] IPUIPlugin:74 - create IPUIPlugin
2024-03-26 21:02:34,291 [INFO] IPUIPlugin:74 - create IPUIPlugin
2024-03-26 21:02:34,291 [INFO] IPUIPlugin:74 - create IPUIPlugin
2024-03-26 21:02:34,291 [INFO] IPUIPlugin:74 - create IPUIPlugin
2024-03-26 21:02:34,291 [INFO] IPUIPlugin:74 - create IPUIPlugin
2024-03-26 21:02:34,291 [INFO] IPUIPlugin:74 - create IPUIPlugin
2024-03-26 21:02:34,291 [INFO] IPUIPlugin:74 - create IPUIPlugin
2024-03-26 21:02:34,292 [INFO] IPUIPlugin:74 - create IPUIPlugin
2024-03-26 21:02:34,292 [INFO] IPUIPlugin:74 - create IPUIPlugin
2024-03-26 21:02:34,292 [INFO] IPUIPlugin:74 - create IPUIPlugin
2024-03-26 21:02:34,292 [INFO] IPUIPlugin:74 - create IPUIPlugin
2024-03-26 21:02:34,292 [INFO] IPUIPlugin:74 - create IPUIPlugin
2024-03-26 21:02:34,293 [INFO] IPUIPlugin:74 - create IPUIPlugin
2024-03-26 21:02:34,293 [INFO] IPUIPlugin:74 - create IPUIPlugin
2024-03-26 21:02:34,293 [INFO] IPUIPlugin:74 - create IPUIPlugin
2024-03-26 21:02:34,294 [INFO] IPUIPlugin:74 - create IPUIPlugin
2024-03-26 21:02:34,294 [INFO] IPUIPlugin:74 - create IPUIPlugin
2024-03-26 21:02:34,412 [INFO] OpenFileManager:333 - Restore cursor
2024-03-26 21:02:34,566 [INFO] UtilMem:74 - End SaveConfig() Used Memory: 448852528 Bytes (556793856)
2024-03-26 21:02:34,599 [INFO] UtilMem:74 - End SaveConfig() Used Memory: 460911152 Bytes (556793856)
2024-03-26 21:02:34,841 [INFO] BlockDiagram:2740 - set Specific Code input for plugin: NVIC
2024-03-26 21:02:34,841 [INFO] BlockDiagram:2740 - set Specific Code input for plugin: SYS
2024-03-26 21:02:34,841 [INFO] BlockDiagram:2740 - set Specific Code input for plugin: RCC
2024-03-26 21:02:34,842 [INFO] CodeGenerator:663 - code generatio: config db path: C:\ST\STM32CubeIDE_1.7.0\STM32CubeIDE\plugins\com.st.stm32cube.common.mx_6.3.0.202107141111\\db\
2024-03-26 21:02:35,103 [INFO] CodeEngine:239 - oldGeneratedFile, C:\Users\ACER\STM32CubeIDE\workspace_1.7.0\Lab1\ex10\ex10\MXTmpFiles\license.tmp_save
2024-03-26 21:02:35,372 [INFO] CodeEngine:257 - Generated code: C:\Users\ACER\STM32CubeIDE\workspace_1.7.0\Lab1\ex10\ex10\MXTmpFiles\license.tmp
2024-03-26 21:02:35,428 [INFO] CodeEngine:239 - oldGeneratedFile, C:\Users\ACER\STM32CubeIDE\workspace_1.7.0\Lab1\ex10\ex10\Core\Src\stm32f1xx_it.c_save
2024-03-26 21:02:35,544 [INFO] CodeEngine:257 - Generated code: C:\Users\ACER\STM32CubeIDE\workspace_1.7.0\Lab1\ex10\ex10\Core\Src\stm32f1xx_it.c
2024-03-26 21:02:35,546 [INFO] CodeEngine:239 - oldGeneratedFile, C:\Users\ACER\STM32CubeIDE\workspace_1.7.0\Lab1\ex10\ex10\Core\Inc\stm32f1xx_it.h_save
2024-03-26 21:02:35,609 [INFO] CodeEngine:257 - Generated code: C:\Users\ACER\STM32CubeIDE\workspace_1.7.0\Lab1\ex10\ex10\Core\Inc\stm32f1xx_it.h
2024-03-26 21:02:35,619 [INFO] CodeEngine:239 - oldGeneratedFile, C:\Users\ACER\STM32CubeIDE\workspace_1.7.0\Lab1\ex10\ex10\Core\Src\stm32f1xx_hal_msp.c_save
2024-03-26 21:02:35,741 [INFO] CodeEngine:257 - Generated code: C:\Users\ACER\STM32CubeIDE\workspace_1.7.0\Lab1\ex10\ex10\Core\Src\stm32f1xx_hal_msp.c
2024-03-26 21:02:35,743 [INFO] CodeEngine:239 - oldGeneratedFile, C:\Users\ACER\STM32CubeIDE\workspace_1.7.0\Lab1\ex10\ex10\MXTmpFiles\system.tmp_save
2024-03-26 21:02:35,812 [INFO] CodeEngine:257 - Generated code: C:\Users\ACER\STM32CubeIDE\workspace_1.7.0\Lab1\ex10\ex10\MXTmpFiles\system.tmp
2024-03-26 21:02:35,817 [INFO] CodeEngine:239 - oldGeneratedFile, C:\Users\ACER\STM32CubeIDE\workspace_1.7.0\Lab1\ex10\ex10\Core\Inc\stm32f1xx_hal_conf.h_save
2024-03-26 21:02:35,898 [INFO] CodeEngine:257 - Generated code: C:\Users\ACER\STM32CubeIDE\workspace_1.7.0\Lab1\ex10\ex10\Core\Inc\stm32f1xx_hal_conf.h
2024-03-26 21:02:35,930 [INFO] CodeEngine:239 - oldGeneratedFile, C:\Users\ACER\STM32CubeIDE\workspace_1.7.0\Lab1\ex10\ex10\Core\Inc\main.h_save
2024-03-26 21:02:36,021 [INFO] CodeEngine:257 - Generated code: C:\Users\ACER\STM32CubeIDE\workspace_1.7.0\Lab1\ex10\ex10\Core\Inc\main.h
2024-03-26 21:02:36,025 [INFO] CodeEngine:239 - oldGeneratedFile, C:\Users\ACER\STM32CubeIDE\workspace_1.7.0\Lab1\ex10\ex10\Core\Src\main.c_save
2024-03-26 21:02:36,183 [INFO] CodeEngine:257 - Generated code: C:\Users\ACER\STM32CubeIDE\workspace_1.7.0\Lab1\ex10\ex10\Core\Src\main.c
2024-03-26 21:02:37,079 [INFO] ProjectBuilder:2578 - Time for Copy HAL[1] : 105mS.
2024-03-26 21:02:37,109 [INFO] ProjectBuilder:3622 - Project Generator version: 3.14.1
2024-03-26 21:02:37,711 [INFO] ConfigFileManager:1271 - The Die is : DIE412
2024-03-26 21:02:37,724 [INFO] ApiDbMcu:468 - Load IP Config File for FATFS
2024-03-26 21:02:37,750 [INFO] ApiDbMcu:468 - Load IP Config File for FREERTOS
2024-03-26 21:02:37,779 [INFO] ApiDbMcu:468 - Load IP Config File for USB_DEVICE
2024-03-26 21:02:40,351 [INFO] ProjectBuilder:3789 - Time for Generating toolchain IDE Files: 3242mS.
2024-03-26 21:02:40,351 [INFO] ProjectBuilder:2457 - Time for Copy CMSIS : 0mS.
2024-03-26 21:02:40,353 [INFO] ProjectBuilder:2457 - Time for Copy CMSIS : 0mS.
2024-03-26 21:02:40,970 [INFO] McuFinderGlobals:52 - Set McuFinderConnectedMode to true
2024-03-26 21:02:40,971 [INFO] ApiDb:276 - Save user favorites file C:\Users\ACER/.stm32cubeide/favorites.mcus.txt: 0 item(s)
2024-03-26 21:02:40,971 [INFO] ApiDb:280 - User favorites MCUs=[]
2024-03-26 21:04:19,532 [INFO] UtilMem:74 - End SaveConfig() Used Memory: 822106232 Bytes (964689920)
2024-03-26 21:04:20,426 [INFO] UtilMem:74 - End SaveConfig() Used Memory: 845701240 Bytes (964689920)
2024-03-26 21:04:35,976 [INFO] UtilMem:74 - End SaveConfig() Used Memory: 836930056 Bytes (964689920)
2024-03-26 21:04:36,231 [INFO] BlockDiagram:2740 - set Specific Code input for plugin: NVIC
2024-03-26 21:04:36,231 [INFO] BlockDiagram:2740 - set Specific Code input for plugin: SYS
2024-03-26 21:04:36,232 [INFO] BlockDiagram:2740 - set Specific Code input for plugin: GPIO
2024-03-26 21:04:36,232 [INFO] BlockDiagram:2740 - set Specific Code input for plugin: RCC
2024-03-26 21:04:36,233 [INFO] CodeGenerator:663 - code generatio: config db path: C:\ST\STM32CubeIDE_1.7.0\STM32CubeIDE\plugins\com.st.stm32cube.common.mx_6.3.0.202107141111\\db\
2024-03-26 21:04:36,495 [INFO] CodeEngine:239 - oldGeneratedFile, C:\Users\ACER\STM32CubeIDE\workspace_1.7.0\Lab1\ex10\ex10\MXTmpFiles\license.tmp_save
2024-03-26 21:04:36,550 [INFO] CodeEngine:257 - Generated code: C:\Users\ACER\STM32CubeIDE\workspace_1.7.0\Lab1\ex10\ex10\MXTmpFiles\license.tmp
2024-03-26 21:04:36,593 [INFO] CodeEngine:239 - oldGeneratedFile, C:\Users\ACER\STM32CubeIDE\workspace_1.7.0\Lab1\ex10\ex10\MXTmpFiles\gpio.tmp_save
2024-03-26 21:04:36,681 [INFO] CodeEngine:257 - Generated code: C:\Users\ACER\STM32CubeIDE\workspace_1.7.0\Lab1\ex10\ex10\MXTmpFiles\gpio.tmp
2024-03-26 21:04:36,714 [INFO] CodeEngine:239 - oldGeneratedFile, C:\Users\ACER\STM32CubeIDE\workspace_1.7.0\Lab1\ex10\ex10\Core\Src\stm32f1xx_it.c_save
2024-03-26 21:04:36,786 [INFO] CodeEngine:257 - Generated code: C:\Users\ACER\STM32CubeIDE\workspace_1.7.0\Lab1\ex10\ex10\Core\Src\stm32f1xx_it.c
2024-03-26 21:04:36,790 [INFO] CodeEngine:239 - oldGeneratedFile, C:\Users\ACER\STM32CubeIDE\workspace_1.7.0\Lab1\ex10\ex10\Core\Inc\stm32f1xx_it.h_save
2024-03-26 21:04:36,838 [INFO] CodeEngine:257 - Generated code: C:\Users\ACER\STM32CubeIDE\workspace_1.7.0\Lab1\ex10\ex10\Core\Inc\stm32f1xx_it.h
2024-03-26 21:04:36,851 [INFO] CodeEngine:239 - oldGeneratedFile, C:\Users\ACER\STM32CubeIDE\workspace_1.7.0\Lab1\ex10\ex10\Core\Src\stm32f1xx_hal_msp.c_save
2024-03-26 21:04:36,913 [INFO] CodeEngine:257 - Generated code: C:\Users\ACER\STM32CubeIDE\workspace_1.7.0\Lab1\ex10\ex10\Core\Src\stm32f1xx_hal_msp.c
2024-03-26 21:04:36,915 [INFO] CodeEngine:239 - oldGeneratedFile, C:\Users\ACER\STM32CubeIDE\workspace_1.7.0\Lab1\ex10\ex10\MXTmpFiles\system.tmp_save
2024-03-26 21:04:36,952 [INFO] CodeEngine:257 - Generated code: C:\Users\ACER\STM32CubeIDE\workspace_1.7.0\Lab1\ex10\ex10\MXTmpFiles\system.tmp
2024-03-26 21:04:36,962 [INFO] CodeEngine:239 - oldGeneratedFile, C:\Users\ACER\STM32CubeIDE\workspace_1.7.0\Lab1\ex10\ex10\Core\Inc\stm32f1xx_hal_conf.h_save
2024-03-26 21:04:37,035 [INFO] CodeEngine:257 - Generated code: C:\Users\ACER\STM32CubeIDE\workspace_1.7.0\Lab1\ex10\ex10\Core\Inc\stm32f1xx_hal_conf.h
2024-03-26 21:04:37,059 [INFO] CodeEngine:239 - oldGeneratedFile, C:\Users\ACER\STM32CubeIDE\workspace_1.7.0\Lab1\ex10\ex10\Core\Inc\main.h_save
2024-03-26 21:04:37,117 [INFO] CodeEngine:257 - Generated code: C:\Users\ACER\STM32CubeIDE\workspace_1.7.0\Lab1\ex10\ex10\Core\Inc\main.h
2024-03-26 21:04:37,127 [INFO] CodeEngine:239 - oldGeneratedFile, C:\Users\ACER\STM32CubeIDE\workspace_1.7.0\Lab1\ex10\ex10\Core\Src\main.c_save
2024-03-26 21:04:37,225 [INFO] CodeEngine:257 - Generated code: C:\Users\ACER\STM32CubeIDE\workspace_1.7.0\Lab1\ex10\ex10\Core\Src\main.c
2024-03-26 21:04:38,397 [INFO] ProjectBuilder:2578 - Time for Copy HAL[1] : 58mS.
2024-03-26 21:04:38,402 [INFO] ProjectBuilder:3622 - Project Generator version: 3.14.1
2024-03-26 21:04:38,770 [INFO] ConfigFileManager:1271 - The Die is : DIE412
2024-03-26 21:04:40,530 [INFO] ProjectBuilder:3789 - Time for Generating toolchain IDE Files: 2128mS.
2024-03-26 21:04:40,531 [INFO] ProjectBuilder:2457 - Time for Copy CMSIS : 0mS.
2024-03-26 21:04:40,533 [INFO] ProjectBuilder:2457 - Time for Copy CMSIS : 0mS.
