2024-03-19 17:31:34,825 [INFO] Activator:177 - 


2024-03-19 17:31:34,827 [INFO] Activator:178 - !SESSION log4j initialized
2024-03-19 17:31:44,786 [INFO] McuFinderGlobals:39 - Set McuFinder mode to 2 (CubeIDE integrated)
2024-03-19 17:31:44,983 [INFO] ApplicationProperties:181 - Using Application install path: C:\ST\STM32CubeIDE_1.7.0\STM32CubeIDE\plugins\com.st.stm32cube.common.mx_6.3.0.202107141111
2024-03-19 17:31:44,992 [INFO] DbMcusXml:74 - Set database path to: C:\ST\STM32CubeIDE_1.7.0\STM32CubeIDE\plugins\com.st.stm32cube.common.mx_6.3.0.202107141111\\db\/mcu/
2024-03-19 17:31:44,995 [INFO] DbBoardsPdsc:56 - Set plugin database path to: C:\ST\STM32CubeIDE_1.7.0\STM32CubeIDE\plugins\com.st.stm32cube.common.mx_6.3.0.202107141111\\db\/plugins/boardmanager/
2024-03-19 17:31:44,995 [INFO] DbMcus:258 - Set plugin images path to: C:\ST\STM32CubeIDE_1.7.0\STM32CubeIDE\plugins\com.st.stm32cube.common.mx_6.3.0.202107141111\\db\/plugins/mcufinder/images/
2024-03-19 17:31:44,996 [INFO] DbBoards:264 - Set plugin images path to: C:\ST\STM32CubeIDE_1.7.0\STM32CubeIDE\plugins\com.st.stm32cube.common.mx_6.3.0.202107141111\\db\/plugins/mcufinder/images/
2024-03-19 17:31:44,998 [INFO] DbExamples:333 - Set plugin images path to: C:\ST\STM32CubeIDE_1.7.0\STM32CubeIDE\plugins\com.st.stm32cube.common.mx_6.3.0.202107141111\\db\/plugins/mcufinder/images/
2024-03-19 17:31:45,001 [INFO] DbMcusAds:119 - Set database path to: C:\Users\ACER\.stmcufinder\plugins\mcufinder//mcu/
2024-03-19 17:31:45,002 [INFO] DbMcusDocs:110 - Set database path to: C:\Users\ACER\.stmcufinder\plugins\mcufinder//mcu/
2024-03-19 17:31:45,003 [INFO] DbMcusJson:64 - Set database path to: C:\Users\ACER\.stmcufinder\plugins\mcufinder//mcu/
2024-03-19 17:31:45,004 [INFO] DbBoardsDocs:110 - Set database path to: C:\Users\ACER\.stmcufinder\plugins\mcufinder//mcu/
2024-03-19 17:31:45,005 [INFO] DbBoardsJson:57 - Set database path to: C:\Users\ACER\.stmcufinder\plugins\mcufinder//mcu/
2024-03-19 17:31:45,837 [INFO] CrossReferenceDbSqlite:196 - Set database path to: C:\Users\ACER\.stmcufinder\plugins\mcufinder//mcu/cs/
2024-03-19 17:31:45,840 [INFO] DbExamplesSqlite:767 - Set database path to: C:\Users\ACER\.stmcufinder\plugins\mcufinder//mcu/
2024-03-19 17:31:45,945 [INFO] RulesReader:57 - Compatibility file has been processed (242 Rules)
2024-03-19 17:31:46,021 [INFO] DbMcusXml:74 - Set database path to: C:\ST\STM32CubeIDE_1.7.0\STM32CubeIDE\plugins\com.st.stm32cube.common.mx_6.3.0.202107141111\\db\/mcu/
2024-03-19 17:31:46,021 [INFO] DbBoardsPdsc:56 - Set plugin database path to: C:\ST\STM32CubeIDE_1.7.0\STM32CubeIDE\plugins\com.st.stm32cube.common.mx_6.3.0.202107141111\\db\/plugins/boardmanager/
2024-03-19 17:31:46,022 [INFO] DbMcus:258 - Set plugin images path to: C:\ST\STM32CubeIDE_1.7.0\STM32CubeIDE\plugins\com.st.stm32cube.common.mx_6.3.0.202107141111\\db\/plugins/mcufinder/images/
2024-03-19 17:31:46,022 [INFO] DbBoards:264 - Set plugin images path to: C:\ST\STM32CubeIDE_1.7.0\STM32CubeIDE\plugins\com.st.stm32cube.common.mx_6.3.0.202107141111\\db\/plugins/mcufinder/images/
2024-03-19 17:31:46,022 [INFO] DbExamples:333 - Set plugin images path to: C:\ST\STM32CubeIDE_1.7.0\STM32CubeIDE\plugins\com.st.stm32cube.common.mx_6.3.0.202107141111\\db\/plugins/mcufinder/images/
2024-03-19 17:31:46,022 [WARN] DbFile:35 - Overriding database path with different value: C:\Users\ACER\.stmcufinder\plugins\mcufinder/ => C:\Users\ACER\.stmcufinder\plugins\mcufinder
2024-03-19 17:31:46,022 [INFO] DbMcusAds:119 - Set database path to: C:\Users\ACER\.stmcufinder\plugins\mcufinder//mcu/
2024-03-19 17:31:46,022 [WARN] DbFile:35 - Overriding database path with different value: C:\Users\ACER\.stmcufinder\plugins\mcufinder/ => C:\Users\ACER\.stmcufinder\plugins\mcufinder
2024-03-19 17:31:46,022 [INFO] DbMcusDocs:110 - Set database path to: C:\Users\ACER\.stmcufinder\plugins\mcufinder//mcu/
2024-03-19 17:31:46,022 [WARN] DbFile:35 - Overriding database path with different value: C:\Users\ACER\.stmcufinder\plugins\mcufinder/ => C:\Users\ACER\.stmcufinder\plugins\mcufinder
2024-03-19 17:31:46,022 [INFO] DbMcusJson:64 - Set database path to: C:\Users\ACER\.stmcufinder\plugins\mcufinder//mcu/
2024-03-19 17:31:46,023 [WARN] DbFile:35 - Overriding database path with different value: C:\Users\ACER\.stmcufinder\plugins\mcufinder/ => C:\Users\ACER\.stmcufinder\plugins\mcufinder
2024-03-19 17:31:46,023 [INFO] DbBoardsDocs:110 - Set database path to: C:\Users\ACER\.stmcufinder\plugins\mcufinder//mcu/
2024-03-19 17:31:46,023 [WARN] DbFile:35 - Overriding database path with different value: C:\Users\ACER\.stmcufinder\plugins\mcufinder/ => C:\Users\ACER\.stmcufinder\plugins\mcufinder
2024-03-19 17:31:46,023 [INFO] DbBoardsJson:57 - Set database path to: C:\Users\ACER\.stmcufinder\plugins\mcufinder//mcu/
2024-03-19 17:31:46,023 [WARN] DbFile:35 - Overriding database path with different value: C:\Users\ACER\.stmcufinder\plugins\mcufinder/ => C:\Users\ACER\.stmcufinder\plugins\mcufinder
2024-03-19 17:31:46,023 [WARN] DbFile:35 - Overriding database path with different value: C:\Users\ACER\.stmcufinder\plugins\mcufinder/ => C:\Users\ACER\.stmcufinder\plugins\mcufinder
2024-03-19 17:31:46,839 [INFO] CrossReferenceDbSqlite:196 - Set database path to: C:\Users\ACER\.stmcufinder\plugins\mcufinder//mcu/cs/
2024-03-19 17:31:46,839 [WARN] DbFile:35 - Overriding database path with different value: C:\Users\ACER\.stmcufinder\plugins\mcufinder/ => C:\Users\ACER\.stmcufinder\plugins\mcufinder
2024-03-19 17:31:46,839 [INFO] DbExamplesSqlite:767 - Set database path to: C:\Users\ACER\.stmcufinder\plugins\mcufinder//mcu/
2024-03-19 17:31:46,892 [INFO] MainPanel:214 - HeapMemory: 268435456
2024-03-19 17:31:46,957 [INFO] DbMcusXml:74 - Set database path to: C:\ST\STM32CubeIDE_1.7.0\STM32CubeIDE\plugins\com.st.stm32cube.common.mx_6.3.0.202107141111\\db\/mcu/
2024-03-19 17:31:46,957 [INFO] DbBoardsPdsc:56 - Set plugin database path to: C:\ST\STM32CubeIDE_1.7.0\STM32CubeIDE\plugins\com.st.stm32cube.common.mx_6.3.0.202107141111\\db\/plugins/boardmanager/
2024-03-19 17:31:46,957 [INFO] DbMcus:258 - Set plugin images path to: C:\ST\STM32CubeIDE_1.7.0\STM32CubeIDE\plugins\com.st.stm32cube.common.mx_6.3.0.202107141111\\db\/plugins/mcufinder/images/
2024-03-19 17:31:46,957 [INFO] DbBoards:264 - Set plugin images path to: C:\ST\STM32CubeIDE_1.7.0\STM32CubeIDE\plugins\com.st.stm32cube.common.mx_6.3.0.202107141111\\db\/plugins/mcufinder/images/
2024-03-19 17:31:46,958 [INFO] DbExamples:333 - Set plugin images path to: C:\ST\STM32CubeIDE_1.7.0\STM32CubeIDE\plugins\com.st.stm32cube.common.mx_6.3.0.202107141111\\db\/plugins/mcufinder/images/
2024-03-19 17:31:46,958 [WARN] DbFile:35 - Overriding database path with different value: C:\Users\ACER\.stmcufinder\plugins\mcufinder/ => C:\Users\ACER\.stmcufinder\plugins\mcufinder
2024-03-19 17:31:46,958 [INFO] DbMcusAds:119 - Set database path to: C:\Users\ACER\.stmcufinder\plugins\mcufinder//mcu/
2024-03-19 17:31:46,958 [WARN] DbFile:35 - Overriding database path with different value: C:\Users\ACER\.stmcufinder\plugins\mcufinder/ => C:\Users\ACER\.stmcufinder\plugins\mcufinder
2024-03-19 17:31:46,958 [INFO] DbMcusDocs:110 - Set database path to: C:\Users\ACER\.stmcufinder\plugins\mcufinder//mcu/
2024-03-19 17:31:46,958 [WARN] DbFile:35 - Overriding database path with different value: C:\Users\ACER\.stmcufinder\plugins\mcufinder/ => C:\Users\ACER\.stmcufinder\plugins\mcufinder
2024-03-19 17:31:46,958 [INFO] DbMcusJson:64 - Set database path to: C:\Users\ACER\.stmcufinder\plugins\mcufinder//mcu/
2024-03-19 17:31:46,958 [WARN] DbFile:35 - Overriding database path with different value: C:\Users\ACER\.stmcufinder\plugins\mcufinder/ => C:\Users\ACER\.stmcufinder\plugins\mcufinder
2024-03-19 17:31:46,958 [INFO] DbBoardsDocs:110 - Set database path to: C:\Users\ACER\.stmcufinder\plugins\mcufinder//mcu/
2024-03-19 17:31:46,958 [WARN] DbFile:35 - Overriding database path with different value: C:\Users\ACER\.stmcufinder\plugins\mcufinder/ => C:\Users\ACER\.stmcufinder\plugins\mcufinder
2024-03-19 17:31:46,958 [INFO] DbBoardsJson:57 - Set database path to: C:\Users\ACER\.stmcufinder\plugins\mcufinder//mcu/
2024-03-19 17:31:46,958 [WARN] DbFile:35 - Overriding database path with different value: C:\Users\ACER\.stmcufinder\plugins\mcufinder/ => C:\Users\ACER\.stmcufinder\plugins\mcufinder
2024-03-19 17:31:46,959 [WARN] DbFile:35 - Overriding database path with different value: C:\Users\ACER\.stmcufinder\plugins\mcufinder/ => C:\Users\ACER\.stmcufinder\plugins\mcufinder
2024-03-19 17:31:47,843 [INFO] CrossReferenceDbSqlite:196 - Set database path to: C:\Users\ACER\.stmcufinder\plugins\mcufinder//mcu/cs/
2024-03-19 17:31:47,843 [WARN] DbFile:35 - Overriding database path with different value: C:\Users\ACER\.stmcufinder\plugins\mcufinder/ => C:\Users\ACER\.stmcufinder\plugins\mcufinder
2024-03-19 17:31:47,843 [INFO] DbExamplesSqlite:767 - Set database path to: C:\Users\ACER\.stmcufinder\plugins\mcufinder//mcu/
2024-03-19 17:31:47,861 [INFO] ApplicationProperties:181 - Using Application install path: C:\ST\STM32CubeIDE_1.7.0\STM32CubeIDE\plugins\com.st.stm32cube.common.mx_6.3.0.202107141111
2024-03-19 17:31:47,863 [INFO] PluginManage:188 - Search for loadable plugins [exclusion list=, ]
2024-03-19 17:31:47,863 [INFO] PluginManage:302 - Check plugin analytics
2024-03-19 17:31:53,569 [INFO] AnalyticsPlugin:257 - Accepted Software Licenses: 
2024-03-19 17:31:53,570 [INFO] AnalyticsPlugin:259 - Accepted CMSIS Pack Licenses: 
2024-03-19 17:31:53,570 [INFO] AnalyticsPlugin:261 - Accepted Firmware Licenses: 
2024-03-19 17:31:53,570 [INFO] PluginManage:352 - Loaded plugin analytics (category:tool,tabindex:-1)
2024-03-19 17:31:53,571 [INFO] PluginManage:302 - Check plugin clock
2024-03-19 17:31:53,579 [INFO] PluginManage:352 - Loaded plugin clock (category:base,tabindex:2)
2024-03-19 17:31:53,579 [INFO] PluginManage:302 - Check plugin ddr
2024-03-19 17:31:53,580 [INFO] PluginManage:352 - Loaded plugin ddr (category:tool,tabindex:6)
2024-03-19 17:31:53,580 [INFO] PluginManage:302 - Check plugin filemanager
2024-03-19 17:31:53,678 [INFO] PluginManage:352 - Loaded plugin filemanager (category:base,tabindex:10)
2024-03-19 17:31:53,679 [INFO] PluginManage:302 - Check plugin ipmanager
2024-03-19 17:31:53,686 [INFO] PluginManage:352 - Loaded plugin ipmanager (category:base,tabindex:5)
2024-03-19 17:31:53,686 [INFO] PluginManage:302 - Check plugin pinoutandconfiguration
2024-03-19 17:31:53,693 [INFO] PluginManage:352 - Loaded plugin pinoutandconfiguration (category:base,tabindex:1)
2024-03-19 17:31:53,693 [INFO] PluginManage:302 - Check plugin pinoutconfig
2024-03-19 17:31:53,714 [INFO] PluginManage:352 - Loaded plugin pinoutconfig (category:base,tabindex:0)
2024-03-19 17:31:53,715 [INFO] PluginManage:302 - Check plugin power
2024-03-19 17:31:53,722 [INFO] PluginManage:352 - Loaded plugin power (category:power,tabindex:4)
2024-03-19 17:31:53,722 [INFO] PluginManage:302 - Check plugin projectmanager
2024-03-19 17:31:53,734 [INFO] PluginManage:352 - Loaded plugin projectmanager (category:projectmanager,tabindex:3)
2024-03-19 17:31:53,734 [INFO] PluginManage:302 - Check plugin thirdparty
2024-03-19 17:31:53,824 [WARN] IntegrityCheckThread:78 - waiting for thirdparty lock release [integrity check]
2024-03-19 17:31:53,825 [INFO] IntegrityCheckThread:80 - entering critical section [integrity check]
2024-03-19 17:31:53,824 [INFO] PluginManage:352 - Loaded plugin thirdparty (category:base,tabindex:-1)
2024-03-19 17:31:53,825 [INFO] ThirdPartyUpdaterWithRetryManager:66 - Updater plugin not ready yet. [1/15]
2024-03-19 17:31:53,825 [INFO] PluginManage:302 - Check plugin tools
2024-03-19 17:31:53,827 [INFO] PluginManage:352 - Loaded plugin tools (category:base,tabindex:7)
2024-03-19 17:31:53,827 [INFO] PluginManage:302 - Check plugin tutovideos
2024-03-19 17:31:53,984 [INFO] PluginManage:352 - Loaded plugin tutovideos (category:base,tabindex:-1)
2024-03-19 17:31:53,984 [INFO] PluginManage:302 - Check plugin updater
2024-03-19 17:31:53,994 [INFO] PluginManage:352 - Loaded plugin updater (category:base,tabindex:12)
2024-03-19 17:31:53,994 [INFO] PluginManage:275 - PluginManage : Loaded plugins [13]
2024-03-19 17:31:54,122 [INFO] PinOutPanel:1463 - setPackage(No Configuration,No Configuration)
2024-03-19 17:31:54,187 [INFO] IPUIPlugin:74 - create IPUIPlugin
2024-03-19 17:31:54,187 [INFO] PluginManager:213 - loadIPPluginJar : add adc
2024-03-19 17:31:54,189 [INFO] IPUIPlugin:74 - create IPUIPlugin
2024-03-19 17:31:54,189 [INFO] PluginManager:213 - loadIPPluginJar : add aes
2024-03-19 17:31:54,191 [INFO] IPUIPlugin:74 - create IPUIPlugin
2024-03-19 17:31:54,191 [INFO] PluginManager:213 - loadIPPluginJar : add can
2024-03-19 17:31:54,192 [INFO] IPUIPlugin:74 - create IPUIPlugin
2024-03-19 17:31:54,192 [INFO] PluginManager:213 - loadIPPluginJar : add comp
2024-03-19 17:31:54,194 [INFO] IPUIPlugin:74 - create IPUIPlugin
2024-03-19 17:31:54,194 [INFO] PluginManager:213 - loadIPPluginJar : add cryp
2024-03-19 17:31:54,196 [INFO] IPUIPlugin:74 - create IPUIPlugin
2024-03-19 17:31:54,196 [INFO] PluginManager:213 - loadIPPluginJar : add dfsdm
2024-03-19 17:31:54,200 [INFO] IPUIPlugin:74 - create IPUIPlugin
2024-03-19 17:31:54,201 [INFO] PluginManager:213 - loadIPPluginJar : add dma
2024-03-19 17:31:54,202 [INFO] IPUIPlugin:74 - create IPUIPlugin
2024-03-19 17:31:54,203 [INFO] PluginManager:213 - loadIPPluginJar : add dma3
2024-03-19 17:31:54,203 [INFO] IPUIPlugin:74 - create IPUIPlugin
2024-03-19 17:31:54,203 [INFO] PluginManager:213 - loadIPPluginJar : add fatfs
2024-03-19 17:31:54,207 [INFO] IPUIPlugin:74 - create IPUIPlugin
2024-03-19 17:31:54,207 [INFO] PluginManager:213 - loadIPPluginJar : add fmc
2024-03-19 17:31:54,212 [INFO] IPUIPlugin:74 - create IPUIPlugin
2024-03-19 17:31:54,212 [INFO] PluginManager:213 - loadIPPluginJar : add freertos
2024-03-19 17:31:54,213 [INFO] IPUIPlugin:74 - create IPUIPlugin
2024-03-19 17:31:54,213 [INFO] PluginManager:213 - loadIPPluginJar : add genericplugin
2024-03-19 17:31:54,215 [INFO] IPUIPlugin:74 - create IPUIPlugin
2024-03-19 17:31:54,215 [INFO] PluginManager:213 - loadIPPluginJar : add gfxmmu
2024-03-19 17:31:54,221 [INFO] IPUIPlugin:74 - create IPUIPlugin
2024-03-19 17:31:54,221 [INFO] PluginManager:213 - loadIPPluginJar : add gic
2024-03-19 17:31:54,224 [INFO] IPUIPlugin:74 - create IPUIPlugin
2024-03-19 17:31:54,224 [INFO] PluginManager:213 - loadIPPluginJar : add gpio
2024-03-19 17:31:54,226 [INFO] IPUIPlugin:74 - create IPUIPlugin
2024-03-19 17:31:54,226 [INFO] PluginManager:213 - loadIPPluginJar : add gtzc
2024-03-19 17:31:54,227 [INFO] IPUIPlugin:74 - create IPUIPlugin
2024-03-19 17:31:54,228 [INFO] PluginManager:213 - loadIPPluginJar : add hash
2024-03-19 17:31:54,229 [INFO] IPUIPlugin:74 - create IPUIPlugin
2024-03-19 17:31:54,229 [INFO] PluginManager:213 - loadIPPluginJar : add i2c
2024-03-19 17:31:54,231 [INFO] IPUIPlugin:74 - create IPUIPlugin
2024-03-19 17:31:54,231 [INFO] PluginManager:213 - loadIPPluginJar : add i2s
2024-03-19 17:31:54,233 [INFO] IPUIPlugin:74 - create IPUIPlugin
2024-03-19 17:31:54,233 [INFO] PluginManager:213 - loadIPPluginJar : add ipddr
2024-03-19 17:31:54,239 [INFO] IPUIPlugin:74 - create IPUIPlugin
2024-03-19 17:31:54,239 [INFO] PluginManager:213 - loadIPPluginJar : add linkedlist
2024-03-19 17:31:54,241 [INFO] IPUIPlugin:74 - create IPUIPlugin
2024-03-19 17:31:54,241 [INFO] PluginManager:213 - loadIPPluginJar : add lorawan
2024-03-19 17:31:54,242 [INFO] IPUIPlugin:74 - create IPUIPlugin
2024-03-19 17:31:54,242 [INFO] PluginManager:213 - loadIPPluginJar : add ltdc
2024-03-19 17:31:54,244 [INFO] IPUIPlugin:74 - create IPUIPlugin
2024-03-19 17:31:54,244 [INFO] PluginManager:213 - loadIPPluginJar : add mdma
2024-03-19 17:31:54,246 [INFO] IPUIPlugin:74 - create IPUIPlugin
2024-03-19 17:31:54,246 [INFO] PluginManager:213 - loadIPPluginJar : add nvic
2024-03-19 17:31:54,248 [INFO] IPUIPlugin:74 - create IPUIPlugin
2024-03-19 17:31:54,248 [INFO] PluginManager:213 - loadIPPluginJar : add opamp
2024-03-19 17:31:54,251 [INFO] IPUIPlugin:74 - create IPUIPlugin
2024-03-19 17:31:54,251 [INFO] PluginManager:213 - loadIPPluginJar : add openamp
2024-03-19 17:31:54,253 [INFO] IPUIPlugin:74 - create IPUIPlugin
2024-03-19 17:31:54,253 [INFO] PluginManager:213 - loadIPPluginJar : add pdm2pcm
2024-03-19 17:31:54,258 [INFO] IPUIPlugin:74 - create IPUIPlugin
2024-03-19 17:31:54,260 [INFO] PluginManager:213 - loadIPPluginJar : add plateformsettings
2024-03-19 17:31:54,261 [INFO] IPUIPlugin:74 - create IPUIPlugin
2024-03-19 17:31:54,261 [INFO] PluginManager:213 - loadIPPluginJar : add quadspi
2024-03-19 17:31:54,263 [INFO] IPUIPlugin:74 - create IPUIPlugin
2024-03-19 17:31:54,264 [INFO] PluginManager:213 - loadIPPluginJar : add resmgrutility
2024-03-19 17:31:54,279 [INFO] IPUIPlugin:74 - create IPUIPlugin
2024-03-19 17:31:54,281 [INFO] PluginManager:213 - loadIPPluginJar : add sai
2024-03-19 17:31:54,284 [INFO] IPUIPlugin:74 - create IPUIPlugin
2024-03-19 17:31:54,285 [INFO] PluginManager:213 - loadIPPluginJar : add spi
2024-03-19 17:31:54,289 [INFO] IPUIPlugin:74 - create IPUIPlugin
2024-03-19 17:31:54,289 [INFO] PluginManager:213 - loadIPPluginJar : add stm32_wpan
2024-03-19 17:31:54,290 [INFO] IPUIPlugin:74 - create IPUIPlugin
2024-03-19 17:31:54,291 [INFO] PluginManager:213 - loadIPPluginJar : add tim
2024-03-19 17:31:54,293 [INFO] IPUIPlugin:74 - create IPUIPlugin
2024-03-19 17:31:54,293 [INFO] PluginManager:213 - loadIPPluginJar : add touchsensing
2024-03-19 17:31:54,295 [INFO] IPUIPlugin:74 - create IPUIPlugin
2024-03-19 17:31:54,295 [INFO] PluginManager:213 - loadIPPluginJar : add tracer_emb
2024-03-19 17:31:54,296 [INFO] IPUIPlugin:74 - create IPUIPlugin
2024-03-19 17:31:54,296 [INFO] PluginManager:213 - loadIPPluginJar : add ts
2024-03-19 17:31:54,298 [INFO] IPUIPlugin:74 - create IPUIPlugin
2024-03-19 17:31:54,298 [INFO] PluginManager:213 - loadIPPluginJar : add tsc
2024-03-19 17:31:54,301 [INFO] IPUIPlugin:74 - create IPUIPlugin
2024-03-19 17:31:54,301 [INFO] PluginManager:213 - loadIPPluginJar : add ucpd
2024-03-19 17:31:54,318 [INFO] IPUIPlugin:74 - create IPUIPlugin
2024-03-19 17:31:54,318 [INFO] PluginManager:213 - loadIPPluginJar : add usart
2024-03-19 17:31:54,324 [INFO] IPUIPlugin:74 - create IPUIPlugin
2024-03-19 17:31:54,324 [INFO] PluginManager:213 - loadIPPluginJar : add usbx
2024-03-19 17:31:54,575 [FATAL] Updater:294 - Updater called before beeing initialized
2024-03-19 17:31:54,657 [FATAL] Updater:294 - Updater called before beeing initialized
2024-03-19 17:31:54,661 [INFO] DbMcusAds:47 - JSON generation date=Wed Nov 29 17:52:27 ICT 2023 (1701255147349)
2024-03-19 17:31:54,661 [FATAL] Updater:294 - Updater called before beeing initialized
2024-03-19 17:31:54,688 [WARN] DetailPanel:314 - Failed to get advertising image, set to default
2024-03-19 17:31:54,756 [FATAL] Updater:294 - Updater called before beeing initialized
2024-03-19 17:31:54,758 [FATAL] Updater:294 - Updater called before beeing initialized
2024-03-19 17:31:54,758 [FATAL] Updater:294 - Updater called before beeing initialized
2024-03-19 17:31:54,758 [WARN] DetailPanel:314 - Failed to get advertising image, set to default
2024-03-19 17:31:54,760 [FATAL] Updater:294 - Updater called before beeing initialized
2024-03-19 17:31:54,798 [ERROR] Updater:1075 - MainUpdater not yet initialized. External WinMGr cannot be set.
2024-03-19 17:31:54,801 [INFO] Updater:1012 - Updater Version found : 6.3.0
2024-03-19 17:31:54,817 [INFO] ApplicationProperties:181 - Using Application install path: C:\ST\STM32CubeIDE_1.7.0\STM32CubeIDE\plugins\com.st.stm32cube.common.mx_6.3.0.202107141111
2024-03-19 17:31:55,121 [INFO] MainUpdater:2671 - connection check result : 10
2024-03-19 17:31:55,121 [INFO] MainUpdater:265 - Updater Check For Update Now.
2024-03-19 17:31:55,121 [INFO] MicroXplorer:478 - Change Database Version : DB.6.0.30
2024-03-19 17:31:55,257 [INFO] CheckServerUpdateThread:112 - End of CheckServer Thread
2024-03-19 17:31:55,348 [INFO] MainUpdater:2671 - connection check result : 10
2024-03-19 17:31:55,491 [INFO] McuFinderGlobals:52 - Set McuFinderConnectedMode to false
2024-03-19 17:31:55,564 [INFO] CrossSelectorPresenter:1330 - Cross Selector saved comparison directory: C:\Users\ACER\.stmcufinder\plugins\mcufinder\mcu\cs_comparisons_mx
2024-03-19 17:31:55,568 [INFO] MultiScanPanel:197 - Auto-refresh data requested => check proxy status ongoing
2024-03-19 17:31:55,568 [INFO] MultiScanPanel:201 - Proxy status is invalid
2024-03-19 17:31:55,571 [INFO] FinderPluginLoader:87 - Searching for filters in installed packs
2024-03-19 17:31:55,572 [INFO] DbMcusXml:100 - Load MCU database from C:\ST\STM32CubeIDE_1.7.0\STM32CubeIDE\plugins\com.st.stm32cube.common.mx_6.3.0.202107141111\\db\/mcu/families.xml
2024-03-19 17:31:56,323 [INFO] DbMcusJson:93 - JSON generation date=Tue Nov 16 23:17:54 ICT 2021 (1637079474)
2024-03-19 17:31:56,867 [INFO] ThirdParty:915 - Integrity check success = true
2024-03-19 17:31:56,868 [INFO] IntegrityCheckThread:94 - exiting critical section [integrity check]
2024-03-19 17:31:56,868 [INFO] IntegrityCheckThread:97 - End integrity checks thread
2024-03-19 17:31:56,875 [INFO] DbMcus:175 - Found 1951 MCUs (1903 are supported by CubeMX, 1914 are visible in CubeMX)
2024-03-19 17:31:56,876 [INFO] ApiDb:251 - Load user favorites file C:\Users\ACER/.stm32cubeide/favorites.mcus.txt: 0 item(s)
2024-03-19 17:31:56,876 [INFO] ApiDb:255 - User favorites MCUs=[]
2024-03-19 17:31:56,876 [INFO] DbMcus:187 - Set 0 / 0 favorites MCUs
2024-03-19 17:31:57,242 [INFO] DetailPanel:309 - Set advertising image to C:/Users/ACER/STM32Cube/Repository/\en.prom-stm32wl3-mcu-finder.jpg
2024-03-19 17:31:57,609 [INFO] DbBoardsPdsc:90 - Found 25 items
2024-03-19 17:31:57,611 [INFO] DbBoardsPdsc:90 - Found 9 items
2024-03-19 17:31:57,614 [INFO] DbBoardsPdsc:90 - Found 33 items
2024-03-19 17:31:57,614 [INFO] DbBoardsPdsc:90 - Found 1 items
2024-03-19 17:31:57,620 [INFO] DbBoardsPdsc:90 - Found 48 items
2024-03-19 17:31:57,626 [INFO] DbBoardsPdsc:90 - Found 43 items
2024-03-19 17:31:57,627 [INFO] DbBoardsPdsc:90 - Found 2 items
2024-03-19 17:31:57,628 [INFO] DbBoardsPdsc:90 - Found 5 items
2024-03-19 17:31:57,632 [WARN] DbBoardsPdsc:254 - Board STM32H7B3I-DK: unknown feature type=Audio, name=, username=Audio stereo codec with Headphone Amp (CS42L51-CNZ), n=1
2024-03-19 17:31:57,632 [WARN] DbBoardsPdsc:254 - Board STM32H735G-DK: unknown feature type=Audio, name=, username=Audio stereo codec with Headphone Amp (WM8994ECS/R), n=1
2024-03-19 17:31:57,634 [WARN] DbBoardsPdsc:254 - Board STM32H7B3I-EVAL: unknown feature type=Audio, name=, username=Multi-Channel Audio Codec (CS42L51-CNZ), n=1
2024-03-19 17:31:57,634 [WARN] DbBoardsPdsc:254 - Board STM32H7B3I-EVAL: unknown feature type=Meter, name=, username=Power-metering and Temperature-monitoring with sigma-delta modulators, n=1
2024-03-19 17:31:57,634 [WARN] DbBoardsPdsc:254 - Board STM32H7B3I-EVAL: unknown feature type=Motor, name=, username=Motor Control, n=1
2024-03-19 17:31:57,635 [WARN] DbBoardsPdsc:254 - Board STM32U575I-EV: unknown feature type=joystick, name=, username=4-direction joystick with selection button, n=1
2024-03-19 17:31:57,651 [INFO] DbBoardsJson:86 - JSON generation date=Tue Nov 16 23:17:54 ICT 2021 (1637079474)
2024-03-19 17:31:57,656 [INFO] DbBoards:117 - Found 167 boards (163 are supported by CubeMX)
2024-03-19 17:31:57,659 [INFO] DbBoardsDocs:143 - JSON generation date=Tue Nov 16 23:17:54 ICT 2021 (1637079474)
2024-03-19 17:31:57,661 [INFO] DbBoardsDocs:79 - Found 209 boards documents
2024-03-19 17:31:57,661 [WARN] DbBoards:127 - board B-L475E-IOT01A2 has no document id list !
2024-03-19 17:31:57,662 [WARN] DbBoards:127 - board NUCLEO-H743ZI has no document id list !
2024-03-19 17:31:57,662 [WARN] DbBoards:127 - board NUCLEO-WL55JC2 has no document id list !
2024-03-19 17:31:57,662 [WARN] DbBoards:127 - board P-NUCLEO-WB55-Nucleo has no document id list !
2024-03-19 17:31:57,662 [WARN] DbBoards:127 - board P-NUCLEO-WB55-USBDongle has no document id list !
2024-03-19 17:31:57,662 [WARN] DbBoards:127 - board STEVAL-BFA001V1B has no document id list !
2024-03-19 17:31:57,662 [WARN] DbBoards:127 - board STEVAL-BFA001V2B has no document id list !
2024-03-19 17:31:57,662 [WARN] DbBoards:127 - board STEVAL-IDP005V1 has no document id list !
2024-03-19 17:31:57,663 [WARN] DbBoards:127 - board STEVAL-IDP005V2 has no document id list !
2024-03-19 17:31:57,663 [WARN] DbBoards:127 - board STEVAL-MKSBOX1V1 has no document id list !
2024-03-19 17:31:57,663 [WARN] DbBoards:127 - board STEVAL-STWINKT1 has no document id list !
2024-03-19 17:31:57,663 [WARN] DbBoards:127 - board STEVAL-STWINKT1B has no document id list !
2024-03-19 17:31:57,663 [WARN] DbBoards:127 - board STM32439I-EVAL2 has no document id list !
2024-03-19 17:31:57,663 [WARN] DbBoards:127 - board STM32F401C-DISCO has no document id list !
2024-03-19 17:31:57,663 [WARN] DbBoards:127 - board STM32F769I-DISC1 has no document id list !
2024-03-19 17:31:57,663 [WARN] DbBoards:127 - board STM32G474E-EVAL1 has no document id list !
2024-03-19 17:31:57,664 [WARN] DbBoards:127 - board STM32H743I-EVAL2 has no document id list !
2024-03-19 17:31:57,664 [WARN] DbBoards:127 - board STM32H747I-DISC1 has no document id list !
2024-03-19 17:31:57,664 [WARN] DbBoards:127 - board STM32H753I-EVAL2 has no document id list !
2024-03-19 17:31:57,664 [WARN] DbBoards:127 - board STM32L-DISCOVERY has no document id list !
2024-03-19 17:31:57,761 [ERROR] DbBoards:189 - Image file not found for board B-U585I-IOT02A: C:\ST\STM32CubeIDE_1.7.0\STM32CubeIDE\plugins\com.st.stm32cube.common.mx_6.3.0.202107141111\\db\/plugins/mcufinder/images/boards/B-U585I-IOT02A_small.jpg
2024-03-19 17:31:57,842 [ERROR] DbBoards:189 - Image file not found for board NUCLEO-F413ZH: C:\ST\STM32CubeIDE_1.7.0\STM32CubeIDE\plugins\com.st.stm32cube.common.mx_6.3.0.202107141111\\db\/plugins/mcufinder/images/boards/nucleo-f413zh_small.jpg
2024-03-19 17:31:58,004 [ERROR] DbBoards:189 - Image file not found for board NUCLEO-L552ZE-Q: C:\ST\STM32CubeIDE_1.7.0\STM32CubeIDE\plugins\com.st.stm32cube.common.mx_6.3.0.202107141111\\db\/plugins/mcufinder/images/boards/nucleo_l552ze_q_small.jpg
2024-03-19 17:31:58,004 [ERROR] DbBoards:189 - Image file not found for board NUCLEO-U575ZI-Q: C:\ST\STM32CubeIDE_1.7.0\STM32CubeIDE\plugins\com.st.stm32cube.common.mx_6.3.0.202107141111\\db\/plugins/mcufinder/images/boards/nucleo-u575zi-q_small.jpg
2024-03-19 17:31:58,004 [ERROR] DbBoards:189 - Image file not found for board NUCLEO-WB15CC: C:\ST\STM32CubeIDE_1.7.0\STM32CubeIDE\plugins\com.st.stm32cube.common.mx_6.3.0.202107141111\\db\/plugins/mcufinder/images/boards/nucleo-wb15cc_small.jpg
2024-03-19 17:31:58,004 [ERROR] DbBoards:189 - Image file not found for board NUCLEO-WB55RG: C:\ST\STM32CubeIDE_1.7.0\STM32CubeIDE\plugins\com.st.stm32cube.common.mx_6.3.0.202107141111\\db\/plugins/mcufinder/images/boards/nucleo-wb55rg_small.jpg
2024-03-19 17:31:58,913 [INFO] ApiDb:251 - Load user favorites file C:\Users\ACER/.stm32cubeide/favorites.boards.txt: 0 item(s)
2024-03-19 17:31:58,913 [INFO] ApiDb:255 - User favorites Boards=[]
2024-03-19 17:31:58,913 [INFO] DbBoards:206 - Set 0 / 0 favorites Boards
2024-03-19 17:32:28,112 [INFO] DbMcusDocs:143 - JSON generation date=Tue Nov 16 23:17:54 ICT 2021 (1637079474)
2024-03-19 17:32:28,464 [INFO] DbMcusDocs:79 - Found 682 MCUs documents
2024-03-19 17:32:36,006 [INFO] MainUpdater:2671 - connection check result : 10
2024-03-19 17:32:36,007 [INFO] MainUpdater:2671 - connection check result : 10
2024-03-19 17:32:36,096 [INFO] MicroXplorer:448 - Change Database Path : 
2024-03-19 17:32:36,097 [INFO] MicroXplorer:478 - Change Database Version : DB.6.0.30
2024-03-19 17:32:36,098 [WARN] ThirdParty:813 - waiting for thirdparty lock release [close project]
2024-03-19 17:32:36,098 [INFO] ThirdParty:815 - entering critical section [close project]
2024-03-19 17:32:36,099 [INFO] ThirdParty:825 - exiting critical section [close project]
2024-03-19 17:32:36,104 [INFO] PinOutPanel:1463 - setPackage(No Configuration,No Configuration)
2024-03-19 17:32:36,105 [INFO] UtilMem:74 - Begin LoadConfig() Used Memory: 421175936 Bytes (498073600)
2024-03-19 17:32:36,106 [INFO] MicroXplorer:448 - Change Database Path : 
2024-03-19 17:32:36,106 [INFO] MicroXplorer:478 - Change Database Version : DB.6.0.30
2024-03-19 17:32:36,106 [INFO] OpenFileManager:313 - Change cursor
2024-03-19 17:32:36,864 [INFO] Context:592 - Trying to add GPIOservice into a context  which must be forbidden
2024-03-19 17:32:37,103 [INFO] ImportTextPane:167 - (OptionalMessage_ERROR) Unable to find key (Mcu.ThirdPartyNb) in loaded IOC file
2024-03-19 17:32:37,104 [INFO] ImportTextPane:167 - (OptionalMessage_ERROR) Unable to find key (Mcu.PinsNb) in loaded IOC file
2024-03-19 17:32:37,104 [INFO] ImportTextPane:167 - (OptionalMessage_ERROR) Unable to find key (Mcu.IPNb) in loaded IOC file
2024-03-19 17:32:37,161 [INFO] RtosManager:484 - Registered RTOS mode: class=CMSIS, group=RTOS, mode=CMSIS_V1, owner=FREERTOS
2024-03-19 17:32:37,162 [INFO] RtosManager:484 - Registered RTOS mode: class=CMSIS, group=RTOS2, mode=CMSIS_V2, owner=FREERTOS
2024-03-19 17:32:37,162 [INFO] RtosManager:484 - Registered RTOS mode: class=RTOS, group=Core, mode=CMSIS_V1, owner=FREERTOS
2024-03-19 17:32:37,162 [INFO] RtosManager:484 - Registered RTOS mode: class=RTOS, group=Core, mode=CMSIS_V2, owner=FREERTOS
2024-03-19 17:32:37,162 [WARN] ModelIntegratedComponent:181 - Missing modes for component STMicroelectronics:FreeRTOS:0.0.1:STMicroelectronics:RTOS:FreeRTOS:Core:::10.2.0:
2024-03-19 17:32:37,165 [WARN] ModelIntegratedComponent:60 - No mode defined for component null
2024-03-19 17:32:37,165 [WARN] ModelIntegratedComponent:60 - No mode defined for component null
2024-03-19 17:32:37,165 [WARN] ModelIntegratedComponent:60 - No mode defined for component null
2024-03-19 17:32:37,165 [WARN] ModelIntegratedComponent:60 - No mode defined for component null
2024-03-19 17:32:37,165 [WARN] ModelIntegratedComponent:60 - No mode defined for component null
2024-03-19 17:32:37,165 [WARN] ModelIntegratedComponent:60 - No mode defined for component null
2024-03-19 17:32:37,165 [WARN] ModelIntegratedComponent:60 - No mode defined for component null
2024-03-19 17:32:37,165 [WARN] ModelIntegratedComponent:60 - No mode defined for component null
2024-03-19 17:32:37,165 [WARN] ModelIntegratedComponent:60 - No mode defined for component null
2024-03-19 17:32:37,165 [WARN] ModelIntegratedComponent:60 - No mode defined for component null
2024-03-19 17:32:37,166 [WARN] ModelIntegratedComponent:60 - No mode defined for component null
2024-03-19 17:32:37,166 [WARN] ModelIntegratedComponent:60 - No mode defined for component null
2024-03-19 17:32:37,166 [WARN] ModelIntegratedComponent:60 - No mode defined for component null
2024-03-19 17:32:37,166 [WARN] ModelIntegratedComponent:60 - No mode defined for component null
2024-03-19 17:32:37,166 [WARN] ModelIntegratedComponent:60 - No mode defined for component null
2024-03-19 17:32:37,166 [WARN] ModelIntegratedComponent:60 - No mode defined for component null
2024-03-19 17:32:37,166 [WARN] ModelIntegratedComponent:60 - No mode defined for component null
2024-03-19 17:32:37,166 [WARN] ModelIntegratedComponent:60 - No mode defined for component null
2024-03-19 17:32:37,166 [WARN] ModelIntegratedComponent:60 - No mode defined for component null
2024-03-19 17:32:37,166 [WARN] ModelIntegratedComponent:60 - No mode defined for component null
2024-03-19 17:32:37,166 [WARN] ModelIntegratedComponent:60 - No mode defined for component null
2024-03-19 17:32:37,166 [WARN] ModelIntegratedComponent:60 - No mode defined for component null
2024-03-19 17:32:37,166 [WARN] ModelIntegratedComponent:60 - No mode defined for component null
2024-03-19 17:32:37,166 [WARN] ModelIntegratedComponent:60 - No mode defined for component null
2024-03-19 17:32:37,166 [WARN] ModelIntegratedComponent:60 - No mode defined for component null
2024-03-19 17:32:37,166 [WARN] ModelIntegratedComponent:60 - No mode defined for component null
2024-03-19 17:32:37,166 [WARN] ModelIntegratedComponent:60 - No mode defined for component null
2024-03-19 17:32:37,167 [WARN] ModelIntegratedComponent:60 - No mode defined for component null
2024-03-19 17:32:37,167 [WARN] ModelIntegratedComponent:60 - No mode defined for component null
2024-03-19 17:32:37,167 [WARN] ModelIntegratedComponent:60 - No mode defined for component null
2024-03-19 17:32:37,167 [WARN] ModelIntegratedComponent:60 - No mode defined for component null
2024-03-19 17:32:37,295 [INFO] UtilMem:74 - End LoadConfig() Used Memory: 468329328 Bytes (591396864)
2024-03-19 17:32:37,296 [WARN] ThirdParty:779 - waiting for thirdparty lock release [change project]
2024-03-19 17:32:37,296 [INFO] ThirdParty:781 - entering critical section [change project]
2024-03-19 17:32:37,296 [INFO] ThirdParty:967 - CMSIS Pack Vendor :STMicroelectronics USB_HOST 2.0.0
2024-03-19 17:32:37,296 [INFO] ThirdParty:967 - CMSIS Pack Vendor :STMicroelectronics FreeRTOS 0.0.1
2024-03-19 17:32:37,296 [INFO] ThirdParty:967 - CMSIS Pack Vendor :STMicroelectronics USB_DEVICE 1.0.0
2024-03-19 17:32:37,296 [INFO] ThirdParty:967 - CMSIS Pack Vendor :STMicroelectronics USB_DEVICE 3.0.0
2024-03-19 17:32:37,296 [INFO] ThirdParty:967 - CMSIS Pack Vendor :STMicroelectronics HAL Drivers 0.0.0
2024-03-19 17:32:37,296 [INFO] ThirdParty:967 - CMSIS Pack Vendor :STMicroelectronics MBEDTLS 2.16.2
2024-03-19 17:32:37,296 [INFO] ThirdParty:967 - CMSIS Pack Vendor :STMicroelectronics ThreadX 0.0.2
2024-03-19 17:32:37,296 [INFO] ThirdParty:967 - CMSIS Pack Vendor :STMicroelectronics lwIP 2.0.3
2024-03-19 17:32:37,296 [INFO] ThirdParty:967 - CMSIS Pack Vendor :STMicroelectronics lwIP 2.1.2
2024-03-19 17:32:37,296 [INFO] ThirdParty:967 - CMSIS Pack Vendor :STMicroelectronics MBEDTLS 2.14.1
2024-03-19 17:32:37,296 [INFO] ThirdParty:967 - CMSIS Pack Vendor :STMicroelectronics USB_HOST 1.0.0
2024-03-19 17:32:37,296 [INFO] ThirdParty:967 - CMSIS Pack Vendor :STMicroelectronics PDM2PCM 3.1.0
2024-03-19 17:32:37,296 [INFO] ThirdParty:967 - CMSIS Pack Vendor :STMicroelectronics PDM2PCM 3.2.0
2024-03-19 17:32:37,296 [INFO] ThirdParty:967 - CMSIS Pack Vendor :STMicroelectronics USB_DEVICE 2.0.0
2024-03-19 17:32:37,296 [INFO] ThirdParty:967 - CMSIS Pack Vendor :STMicroelectronics PDM2PCM 3.3.0
2024-03-19 17:32:37,298 [INFO] ThirdParty:787 - exiting critical section [change project]
2024-03-19 17:32:37,506 [INFO] PinOutPanel:1463 - setPackage(No Configuration,No Configuration)
2024-03-19 17:32:37,507 [INFO] PinOutPanel:1463 - setPackage(STM32F103C6Ux,UFQFPN48)
2024-03-19 17:32:37,836 [INFO] UtilMem:74 - Before build in PCC Used Memory: 477566696 Bytes (657457152)
2024-03-19 17:32:38,299 [INFO] UtilMem:74 - After build in PCC Used Memory: 481497072 Bytes (657457152)
2024-03-19 17:32:38,314 [INFO] IPUIPlugin:74 - create IPUIPlugin
2024-03-19 17:32:38,314 [INFO] IPUIPlugin:74 - create IPUIPlugin
2024-03-19 17:32:38,314 [INFO] IPUIPlugin:74 - create IPUIPlugin
2024-03-19 17:32:38,314 [INFO] IPUIPlugin:74 - create IPUIPlugin
2024-03-19 17:32:38,314 [INFO] IPUIPlugin:74 - create IPUIPlugin
2024-03-19 17:32:38,314 [INFO] IPUIPlugin:74 - create IPUIPlugin
2024-03-19 17:32:38,314 [INFO] IPUIPlugin:74 - create IPUIPlugin
2024-03-19 17:32:38,314 [INFO] IPUIPlugin:74 - create IPUIPlugin
2024-03-19 17:32:38,315 [INFO] IPUIPlugin:74 - create IPUIPlugin
2024-03-19 17:32:38,315 [INFO] IPUIPlugin:74 - create IPUIPlugin
2024-03-19 17:32:38,315 [INFO] IPUIPlugin:74 - create IPUIPlugin
2024-03-19 17:32:38,316 [INFO] IPUIPlugin:74 - create IPUIPlugin
2024-03-19 17:32:38,316 [INFO] IPUIPlugin:74 - create IPUIPlugin
2024-03-19 17:32:38,316 [INFO] IPUIPlugin:74 - create IPUIPlugin
2024-03-19 17:32:38,316 [INFO] IPUIPlugin:74 - create IPUIPlugin
2024-03-19 17:32:38,316 [INFO] IPUIPlugin:74 - create IPUIPlugin
2024-03-19 17:32:38,317 [INFO] IPUIPlugin:74 - create IPUIPlugin
2024-03-19 17:32:38,317 [INFO] IPUIPlugin:74 - create IPUIPlugin
2024-03-19 17:32:38,317 [INFO] IPUIPlugin:74 - create IPUIPlugin
2024-03-19 17:32:38,317 [INFO] IPUIPlugin:74 - create IPUIPlugin
2024-03-19 17:32:38,318 [INFO] IPUIPlugin:74 - create IPUIPlugin
2024-03-19 17:32:38,318 [INFO] IPUIPlugin:74 - create IPUIPlugin
2024-03-19 17:32:38,318 [INFO] IPUIPlugin:74 - create IPUIPlugin
2024-03-19 17:32:38,419 [INFO] OpenFileManager:333 - Restore cursor
2024-03-19 17:32:38,589 [INFO] UtilMem:74 - End SaveConfig() Used Memory: 520874592 Bytes (657457152)
2024-03-19 17:32:38,621 [INFO] UtilMem:74 - End SaveConfig() Used Memory: 532935768 Bytes (657457152)
2024-03-19 17:32:38,907 [INFO] BlockDiagram:2740 - set Specific Code input for plugin: NVIC
2024-03-19 17:32:38,907 [INFO] BlockDiagram:2740 - set Specific Code input for plugin: SYS
2024-03-19 17:32:38,908 [INFO] BlockDiagram:2740 - set Specific Code input for plugin: RCC
2024-03-19 17:32:38,909 [INFO] CodeGenerator:663 - code generatio: config db path: C:\ST\STM32CubeIDE_1.7.0\STM32CubeIDE\plugins\com.st.stm32cube.common.mx_6.3.0.202107141111\\db\
2024-03-19 17:32:39,241 [INFO] CodeEngine:239 - oldGeneratedFile, C:\Users\ACER\STM32CubeIDE\workspace_1.7.0\Lab1\ex4\ex4\MXTmpFiles\license.tmp_save
2024-03-19 17:32:39,554 [INFO] CodeEngine:257 - Generated code: C:\Users\ACER\STM32CubeIDE\workspace_1.7.0\Lab1\ex4\ex4\MXTmpFiles\license.tmp
2024-03-19 17:32:39,613 [INFO] CodeEngine:239 - oldGeneratedFile, C:\Users\ACER\STM32CubeIDE\workspace_1.7.0\Lab1\ex4\ex4\Core\Src\stm32f1xx_it.c_save
2024-03-19 17:32:39,716 [INFO] CodeEngine:257 - Generated code: C:\Users\ACER\STM32CubeIDE\workspace_1.7.0\Lab1\ex4\ex4\Core\Src\stm32f1xx_it.c
2024-03-19 17:32:39,718 [INFO] CodeEngine:239 - oldGeneratedFile, C:\Users\ACER\STM32CubeIDE\workspace_1.7.0\Lab1\ex4\ex4\Core\Inc\stm32f1xx_it.h_save
2024-03-19 17:32:39,769 [INFO] CodeEngine:257 - Generated code: C:\Users\ACER\STM32CubeIDE\workspace_1.7.0\Lab1\ex4\ex4\Core\Inc\stm32f1xx_it.h
2024-03-19 17:32:39,776 [INFO] CodeEngine:239 - oldGeneratedFile, C:\Users\ACER\STM32CubeIDE\workspace_1.7.0\Lab1\ex4\ex4\Core\Src\stm32f1xx_hal_msp.c_save
2024-03-19 17:32:39,896 [INFO] CodeEngine:257 - Generated code: C:\Users\ACER\STM32CubeIDE\workspace_1.7.0\Lab1\ex4\ex4\Core\Src\stm32f1xx_hal_msp.c
2024-03-19 17:32:39,898 [INFO] CodeEngine:239 - oldGeneratedFile, C:\Users\ACER\STM32CubeIDE\workspace_1.7.0\Lab1\ex4\ex4\MXTmpFiles\system.tmp_save
2024-03-19 17:32:39,949 [INFO] CodeEngine:257 - Generated code: C:\Users\ACER\STM32CubeIDE\workspace_1.7.0\Lab1\ex4\ex4\MXTmpFiles\system.tmp
2024-03-19 17:32:39,956 [INFO] CodeEngine:239 - oldGeneratedFile, C:\Users\ACER\STM32CubeIDE\workspace_1.7.0\Lab1\ex4\ex4\Core\Inc\stm32f1xx_hal_conf.h_save
2024-03-19 17:32:40,030 [INFO] CodeEngine:257 - Generated code: C:\Users\ACER\STM32CubeIDE\workspace_1.7.0\Lab1\ex4\ex4\Core\Inc\stm32f1xx_hal_conf.h
2024-03-19 17:32:40,077 [INFO] CodeEngine:239 - oldGeneratedFile, C:\Users\ACER\STM32CubeIDE\workspace_1.7.0\Lab1\ex4\ex4\Core\Inc\main.h_save
2024-03-19 17:32:40,228 [INFO] CodeEngine:257 - Generated code: C:\Users\ACER\STM32CubeIDE\workspace_1.7.0\Lab1\ex4\ex4\Core\Inc\main.h
2024-03-19 17:32:40,231 [INFO] CodeEngine:239 - oldGeneratedFile, C:\Users\ACER\STM32CubeIDE\workspace_1.7.0\Lab1\ex4\ex4\Core\Src\main.c_save
2024-03-19 17:32:40,421 [INFO] CodeEngine:257 - Generated code: C:\Users\ACER\STM32CubeIDE\workspace_1.7.0\Lab1\ex4\ex4\Core\Src\main.c
2024-03-19 17:32:41,180 [INFO] ProjectBuilder:2578 - Time for Copy HAL[1] : 37mS.
2024-03-19 17:32:41,185 [INFO] ProjectBuilder:3622 - Project Generator version: 3.14.1
2024-03-19 17:32:41,655 [INFO] ConfigFileManager:1271 - The Die is : DIE412
2024-03-19 17:32:41,670 [INFO] ApiDbMcu:468 - Load IP Config File for FATFS
2024-03-19 17:32:41,695 [INFO] ApiDbMcu:468 - Load IP Config File for FREERTOS
2024-03-19 17:32:41,720 [INFO] ApiDbMcu:468 - Load IP Config File for USB_DEVICE
2024-03-19 17:32:44,418 [INFO] ProjectBuilder:3789 - Time for Generating toolchain IDE Files: 3233mS.
2024-03-19 17:32:44,419 [INFO] ProjectBuilder:2457 - Time for Copy CMSIS : 1mS.
2024-03-19 17:32:44,421 [INFO] ProjectBuilder:2457 - Time for Copy CMSIS : 0mS.
2024-03-19 17:32:45,779 [INFO] McuFinderGlobals:52 - Set McuFinderConnectedMode to true
2024-03-19 17:32:45,780 [INFO] ApiDb:276 - Save user favorites file C:\Users\ACER/.stm32cubeide/favorites.mcus.txt: 0 item(s)
2024-03-19 17:32:45,781 [INFO] ApiDb:280 - User favorites MCUs=[]
2024-03-19 17:33:16,711 [INFO] UtilMem:74 - End SaveConfig() Used Memory: 691802512 Bytes (910163968)
2024-03-19 17:33:17,525 [INFO] UtilMem:74 - End SaveConfig() Used Memory: 701681816 Bytes (910163968)
2024-03-19 17:33:21,064 [INFO] UtilMem:74 - End SaveConfig() Used Memory: 695087832 Bytes (910163968)
2024-03-19 17:33:21,386 [INFO] BlockDiagram:2740 - set Specific Code input for plugin: NVIC
2024-03-19 17:33:21,387 [INFO] BlockDiagram:2740 - set Specific Code input for plugin: SYS
2024-03-19 17:33:21,387 [INFO] BlockDiagram:2740 - set Specific Code input for plugin: GPIO
2024-03-19 17:33:21,387 [INFO] BlockDiagram:2740 - set Specific Code input for plugin: RCC
2024-03-19 17:33:21,388 [INFO] CodeGenerator:663 - code generatio: config db path: C:\ST\STM32CubeIDE_1.7.0\STM32CubeIDE\plugins\com.st.stm32cube.common.mx_6.3.0.202107141111\\db\
2024-03-19 17:33:21,736 [INFO] CodeEngine:239 - oldGeneratedFile, C:\Users\ACER\STM32CubeIDE\workspace_1.7.0\Lab1\ex4\ex4\MXTmpFiles\license.tmp_save
2024-03-19 17:33:21,826 [INFO] CodeEngine:257 - Generated code: C:\Users\ACER\STM32CubeIDE\workspace_1.7.0\Lab1\ex4\ex4\MXTmpFiles\license.tmp
2024-03-19 17:33:21,867 [INFO] CodeEngine:239 - oldGeneratedFile, C:\Users\ACER\STM32CubeIDE\workspace_1.7.0\Lab1\ex4\ex4\MXTmpFiles\gpio.tmp_save
2024-03-19 17:33:21,951 [INFO] CodeEngine:257 - Generated code: C:\Users\ACER\STM32CubeIDE\workspace_1.7.0\Lab1\ex4\ex4\MXTmpFiles\gpio.tmp
2024-03-19 17:33:21,995 [INFO] CodeEngine:239 - oldGeneratedFile, C:\Users\ACER\STM32CubeIDE\workspace_1.7.0\Lab1\ex4\ex4\Core\Src\stm32f1xx_it.c_save
2024-03-19 17:33:22,094 [INFO] CodeEngine:257 - Generated code: C:\Users\ACER\STM32CubeIDE\workspace_1.7.0\Lab1\ex4\ex4\Core\Src\stm32f1xx_it.c
2024-03-19 17:33:22,098 [INFO] CodeEngine:239 - oldGeneratedFile, C:\Users\ACER\STM32CubeIDE\workspace_1.7.0\Lab1\ex4\ex4\Core\Inc\stm32f1xx_it.h_save
2024-03-19 17:33:22,156 [INFO] CodeEngine:257 - Generated code: C:\Users\ACER\STM32CubeIDE\workspace_1.7.0\Lab1\ex4\ex4\Core\Inc\stm32f1xx_it.h
2024-03-19 17:33:22,170 [INFO] CodeEngine:239 - oldGeneratedFile, C:\Users\ACER\STM32CubeIDE\workspace_1.7.0\Lab1\ex4\ex4\Core\Src\stm32f1xx_hal_msp.c_save
2024-03-19 17:33:22,241 [INFO] CodeEngine:257 - Generated code: C:\Users\ACER\STM32CubeIDE\workspace_1.7.0\Lab1\ex4\ex4\Core\Src\stm32f1xx_hal_msp.c
2024-03-19 17:33:22,243 [INFO] CodeEngine:239 - oldGeneratedFile, C:\Users\ACER\STM32CubeIDE\workspace_1.7.0\Lab1\ex4\ex4\MXTmpFiles\system.tmp_save
2024-03-19 17:33:22,284 [INFO] CodeEngine:257 - Generated code: C:\Users\ACER\STM32CubeIDE\workspace_1.7.0\Lab1\ex4\ex4\MXTmpFiles\system.tmp
2024-03-19 17:33:22,300 [INFO] CodeEngine:239 - oldGeneratedFile, C:\Users\ACER\STM32CubeIDE\workspace_1.7.0\Lab1\ex4\ex4\Core\Inc\stm32f1xx_hal_conf.h_save
2024-03-19 17:33:22,380 [INFO] CodeEngine:257 - Generated code: C:\Users\ACER\STM32CubeIDE\workspace_1.7.0\Lab1\ex4\ex4\Core\Inc\stm32f1xx_hal_conf.h
2024-03-19 17:33:22,416 [INFO] CodeEngine:239 - oldGeneratedFile, C:\Users\ACER\STM32CubeIDE\workspace_1.7.0\Lab1\ex4\ex4\Core\Inc\main.h_save
2024-03-19 17:33:22,485 [INFO] CodeEngine:257 - Generated code: C:\Users\ACER\STM32CubeIDE\workspace_1.7.0\Lab1\ex4\ex4\Core\Inc\main.h
2024-03-19 17:33:22,495 [INFO] CodeEngine:239 - oldGeneratedFile, C:\Users\ACER\STM32CubeIDE\workspace_1.7.0\Lab1\ex4\ex4\Core\Src\main.c_save
2024-03-19 17:33:22,597 [INFO] CodeEngine:257 - Generated code: C:\Users\ACER\STM32CubeIDE\workspace_1.7.0\Lab1\ex4\ex4\Core\Src\main.c
2024-03-19 17:33:23,334 [INFO] ProjectBuilder:2578 - Time for Copy HAL[1] : 54mS.
2024-03-19 17:33:23,336 [INFO] ProjectBuilder:3622 - Project Generator version: 3.14.1
2024-03-19 17:33:23,809 [INFO] ConfigFileManager:1271 - The Die is : DIE412
2024-03-19 17:33:25,622 [INFO] ProjectBuilder:3789 - Time for Generating toolchain IDE Files: 2286mS.
2024-03-19 17:33:25,624 [INFO] ProjectBuilder:2457 - Time for Copy CMSIS : 1mS.
2024-03-19 17:33:25,637 [INFO] ProjectBuilder:2457 - Time for Copy CMSIS : 0mS.
2024-03-19 17:53:03,826 [INFO] UtilMem:74 - End SaveConfig() Used Memory: 885240144 Bytes (1045430272)
2024-03-19 17:53:04,661 [INFO] UtilMem:74 - End SaveConfig() Used Memory: 909354432 Bytes (1045430272)
2024-03-19 17:53:05,077 [INFO] UtilMem:74 - End SaveConfig() Used Memory: 826048984 Bytes (1045430272)
2024-03-19 17:53:05,281 [INFO] BlockDiagram:2740 - set Specific Code input for plugin: NVIC
2024-03-19 17:53:05,281 [INFO] BlockDiagram:2740 - set Specific Code input for plugin: SYS
2024-03-19 17:53:05,281 [INFO] BlockDiagram:2740 - set Specific Code input for plugin: GPIO
2024-03-19 17:53:05,281 [INFO] BlockDiagram:2740 - set Specific Code input for plugin: RCC
2024-03-19 17:53:05,282 [INFO] CodeGenerator:663 - code generatio: config db path: C:\ST\STM32CubeIDE_1.7.0\STM32CubeIDE\plugins\com.st.stm32cube.common.mx_6.3.0.202107141111\\db\
2024-03-19 17:53:05,513 [INFO] CodeEngine:239 - oldGeneratedFile, C:\Users\ACER\STM32CubeIDE\workspace_1.7.0\Lab1\ex4\ex4\MXTmpFiles\license.tmp_save
2024-03-19 17:53:05,570 [INFO] CodeEngine:257 - Generated code: C:\Users\ACER\STM32CubeIDE\workspace_1.7.0\Lab1\ex4\ex4\MXTmpFiles\license.tmp
2024-03-19 17:53:05,587 [INFO] CodeEngine:239 - oldGeneratedFile, C:\Users\ACER\STM32CubeIDE\workspace_1.7.0\Lab1\ex4\ex4\MXTmpFiles\gpio.tmp_save
2024-03-19 17:53:05,690 [INFO] CodeEngine:257 - Generated code: C:\Users\ACER\STM32CubeIDE\workspace_1.7.0\Lab1\ex4\ex4\MXTmpFiles\gpio.tmp
2024-03-19 17:53:05,719 [INFO] CodeEngine:239 - oldGeneratedFile, C:\Users\ACER\STM32CubeIDE\workspace_1.7.0\Lab1\ex4\ex4\Core\Src\stm32f1xx_it.c_save
2024-03-19 17:53:05,784 [INFO] CodeEngine:257 - Generated code: C:\Users\ACER\STM32CubeIDE\workspace_1.7.0\Lab1\ex4\ex4\Core\Src\stm32f1xx_it.c
2024-03-19 17:53:05,788 [INFO] CodeEngine:239 - oldGeneratedFile, C:\Users\ACER\STM32CubeIDE\workspace_1.7.0\Lab1\ex4\ex4\Core\Inc\stm32f1xx_it.h_save
2024-03-19 17:53:05,857 [INFO] CodeEngine:257 - Generated code: C:\Users\ACER\STM32CubeIDE\workspace_1.7.0\Lab1\ex4\ex4\Core\Inc\stm32f1xx_it.h
2024-03-19 17:53:05,872 [INFO] CodeEngine:239 - oldGeneratedFile, C:\Users\ACER\STM32CubeIDE\workspace_1.7.0\Lab1\ex4\ex4\Core\Src\stm32f1xx_hal_msp.c_save
2024-03-19 17:53:05,951 [INFO] CodeEngine:257 - Generated code: C:\Users\ACER\STM32CubeIDE\workspace_1.7.0\Lab1\ex4\ex4\Core\Src\stm32f1xx_hal_msp.c
2024-03-19 17:53:05,953 [INFO] CodeEngine:239 - oldGeneratedFile, C:\Users\ACER\STM32CubeIDE\workspace_1.7.0\Lab1\ex4\ex4\MXTmpFiles\system.tmp_save
2024-03-19 17:53:05,997 [INFO] CodeEngine:257 - Generated code: C:\Users\ACER\STM32CubeIDE\workspace_1.7.0\Lab1\ex4\ex4\MXTmpFiles\system.tmp
2024-03-19 17:53:06,008 [INFO] CodeEngine:239 - oldGeneratedFile, C:\Users\ACER\STM32CubeIDE\workspace_1.7.0\Lab1\ex4\ex4\Core\Inc\stm32f1xx_hal_conf.h_save
2024-03-19 17:53:06,084 [INFO] CodeEngine:257 - Generated code: C:\Users\ACER\STM32CubeIDE\workspace_1.7.0\Lab1\ex4\ex4\Core\Inc\stm32f1xx_hal_conf.h
2024-03-19 17:53:06,113 [INFO] CodeEngine:239 - oldGeneratedFile, C:\Users\ACER\STM32CubeIDE\workspace_1.7.0\Lab1\ex4\ex4\Core\Inc\main.h_save
2024-03-19 17:53:06,193 [INFO] CodeEngine:257 - Generated code: C:\Users\ACER\STM32CubeIDE\workspace_1.7.0\Lab1\ex4\ex4\Core\Inc\main.h
2024-03-19 17:53:06,205 [INFO] CodeEngine:239 - oldGeneratedFile, C:\Users\ACER\STM32CubeIDE\workspace_1.7.0\Lab1\ex4\ex4\Core\Src\main.c_save
2024-03-19 17:53:06,336 [INFO] CodeEngine:257 - Generated code: C:\Users\ACER\STM32CubeIDE\workspace_1.7.0\Lab1\ex4\ex4\Core\Src\main.c
2024-03-19 17:53:07,032 [INFO] ProjectBuilder:2578 - Time for Copy HAL[1] : 53mS.
2024-03-19 17:53:07,035 [INFO] ProjectBuilder:3622 - Project Generator version: 3.14.1
2024-03-19 17:53:07,450 [INFO] ConfigFileManager:1271 - The Die is : DIE412
2024-03-19 17:53:09,240 [INFO] ProjectBuilder:3789 - Time for Generating toolchain IDE Files: 2205mS.
2024-03-19 17:53:09,241 [INFO] ProjectBuilder:2457 - Time for Copy CMSIS : 0mS.
2024-03-19 17:53:09,242 [INFO] ProjectBuilder:2457 - Time for Copy CMSIS : 0mS.
2024-03-19 21:04:07,610 [INFO] UtilMem:74 - End SaveConfig() Used Memory: 946544520 Bytes (1073741824)
2024-03-19 21:04:08,321 [INFO] UtilMem:74 - End SaveConfig() Used Memory: 742892664 Bytes (1073741824)
2024-03-19 21:04:08,738 [INFO] UtilMem:74 - End SaveConfig() Used Memory: 814967976 Bytes (1073741824)
2024-03-19 21:04:08,983 [INFO] BlockDiagram:2740 - set Specific Code input for plugin: NVIC
2024-03-19 21:04:08,983 [INFO] BlockDiagram:2740 - set Specific Code input for plugin: SYS
2024-03-19 21:04:08,983 [INFO] BlockDiagram:2740 - set Specific Code input for plugin: GPIO
2024-03-19 21:04:08,983 [INFO] BlockDiagram:2740 - set Specific Code input for plugin: RCC
2024-03-19 21:04:08,984 [INFO] CodeGenerator:663 - code generatio: config db path: C:\ST\STM32CubeIDE_1.7.0\STM32CubeIDE\plugins\com.st.stm32cube.common.mx_6.3.0.202107141111\\db\
2024-03-19 21:04:09,226 [INFO] CodeEngine:239 - oldGeneratedFile, C:\Users\ACER\STM32CubeIDE\workspace_1.7.0\Lab1\ex4\ex4\MXTmpFiles\license.tmp_save
2024-03-19 21:04:09,283 [INFO] CodeEngine:257 - Generated code: C:\Users\ACER\STM32CubeIDE\workspace_1.7.0\Lab1\ex4\ex4\MXTmpFiles\license.tmp
2024-03-19 21:04:09,357 [INFO] CodeEngine:239 - oldGeneratedFile, C:\Users\ACER\STM32CubeIDE\workspace_1.7.0\Lab1\ex4\ex4\MXTmpFiles\gpio.tmp_save
2024-03-19 21:04:09,426 [INFO] CodeEngine:257 - Generated code: C:\Users\ACER\STM32CubeIDE\workspace_1.7.0\Lab1\ex4\ex4\MXTmpFiles\gpio.tmp
2024-03-19 21:04:09,458 [INFO] CodeEngine:239 - oldGeneratedFile, C:\Users\ACER\STM32CubeIDE\workspace_1.7.0\Lab1\ex4\ex4\Core\Src\stm32f1xx_it.c_save
2024-03-19 21:04:09,540 [INFO] CodeEngine:257 - Generated code: C:\Users\ACER\STM32CubeIDE\workspace_1.7.0\Lab1\ex4\ex4\Core\Src\stm32f1xx_it.c
2024-03-19 21:04:09,550 [INFO] CodeEngine:239 - oldGeneratedFile, C:\Users\ACER\STM32CubeIDE\workspace_1.7.0\Lab1\ex4\ex4\Core\Inc\stm32f1xx_it.h_save
2024-03-19 21:04:09,613 [INFO] CodeEngine:257 - Generated code: C:\Users\ACER\STM32CubeIDE\workspace_1.7.0\Lab1\ex4\ex4\Core\Inc\stm32f1xx_it.h
2024-03-19 21:04:09,630 [INFO] CodeEngine:239 - oldGeneratedFile, C:\Users\ACER\STM32CubeIDE\workspace_1.7.0\Lab1\ex4\ex4\Core\Src\stm32f1xx_hal_msp.c_save
2024-03-19 21:04:09,736 [INFO] CodeEngine:257 - Generated code: C:\Users\ACER\STM32CubeIDE\workspace_1.7.0\Lab1\ex4\ex4\Core\Src\stm32f1xx_hal_msp.c
2024-03-19 21:04:09,739 [INFO] CodeEngine:239 - oldGeneratedFile, C:\Users\ACER\STM32CubeIDE\workspace_1.7.0\Lab1\ex4\ex4\MXTmpFiles\system.tmp_save
2024-03-19 21:04:09,796 [INFO] CodeEngine:257 - Generated code: C:\Users\ACER\STM32CubeIDE\workspace_1.7.0\Lab1\ex4\ex4\MXTmpFiles\system.tmp
2024-03-19 21:04:09,809 [INFO] CodeEngine:239 - oldGeneratedFile, C:\Users\ACER\STM32CubeIDE\workspace_1.7.0\Lab1\ex4\ex4\Core\Inc\stm32f1xx_hal_conf.h_save
2024-03-19 21:04:09,879 [INFO] CodeEngine:257 - Generated code: C:\Users\ACER\STM32CubeIDE\workspace_1.7.0\Lab1\ex4\ex4\Core\Inc\stm32f1xx_hal_conf.h
2024-03-19 21:04:09,904 [INFO] CodeEngine:239 - oldGeneratedFile, C:\Users\ACER\STM32CubeIDE\workspace_1.7.0\Lab1\ex4\ex4\Core\Inc\main.h_save
2024-03-19 21:04:09,973 [INFO] CodeEngine:257 - Generated code: C:\Users\ACER\STM32CubeIDE\workspace_1.7.0\Lab1\ex4\ex4\Core\Inc\main.h
2024-03-19 21:04:09,985 [INFO] CodeEngine:239 - oldGeneratedFile, C:\Users\ACER\STM32CubeIDE\workspace_1.7.0\Lab1\ex4\ex4\Core\Src\main.c_save
2024-03-19 21:04:10,112 [INFO] CodeEngine:257 - Generated code: C:\Users\ACER\STM32CubeIDE\workspace_1.7.0\Lab1\ex4\ex4\Core\Src\main.c
2024-03-19 21:04:10,823 [INFO] ProjectBuilder:2578 - Time for Copy HAL[1] : 58mS.
2024-03-19 21:04:10,826 [INFO] ProjectBuilder:3622 - Project Generator version: 3.14.1
2024-03-19 21:04:11,242 [INFO] ConfigFileManager:1271 - The Die is : DIE412
2024-03-19 21:04:13,308 [INFO] ProjectBuilder:3789 - Time for Generating toolchain IDE Files: 2482mS.
2024-03-19 21:04:13,309 [INFO] ProjectBuilder:2457 - Time for Copy CMSIS : 1mS.
2024-03-19 21:04:13,312 [INFO] ProjectBuilder:2457 - Time for Copy CMSIS : 1mS.
2024-03-19 21:14:40,117 [INFO] UtilMem:74 - End SaveConfig() Used Memory: 930329696 Bytes (1073741824)
2024-03-19 21:14:41,012 [INFO] UtilMem:74 - End SaveConfig() Used Memory: 955495496 Bytes (1073741824)
2024-03-19 21:14:43,079 [INFO] UtilMem:74 - End SaveConfig() Used Memory: 850168720 Bytes (1073741824)
2024-03-19 21:14:43,329 [INFO] BlockDiagram:2740 - set Specific Code input for plugin: NVIC
2024-03-19 21:14:43,329 [INFO] BlockDiagram:2740 - set Specific Code input for plugin: SYS
2024-03-19 21:14:43,329 [INFO] BlockDiagram:2740 - set Specific Code input for plugin: GPIO
2024-03-19 21:14:43,329 [INFO] BlockDiagram:2740 - set Specific Code input for plugin: RCC
2024-03-19 21:14:43,329 [INFO] CodeGenerator:663 - code generatio: config db path: C:\ST\STM32CubeIDE_1.7.0\STM32CubeIDE\plugins\com.st.stm32cube.common.mx_6.3.0.202107141111\\db\
2024-03-19 21:14:43,649 [INFO] CodeEngine:239 - oldGeneratedFile, C:\Users\ACER\STM32CubeIDE\workspace_1.7.0\Lab1\ex4\ex4\MXTmpFiles\license.tmp_save
2024-03-19 21:14:43,762 [INFO] CodeEngine:257 - Generated code: C:\Users\ACER\STM32CubeIDE\workspace_1.7.0\Lab1\ex4\ex4\MXTmpFiles\license.tmp
2024-03-19 21:14:43,782 [INFO] CodeEngine:239 - oldGeneratedFile, C:\Users\ACER\STM32CubeIDE\workspace_1.7.0\Lab1\ex4\ex4\MXTmpFiles\gpio.tmp_save
2024-03-19 21:14:43,903 [INFO] CodeEngine:257 - Generated code: C:\Users\ACER\STM32CubeIDE\workspace_1.7.0\Lab1\ex4\ex4\MXTmpFiles\gpio.tmp
2024-03-19 21:14:43,928 [INFO] CodeEngine:239 - oldGeneratedFile, C:\Users\ACER\STM32CubeIDE\workspace_1.7.0\Lab1\ex4\ex4\Core\Src\stm32f1xx_it.c_save
2024-03-19 21:14:43,994 [INFO] CodeEngine:257 - Generated code: C:\Users\ACER\STM32CubeIDE\workspace_1.7.0\Lab1\ex4\ex4\Core\Src\stm32f1xx_it.c
2024-03-19 21:14:43,998 [INFO] CodeEngine:239 - oldGeneratedFile, C:\Users\ACER\STM32CubeIDE\workspace_1.7.0\Lab1\ex4\ex4\Core\Inc\stm32f1xx_it.h_save
2024-03-19 21:14:44,049 [INFO] CodeEngine:257 - Generated code: C:\Users\ACER\STM32CubeIDE\workspace_1.7.0\Lab1\ex4\ex4\Core\Inc\stm32f1xx_it.h
2024-03-19 21:14:44,066 [INFO] CodeEngine:239 - oldGeneratedFile, C:\Users\ACER\STM32CubeIDE\workspace_1.7.0\Lab1\ex4\ex4\Core\Src\stm32f1xx_hal_msp.c_save
2024-03-19 21:14:44,128 [INFO] CodeEngine:257 - Generated code: C:\Users\ACER\STM32CubeIDE\workspace_1.7.0\Lab1\ex4\ex4\Core\Src\stm32f1xx_hal_msp.c
2024-03-19 21:14:44,138 [INFO] CodeEngine:239 - oldGeneratedFile, C:\Users\ACER\STM32CubeIDE\workspace_1.7.0\Lab1\ex4\ex4\MXTmpFiles\system.tmp_save
2024-03-19 21:14:44,188 [INFO] CodeEngine:257 - Generated code: C:\Users\ACER\STM32CubeIDE\workspace_1.7.0\Lab1\ex4\ex4\MXTmpFiles\system.tmp
2024-03-19 21:14:44,204 [INFO] CodeEngine:239 - oldGeneratedFile, C:\Users\ACER\STM32CubeIDE\workspace_1.7.0\Lab1\ex4\ex4\Core\Inc\stm32f1xx_hal_conf.h_save
2024-03-19 21:14:44,269 [INFO] CodeEngine:257 - Generated code: C:\Users\ACER\STM32CubeIDE\workspace_1.7.0\Lab1\ex4\ex4\Core\Inc\stm32f1xx_hal_conf.h
2024-03-19 21:14:44,303 [INFO] CodeEngine:239 - oldGeneratedFile, C:\Users\ACER\STM32CubeIDE\workspace_1.7.0\Lab1\ex4\ex4\Core\Inc\main.h_save
2024-03-19 21:14:44,369 [INFO] CodeEngine:257 - Generated code: C:\Users\ACER\STM32CubeIDE\workspace_1.7.0\Lab1\ex4\ex4\Core\Inc\main.h
2024-03-19 21:14:44,384 [INFO] CodeEngine:239 - oldGeneratedFile, C:\Users\ACER\STM32CubeIDE\workspace_1.7.0\Lab1\ex4\ex4\Core\Src\main.c_save
2024-03-19 21:14:44,488 [INFO] CodeEngine:257 - Generated code: C:\Users\ACER\STM32CubeIDE\workspace_1.7.0\Lab1\ex4\ex4\Core\Src\main.c
2024-03-19 21:14:45,189 [INFO] ProjectBuilder:2578 - Time for Copy HAL[1] : 50mS.
2024-03-19 21:14:45,189 [INFO] ProjectBuilder:3622 - Project Generator version: 3.14.1
2024-03-19 21:14:45,648 [INFO] ConfigFileManager:1271 - The Die is : DIE412
2024-03-19 21:14:47,704 [INFO] ProjectBuilder:3789 - Time for Generating toolchain IDE Files: 2515mS.
2024-03-19 21:14:47,704 [INFO] ProjectBuilder:2457 - Time for Copy CMSIS : 0mS.
2024-03-19 21:14:47,709 [INFO] ProjectBuilder:2457 - Time for Copy CMSIS : 0mS.
